{"/Users/shanebdavis/dev/caffeine-suite/packages/caffeine-source-map/source/index.js": {"path":"/Users/shanebdavis/dev/caffeine-suite/packages/caffeine-source-map/source/index.js","statementMap":{"0":{"start":{"line":2,"column":10},"end":{"line":2,"column":44}},"1":{"start":{"line":3,"column":0},"end":{"line":5,"column":3}},"2":{"start":{"line":4,"column":2},"end":{"line":4,"column":41}}},"fnMap":{"0":{"name":"(anonymous_0)","decl":{"start":{"line":3,"column":19},"end":{"line":3,"column":20}},"loc":{"start":{"line":3,"column":25},"end":{"line":5,"column":1}},"line":3}},"branchMap":{},"s":{"0":4,"1":4,"2":4},"f":{"0":4},"b":{},"_coverageSchema":"1a1c01bbd47fc00a2c39e90264f33305004495a9","hash":"76b304aaf9989aba25870a95ee9a226bcc9e5f7b"}
,"/Users/shanebdavis/dev/caffeine-suite/packages/caffeine-source-map/source/Caffeine.SourceMap/Base64.js": {"path":"/Users/shanebdavis/dev/caffeine-suite/packages/caffeine-source-map/source/Caffeine.SourceMap/Base64.js","statementMap":{"0":{"start":{"line":2,"column":10},"end":{"line":2,"column":44}},"1":{"start":{"line":3,"column":0},"end":{"line":90,"column":3}},"2":{"start":{"line":4,"column":2},"end":{"line":89,"column":7}},"3":{"start":{"line":17,"column":4},"end":{"line":88,"column":6}},"4":{"start":{"line":25,"column":71},"end":{"line":25,"column":72}},"5":{"start":{"line":27,"column":8},"end":{"line":27,"column":36}},"6":{"start":{"line":30,"column":8},"end":{"line":30,"column":58}},"7":{"start":{"line":33,"column":8},"end":{"line":33,"column":57}},"8":{"start":{"line":37,"column":8},"end":{"line":52,"column":21}},"9":{"start":{"line":42,"column":14},"end":{"line":50,"column":15}},"10":{"start":{"line":44,"column":16},"end":{"line":44,"column":42}},"11":{"start":{"line":45,"column":16},"end":{"line":49,"column":18}},"12":{"start":{"line":56,"column":8},"end":{"line":56,"column":35}},"13":{"start":{"line":57,"column":8},"end":{"line":57,"column":19}},"14":{"start":{"line":58,"column":8},"end":{"line":58,"column":24}},"15":{"start":{"line":59,"column":8},"end":{"line":74,"column":22}},"16":{"start":{"line":62,"column":14},"end":{"line":67,"column":15}},"17":{"start":{"line":65,"column":16},"end":{"line":65,"column":62}},"18":{"start":{"line":66,"column":16},"end":{"line":66,"column":44}},"19":{"start":{"line":81,"column":8},"end":{"line":81,"column":17}},"20":{"start":{"line":82,"column":8},"end":{"line":82,"column":22}},"21":{"start":{"line":83,"column":8},"end":{"line":85,"column":9}},"22":{"start":{"line":84,"column":10},"end":{"line":84,"column":33}},"23":{"start":{"line":86,"column":8},"end":{"line":86,"column":19}}},"fnMap":{"0":{"name":"(anonymous_0)","decl":{"start":{"line":3,"column":19},"end":{"line":3,"column":20}},"loc":{"start":{"line":3,"column":25},"end":{"line":90,"column":1}},"line":3},"1":{"name":"(anonymous_1)","decl":{"start":{"line":4,"column":10},"end":{"line":4,"column":11}},"loc":{"start":{"line":4,"column":16},"end":{"line":89,"column":3}},"line":4},"2":{"name":"(anonymous_2)","decl":{"start":{"line":25,"column":61},"end":{"line":25,"column":62}},"loc":{"start":{"line":25,"column":71},"end":{"line":25,"column":72}},"line":25},"3":{"name":"(anonymous_3)","decl":{"start":{"line":26,"column":38},"end":{"line":26,"column":39}},"loc":{"start":{"line":26,"column":55},"end":{"line":28,"column":7}},"line":26},"4":{"name":"(anonymous_4)","decl":{"start":{"line":29,"column":34},"end":{"line":29,"column":35}},"loc":{"start":{"line":29,"column":50},"end":{"line":31,"column":7}},"line":29},"5":{"name":"(anonymous_5)","decl":{"start":{"line":32,"column":38},"end":{"line":32,"column":39}},"loc":{"start":{"line":32,"column":54},"end":{"line":34,"column":7}},"line":32},"6":{"name":"(anonymous_6)","decl":{"start":{"line":35,"column":30},"end":{"line":35,"column":31}},"loc":{"start":{"line":35,"column":46},"end":{"line":53,"column":7}},"line":35},"7":{"name":"(anonymous_7)","decl":{"start":{"line":41,"column":13},"end":{"line":41,"column":14}},"loc":{"start":{"line":41,"column":19},"end":{"line":51,"column":13}},"line":41},"8":{"name":"(anonymous_8)","decl":{"start":{"line":54,"column":26},"end":{"line":54,"column":27}},"loc":{"start":{"line":54,"column":72},"end":{"line":75,"column":7}},"line":54},"9":{"name":"(anonymous_9)","decl":{"start":{"line":61,"column":13},"end":{"line":61,"column":14}},"loc":{"start":{"line":61,"column":19},"end":{"line":68,"column":13}},"line":61},"10":{"name":"(anonymous_10)","decl":{"start":{"line":76,"column":42},"end":{"line":76,"column":43}},"loc":{"start":{"line":79,"column":8},"end":{"line":87,"column":7}},"line":79}},"branchMap":{"0":{"loc":{"start":{"line":30,"column":15},"end":{"line":30,"column":57}},"type":"cond-expr","locations":[{"start":{"line":30,"column":27},"end":{"line":30,"column":44}},{"start":{"line":30,"column":47},"end":{"line":30,"column":57}}],"line":30},"1":{"loc":{"start":{"line":33,"column":15},"end":{"line":33,"column":56}},"type":"cond-expr","locations":[{"start":{"line":33,"column":27},"end":{"line":33,"column":43}},{"start":{"line":33,"column":46},"end":{"line":33,"column":56}}],"line":33},"2":{"loc":{"start":{"line":37,"column":15},"end":{"line":52,"column":20}},"type":"cond-expr","locations":[{"start":{"line":38,"column":12},"end":{"line":38,"column":15}},{"start":{"line":39,"column":13},"end":{"line":52,"column":19}}],"line":37},"3":{"loc":{"start":{"line":46,"column":18},"end":{"line":48,"column":27}},"type":"cond-expr","locations":[{"start":{"line":47,"column":22},"end":{"line":47,"column":48}},{"start":{"line":48,"column":22},"end":{"line":48,"column":27}}],"line":46},"4":{"loc":{"start":{"line":54,"column":43},"end":{"line":54,"column":70}},"type":"default-arg","locations":[{"start":{"line":54,"column":58},"end":{"line":54,"column":70}}],"line":54},"5":{"loc":{"start":{"line":59,"column":15},"end":{"line":74,"column":21}},"type":"cond-expr","locations":[{"start":{"line":60,"column":13},"end":{"line":73,"column":24}},{"start":{"line":74,"column":12},"end":{"line":74,"column":21}}],"line":59},"6":{"loc":{"start":{"line":78,"column":8},"end":{"line":78,"column":35}},"type":"default-arg","locations":[{"start":{"line":78,"column":23},"end":{"line":78,"column":35}}],"line":78}},"s":{"0":4,"1":4,"2":4,"3":4,"4":256,"5":43,"6":38,"7":45,"8":43,"9":29,"10":43,"11":43,"12":45,"13":45,"14":45,"15":45,"16":39,"17":13,"18":13,"19":6,"20":6,"21":6,"22":29,"23":6},"f":{"0":4,"1":4,"2":256,"3":43,"4":38,"5":45,"6":43,"7":29,"8":45,"9":39,"10":6},"b":{"0":[10,28],"1":[8,37],"2":[14,29],"3":[14,29],"4":[9],"5":[39,6],"6":[2]},"_coverageSchema":"1a1c01bbd47fc00a2c39e90264f33305004495a9","hash":"827059f695796af45585ca5b73b4498509e2e7b9"}
,"/Users/shanebdavis/dev/caffeine-suite/packages/caffeine-source-map/source/Caffeine.SourceMap/SourceMap.js": {"path":"/Users/shanebdavis/dev/caffeine-suite/packages/caffeine-source-map/source/Caffeine.SourceMap/SourceMap.js","statementMap":{"0":{"start":{"line":2,"column":10},"end":{"line":2,"column":44}},"1":{"start":{"line":3,"column":0},"end":{"line":15,"column":3}},"2":{"start":{"line":4,"column":2},"end":{"line":14,"column":4}},"3":{"start":{"line":8,"column":6},"end":{"line":12,"column":8}}},"fnMap":{"0":{"name":"(anonymous_0)","decl":{"start":{"line":3,"column":19},"end":{"line":3,"column":20}},"loc":{"start":{"line":3,"column":25},"end":{"line":15,"column":1}},"line":3},"1":{"name":"(anonymous_1)","decl":{"start":{"line":7,"column":4},"end":{"line":7,"column":5}},"loc":{"start":{"line":7,"column":13},"end":{"line":13,"column":5}},"line":7}},"branchMap":{},"s":{"0":4,"1":4,"2":4,"3":4},"f":{"0":4,"1":4},"b":{},"_coverageSchema":"1a1c01bbd47fc00a2c39e90264f33305004495a9","hash":"c48e4d44722fbd4847cfd83ee16d71a4b89b2451"}
,"/Users/shanebdavis/dev/caffeine-suite/packages/caffeine-source-map/source/Caffeine.SourceMap/SourceMapConsumer.js": {"path":"/Users/shanebdavis/dev/caffeine-suite/packages/caffeine-source-map/source/Caffeine.SourceMap/SourceMapConsumer.js","statementMap":{"0":{"start":{"line":2,"column":10},"end":{"line":2,"column":44}},"1":{"start":{"line":3,"column":0},"end":{"line":127,"column":3}},"2":{"start":{"line":4,"column":2},"end":{"line":126,"column":4}},"3":{"start":{"line":15,"column":6},"end":{"line":124,"column":9}},"4":{"start":{"line":18,"column":12},"end":{"line":18,"column":32}},"5":{"start":{"line":19,"column":12},"end":{"line":21,"column":13}},"6":{"start":{"line":20,"column":14},"end":{"line":20,"column":48}},"7":{"start":{"line":22,"column":12},"end":{"line":22,"column":39}},"8":{"start":{"line":26,"column":10},"end":{"line":53,"column":13}},"9":{"start":{"line":28,"column":14},"end":{"line":28,"column":45}},"10":{"start":{"line":31,"column":14},"end":{"line":31,"column":44}},"11":{"start":{"line":34,"column":14},"end":{"line":34,"column":42}},"12":{"start":{"line":37,"column":14},"end":{"line":40,"column":16}},"13":{"start":{"line":44,"column":14},"end":{"line":44,"column":23}},"14":{"start":{"line":45,"column":14},"end":{"line":45,"column":28}},"15":{"start":{"line":46,"column":14},"end":{"line":50,"column":15}},"16":{"start":{"line":47,"column":16},"end":{"line":49,"column":17}},"17":{"start":{"line":48,"column":18},"end":{"line":48,"column":43}},"18":{"start":{"line":51,"column":14},"end":{"line":51,"column":25}},"19":{"start":{"line":54,"column":10},"end":{"line":122,"column":12}},"20":{"start":{"line":65,"column":12},"end":{"line":77,"column":22}},"21":{"start":{"line":78,"column":12},"end":{"line":78,"column":34}},"22":{"start":{"line":79,"column":12},"end":{"line":121,"column":26}},"23":{"start":{"line":81,"column":18},"end":{"line":118,"column":19}},"24":{"start":{"line":83,"column":22},"end":{"line":83,"column":37}},"25":{"start":{"line":84,"column":22},"end":{"line":84,"column":49}},"26":{"start":{"line":85,"column":22},"end":{"line":85,"column":52}},"27":{"start":{"line":87,"column":22},"end":{"line":87,"column":44}},"28":{"start":{"line":89,"column":22},"end":{"line":95,"column":60}},"29":{"start":{"line":96,"column":22},"end":{"line":102,"column":23}},"30":{"start":{"line":97,"column":24},"end":{"line":101,"column":26}},"31":{"start":{"line":103,"column":22},"end":{"line":103,"column":46}},"32":{"start":{"line":104,"column":22},"end":{"line":104,"column":61}},"33":{"start":{"line":105,"column":22},"end":{"line":105,"column":80}},"34":{"start":{"line":106,"column":22},"end":{"line":108,"column":23}},"35":{"start":{"line":107,"column":24},"end":{"line":107,"column":61}},"36":{"start":{"line":109,"column":22},"end":{"line":111,"column":23}},"37":{"start":{"line":110,"column":24},"end":{"line":110,"column":73}},"38":{"start":{"line":112,"column":22},"end":{"line":114,"column":23}},"39":{"start":{"line":113,"column":24},"end":{"line":113,"column":76}},"40":{"start":{"line":115,"column":22},"end":{"line":117,"column":36}}},"fnMap":{"0":{"name":"(anonymous_0)","decl":{"start":{"line":3,"column":19},"end":{"line":3,"column":20}},"loc":{"start":{"line":3,"column":25},"end":{"line":127,"column":1}},"line":3},"1":{"name":"(anonymous_1)","decl":{"start":{"line":13,"column":4},"end":{"line":13,"column":5}},"loc":{"start":{"line":13,"column":57},"end":{"line":125,"column":5}},"line":13},"2":{"name":"(anonymous_2)","decl":{"start":{"line":17,"column":10},"end":{"line":17,"column":11}},"loc":{"start":{"line":17,"column":33},"end":{"line":23,"column":11}},"line":17},"3":{"name":"(anonymous_3)","decl":{"start":{"line":25,"column":8},"end":{"line":25,"column":9}},"loc":{"start":{"line":25,"column":63},"end":{"line":123,"column":9}},"line":25},"4":{"name":"(anonymous_4)","decl":{"start":{"line":27,"column":22},"end":{"line":27,"column":23}},"loc":{"start":{"line":27,"column":33},"end":{"line":29,"column":13}},"line":27},"5":{"name":"(anonymous_5)","decl":{"start":{"line":30,"column":21},"end":{"line":30,"column":22}},"loc":{"start":{"line":30,"column":32},"end":{"line":32,"column":13}},"line":30},"6":{"name":"(anonymous_6)","decl":{"start":{"line":33,"column":19},"end":{"line":33,"column":20}},"loc":{"start":{"line":33,"column":30},"end":{"line":35,"column":13}},"line":33},"7":{"name":"(anonymous_7)","decl":{"start":{"line":36,"column":30},"end":{"line":36,"column":31}},"loc":{"start":{"line":36,"column":41},"end":{"line":41,"column":13}},"line":36},"8":{"name":"(anonymous_8)","decl":{"start":{"line":42,"column":29},"end":{"line":42,"column":30}},"loc":{"start":{"line":42,"column":40},"end":{"line":52,"column":13}},"line":42},"9":{"name":"(anonymous_9)","decl":{"start":{"line":54,"column":39},"end":{"line":54,"column":40}},"loc":{"start":{"line":57,"column":12},"end":{"line":122,"column":11}},"line":57},"10":{"name":"(anonymous_10)","decl":{"start":{"line":80,"column":18},"end":{"line":80,"column":19}},"loc":{"start":{"line":80,"column":24},"end":{"line":119,"column":17}},"line":80}},"branchMap":{"0":{"loc":{"start":{"line":19,"column":12},"end":{"line":21,"column":13}},"type":"if","locations":[{"start":{"line":19,"column":12},"end":{"line":21,"column":13}},{"start":{"line":19,"column":12},"end":{"line":21,"column":13}}],"line":19},"1":{"loc":{"start":{"line":47,"column":16},"end":{"line":49,"column":17}},"type":"if","locations":[{"start":{"line":47,"column":16},"end":{"line":49,"column":17}},{"start":{"line":47,"column":16},"end":{"line":49,"column":17}}],"line":47},"2":{"loc":{"start":{"line":55,"column":12},"end":{"line":55,"column":36}},"type":"default-arg","locations":[{"start":{"line":55,"column":23},"end":{"line":55,"column":36}}],"line":55},"3":{"loc":{"start":{"line":66,"column":14},"end":{"line":77,"column":20}},"type":"cond-expr","locations":[{"start":{"line":67,"column":18},"end":{"line":67,"column":24}},{"start":{"line":68,"column":19},"end":{"line":77,"column":19}}],"line":66},"4":{"loc":{"start":{"line":79,"column":19},"end":{"line":121,"column":25}},"type":"cond-expr","locations":[{"start":{"line":80,"column":17},"end":{"line":120,"column":22}},{"start":{"line":121,"column":16},"end":{"line":121,"column":25}}],"line":79},"5":{"loc":{"start":{"line":81,"column":18},"end":{"line":118,"column":19}},"type":"switch","locations":[{"start":{"line":82,"column":20},"end":{"line":85,"column":52}},{"start":{"line":86,"column":20},"end":{"line":87,"column":44}},{"start":{"line":88,"column":20},"end":{"line":117,"column":36}}],"line":81},"6":{"loc":{"start":{"line":96,"column":22},"end":{"line":102,"column":23}},"type":"if","locations":[{"start":{"line":96,"column":22},"end":{"line":102,"column":23}},{"start":{"line":96,"column":22},"end":{"line":102,"column":23}}],"line":96},"7":{"loc":{"start":{"line":106,"column":22},"end":{"line":108,"column":23}},"type":"if","locations":[{"start":{"line":106,"column":22},"end":{"line":108,"column":23}},{"start":{"line":106,"column":22},"end":{"line":108,"column":23}}],"line":106},"8":{"loc":{"start":{"line":109,"column":22},"end":{"line":111,"column":23}},"type":"if","locations":[{"start":{"line":109,"column":22},"end":{"line":111,"column":23}},{"start":{"line":109,"column":22},"end":{"line":111,"column":23}}],"line":109},"9":{"loc":{"start":{"line":112,"column":22},"end":{"line":114,"column":23}},"type":"if","locations":[{"start":{"line":112,"column":22},"end":{"line":114,"column":23}},{"start":{"line":112,"column":22},"end":{"line":114,"column":23}}],"line":112},"10":{"loc":{"start":{"line":115,"column":29},"end":{"line":117,"column":35}},"type":"cond-expr","locations":[{"start":{"line":116,"column":27},"end":{"line":116,"column":82}},{"start":{"line":117,"column":26},"end":{"line":117,"column":35}}],"line":115}},"s":{"0":4,"1":4,"2":4,"3":4,"4":2,"5":2,"6":1,"7":2,"8":4,"9":8,"10":0,"11":0,"12":0,"13":2,"14":2,"15":2,"16":6,"17":4,"18":2,"19":4,"20":8,"21":8,"22":8,"23":6,"24":0,"25":0,"26":0,"27":2,"28":4,"29":4,"30":0,"31":4,"32":4,"33":4,"34":4,"35":4,"36":4,"37":4,"38":4,"39":4,"40":4},"f":{"0":4,"1":4,"2":2,"3":4,"4":8,"5":0,"6":0,"7":0,"8":2,"9":8,"10":6},"b":{"0":[1,1],"1":[4,2],"2":[0],"3":[6,2],"4":[6,2],"5":[0,2,4],"6":[0,4],"7":[4,0],"8":[4,0],"9":[4,0],"10":[0,4]},"_coverageSchema":"1a1c01bbd47fc00a2c39e90264f33305004495a9","hash":"edc6eb647c5d286a3a711a2b096255b12881965e"}
,"/Users/shanebdavis/dev/caffeine-suite/packages/caffeine-source-map/source/Caffeine.SourceMap/SourceMapGenerator.js": {"path":"/Users/shanebdavis/dev/caffeine-suite/packages/caffeine-source-map/source/Caffeine.SourceMap/SourceMapGenerator.js","statementMap":{"0":{"start":{"line":2,"column":10},"end":{"line":2,"column":44}},"1":{"start":{"line":3,"column":0},"end":{"line":163,"column":3}},"2":{"start":{"line":4,"column":2},"end":{"line":162,"column":4}},"3":{"start":{"line":23,"column":6},"end":{"line":160,"column":9}},"4":{"start":{"line":26,"column":12},"end":{"line":26,"column":32}},"5":{"start":{"line":27,"column":12},"end":{"line":27,"column":33}},"6":{"start":{"line":28,"column":12},"end":{"line":28,"column":49}},"7":{"start":{"line":29,"column":12},"end":{"line":29,"column":55}},"8":{"start":{"line":30,"column":12},"end":{"line":30,"column":49}},"9":{"start":{"line":31,"column":12},"end":{"line":31,"column":26}},"10":{"start":{"line":32,"column":12},"end":{"line":32,"column":32}},"11":{"start":{"line":33,"column":12},"end":{"line":33,"column":118}},"12":{"start":{"line":34,"column":12},"end":{"line":34,"column":38}},"13":{"start":{"line":35,"column":12},"end":{"line":35,"column":39}},"14":{"start":{"line":36,"column":12},"end":{"line":36,"column":77}},"15":{"start":{"line":41,"column":10},"end":{"line":41,"column":79}},"16":{"start":{"line":42,"column":10},"end":{"line":87,"column":12}},"17":{"start":{"line":51,"column":16},"end":{"line":57,"column":18}},"18":{"start":{"line":60,"column":16},"end":{"line":60,"column":57}},"19":{"start":{"line":63,"column":16},"end":{"line":69,"column":37}},"20":{"start":{"line":73,"column":16},"end":{"line":81,"column":19}},"21":{"start":{"line":84,"column":16},"end":{"line":84,"column":41}},"22":{"start":{"line":88,"column":10},"end":{"line":92,"column":12}},"23":{"start":{"line":89,"column":12},"end":{"line":89,"column":34}},"24":{"start":{"line":90,"column":12},"end":{"line":90,"column":42}},"25":{"start":{"line":91,"column":12},"end":{"line":91,"column":47}},"26":{"start":{"line":93,"column":10},"end":{"line":93,"column":31}},"27":{"start":{"line":94,"column":10},"end":{"line":117,"column":12}},"28":{"start":{"line":96,"column":12},"end":{"line":116,"column":26}},"29":{"start":{"line":118,"column":10},"end":{"line":137,"column":12}},"30":{"start":{"line":120,"column":12},"end":{"line":120,"column":23}},"31":{"start":{"line":121,"column":12},"end":{"line":121,"column":30}},"32":{"start":{"line":122,"column":12},"end":{"line":122,"column":34}},"33":{"start":{"line":123,"column":12},"end":{"line":132,"column":13}},"34":{"start":{"line":130,"column":14},"end":{"line":130,"column":31}},"35":{"start":{"line":131,"column":14},"end":{"line":131,"column":29}},"36":{"start":{"line":133,"column":12},"end":{"line":136,"column":70}},"37":{"start":{"line":138,"column":10},"end":{"line":158,"column":12}},"38":{"start":{"line":140,"column":12},"end":{"line":156,"column":13}},"39":{"start":{"line":142,"column":16},"end":{"line":142,"column":35}},"40":{"start":{"line":143,"column":16},"end":{"line":143,"column":37}},"41":{"start":{"line":144,"column":16},"end":{"line":144,"column":22}},"42":{"start":{"line":146,"column":16},"end":{"line":146,"column":53}},"43":{"start":{"line":147,"column":16},"end":{"line":147,"column":45}},"44":{"start":{"line":148,"column":16},"end":{"line":148,"column":35}},"45":{"start":{"line":149,"column":16},"end":{"line":149,"column":22}},"46":{"start":{"line":151,"column":16},"end":{"line":155,"column":18}},"47":{"start":{"line":153,"column":27},"end":{"line":153,"column":42}},"48":{"start":{"line":154,"column":27},"end":{"line":154,"column":40}},"49":{"start":{"line":157,"column":12},"end":{"line":157,"column":24}}},"fnMap":{"0":{"name":"(anonymous_0)","decl":{"start":{"line":3,"column":19},"end":{"line":3,"column":20}},"loc":{"start":{"line":3,"column":25},"end":{"line":163,"column":1}},"line":3},"1":{"name":"(anonymous_1)","decl":{"start":{"line":21,"column":4},"end":{"line":21,"column":5}},"loc":{"start":{"line":21,"column":79},"end":{"line":161,"column":5}},"line":21},"2":{"name":"(anonymous_2)","decl":{"start":{"line":25,"column":10},"end":{"line":25,"column":11}},"loc":{"start":{"line":25,"column":39},"end":{"line":37,"column":11}},"line":25},"3":{"name":"(anonymous_3)","decl":{"start":{"line":39,"column":8},"end":{"line":39,"column":9}},"loc":{"start":{"line":39,"column":64},"end":{"line":159,"column":9}},"line":39},"4":{"name":"(anonymous_4)","decl":{"start":{"line":50,"column":22},"end":{"line":50,"column":23}},"loc":{"start":{"line":50,"column":33},"end":{"line":58,"column":15}},"line":50},"5":{"name":"(anonymous_5)","decl":{"start":{"line":59,"column":25},"end":{"line":59,"column":26}},"loc":{"start":{"line":59,"column":36},"end":{"line":61,"column":15}},"line":59},"6":{"name":"(anonymous_6)","decl":{"start":{"line":62,"column":26},"end":{"line":62,"column":27}},"loc":{"start":{"line":62,"column":37},"end":{"line":70,"column":15}},"line":62},"7":{"name":"(anonymous_7)","decl":{"start":{"line":71,"column":28},"end":{"line":71,"column":29}},"loc":{"start":{"line":71,"column":39},"end":{"line":82,"column":15}},"line":71},"8":{"name":"(anonymous_8)","decl":{"start":{"line":83,"column":32},"end":{"line":83,"column":33}},"loc":{"start":{"line":83,"column":43},"end":{"line":85,"column":15}},"line":83},"9":{"name":"(anonymous_9)","decl":{"start":{"line":88,"column":35},"end":{"line":88,"column":36}},"loc":{"start":{"line":88,"column":46},"end":{"line":92,"column":11}},"line":88},"10":{"name":"(anonymous_10)","decl":{"start":{"line":94,"column":38},"end":{"line":94,"column":39}},"loc":{"start":{"line":94,"column":60},"end":{"line":117,"column":11}},"line":94},"11":{"name":"(anonymous_11)","decl":{"start":{"line":118,"column":35},"end":{"line":118,"column":36}},"loc":{"start":{"line":118,"column":61},"end":{"line":137,"column":11}},"line":118},"12":{"name":"(anonymous_12)","decl":{"start":{"line":138,"column":31},"end":{"line":138,"column":32}},"loc":{"start":{"line":138,"column":48},"end":{"line":158,"column":11}},"line":138},"13":{"name":"(anonymous_13)","decl":{"start":{"line":153,"column":18},"end":{"line":153,"column":19}},"loc":{"start":{"line":153,"column":27},"end":{"line":153,"column":42}},"line":153},"14":{"name":"(anonymous_14)","decl":{"start":{"line":154,"column":18},"end":{"line":154,"column":19}},"loc":{"start":{"line":154,"column":27},"end":{"line":154,"column":40}},"line":154}},"branchMap":{"0":{"loc":{"start":{"line":63,"column":23},"end":{"line":69,"column":36}},"type":"cond-expr","locations":[{"start":{"line":64,"column":20},"end":{"line":68,"column":23}},{"start":{"line":69,"column":20},"end":{"line":69,"column":36}}],"line":63},"1":{"loc":{"start":{"line":75,"column":24},"end":{"line":75,"column":71}},"type":"cond-expr","locations":[{"start":{"line":75,"column":62},"end":{"line":75,"column":66}},{"start":{"line":75,"column":69},"end":{"line":75,"column":71}}],"line":75},"2":{"loc":{"start":{"line":76,"column":30},"end":{"line":76,"column":51}},"type":"binary-expr","locations":[{"start":{"line":76,"column":30},"end":{"line":76,"column":45}},{"start":{"line":76,"column":49},"end":{"line":76,"column":51}}],"line":76},"3":{"loc":{"start":{"line":77,"column":27},"end":{"line":77,"column":63}},"type":"binary-expr","locations":[{"start":{"line":77,"column":27},"end":{"line":77,"column":42}},{"start":{"line":77,"column":46},"end":{"line":77,"column":63}}],"line":77},"4":{"loc":{"start":{"line":96,"column":19},"end":{"line":116,"column":25}},"type":"cond-expr","locations":[{"start":{"line":97,"column":17},"end":{"line":115,"column":39}},{"start":{"line":116,"column":16},"end":{"line":116,"column":25}}],"line":96},"5":{"loc":{"start":{"line":96,"column":19},"end":{"line":96,"column":79}},"type":"binary-expr","locations":[{"start":{"line":96,"column":19},"end":{"line":96,"column":38}},{"start":{"line":96,"column":42},"end":{"line":96,"column":79}}],"line":96},"6":{"loc":{"start":{"line":112,"column":16},"end":{"line":114,"column":43}},"type":"cond-expr","locations":[{"start":{"line":113,"column":21},"end":{"line":113,"column":47}},{"start":{"line":114,"column":21},"end":{"line":114,"column":42}}],"line":112},"7":{"loc":{"start":{"line":133,"column":19},"end":{"line":136,"column":69}},"type":"cond-expr","locations":[{"start":{"line":134,"column":17},"end":{"line":135,"column":57}},{"start":{"line":136,"column":17},"end":{"line":136,"column":68}}],"line":133},"8":{"loc":{"start":{"line":140,"column":12},"end":{"line":156,"column":13}},"type":"switch","locations":[{"start":{"line":141,"column":14},"end":{"line":144,"column":22}},{"start":{"line":145,"column":14},"end":{"line":149,"column":22}},{"start":{"line":150,"column":14},"end":{"line":155,"column":18}}],"line":140},"9":{"loc":{"start":{"line":145,"column":21},"end":{"line":145,"column":58}},"type":"binary-expr","locations":[{"start":{"line":145,"column":21},"end":{"line":145,"column":39}},{"start":{"line":145,"column":43},"end":{"line":145,"column":58}}],"line":145}},"s":{"0":4,"1":4,"2":4,"3":4,"4":12,"5":12,"6":12,"7":12,"8":12,"9":12,"10":12,"11":12,"12":12,"13":12,"14":12,"15":4,"16":4,"17":9,"18":1,"19":15,"20":5,"21":0,"22":4,"23":7,"24":7,"25":7,"26":4,"27":4,"28":11,"29":4,"30":15,"31":15,"32":15,"33":15,"34":6,"35":6,"36":15,"37":4,"38":20,"39":10,"40":10,"41":10,"42":10,"43":10,"44":10,"45":10,"46":0,"47":0,"48":0,"49":20},"f":{"0":4,"1":4,"2":12,"3":4,"4":9,"5":1,"6":15,"7":5,"8":0,"9":7,"10":11,"11":15,"12":20,"13":0,"14":0},"b":{"0":[0,15],"1":[1,4],"2":[5,5],"3":[5,5],"4":[7,4],"5":[11,7],"6":[4,3],"7":[4,11],"8":[10,10,0],"9":[10,10]},"_coverageSchema":"1a1c01bbd47fc00a2c39e90264f33305004495a9","hash":"63dcf282adde5cfe960ff94b667b099e3dd2927d"}
,"/Users/shanebdavis/dev/caffeine-suite/packages/caffeine-source-map/source/Caffeine.SourceMap/SourceNode.js": {"path":"/Users/shanebdavis/dev/caffeine-suite/packages/caffeine-source-map/source/Caffeine.SourceMap/SourceNode.js","statementMap":{"0":{"start":{"line":2,"column":10},"end":{"line":2,"column":44}},"1":{"start":{"line":3,"column":0},"end":{"line":118,"column":3}},"2":{"start":{"line":4,"column":2},"end":{"line":117,"column":4}},"3":{"start":{"line":33,"column":6},"end":{"line":115,"column":9}},"4":{"start":{"line":36,"column":12},"end":{"line":36,"column":32}},"5":{"start":{"line":37,"column":12},"end":{"line":37,"column":43}},"6":{"start":{"line":38,"column":12},"end":{"line":38,"column":37}},"7":{"start":{"line":39,"column":12},"end":{"line":39,"column":31}},"8":{"start":{"line":40,"column":12},"end":{"line":40,"column":43}},"9":{"start":{"line":44,"column":10},"end":{"line":44,"column":60}},"10":{"start":{"line":45,"column":10},"end":{"line":53,"column":13}},"11":{"start":{"line":47,"column":14},"end":{"line":51,"column":16}},"12":{"start":{"line":54,"column":10},"end":{"line":74,"column":13}},"13":{"start":{"line":57,"column":14},"end":{"line":59,"column":76}},"14":{"start":{"line":63,"column":14},"end":{"line":65,"column":15}},"15":{"start":{"line":64,"column":16},"end":{"line":64,"column":41}},"16":{"start":{"line":66,"column":14},"end":{"line":71,"column":17}},"17":{"start":{"line":68,"column":16},"end":{"line":70,"column":30}},"18":{"start":{"line":72,"column":14},"end":{"line":72,"column":25}},"19":{"start":{"line":75,"column":10},"end":{"line":78,"column":12}},"20":{"start":{"line":76,"column":12},"end":{"line":76,"column":33}},"21":{"start":{"line":77,"column":12},"end":{"line":77,"column":24}},"22":{"start":{"line":79,"column":10},"end":{"line":105,"column":12}},"23":{"start":{"line":81,"column":12},"end":{"line":81,"column":62}},"24":{"start":{"line":82,"column":12},"end":{"line":85,"column":25}},"25":{"start":{"line":86,"column":12},"end":{"line":104,"column":20}},"26":{"start":{"line":106,"column":10},"end":{"line":113,"column":12}},"27":{"start":{"line":107,"column":12},"end":{"line":111,"column":14}},"28":{"start":{"line":108,"column":14},"end":{"line":110,"column":40}},"29":{"start":{"line":112,"column":12},"end":{"line":112,"column":29}}},"fnMap":{"0":{"name":"(anonymous_0)","decl":{"start":{"line":3,"column":19},"end":{"line":3,"column":20}},"loc":{"start":{"line":3,"column":25},"end":{"line":118,"column":1}},"line":3},"1":{"name":"(anonymous_1)","decl":{"start":{"line":22,"column":4},"end":{"line":22,"column":5}},"loc":{"start":{"line":31,"column":9},"end":{"line":116,"column":5}},"line":31},"2":{"name":"(anonymous_2)","decl":{"start":{"line":35,"column":10},"end":{"line":35,"column":11}},"loc":{"start":{"line":35,"column":45},"end":{"line":41,"column":11}},"line":35},"3":{"name":"(anonymous_3)","decl":{"start":{"line":43,"column":8},"end":{"line":43,"column":9}},"loc":{"start":{"line":43,"column":56},"end":{"line":114,"column":9}},"line":43},"4":{"name":"(anonymous_4)","decl":{"start":{"line":46,"column":30},"end":{"line":46,"column":31}},"loc":{"start":{"line":46,"column":41},"end":{"line":52,"column":13}},"line":46},"5":{"name":"(anonymous_5)","decl":{"start":{"line":55,"column":31},"end":{"line":55,"column":32}},"loc":{"start":{"line":55,"column":42},"end":{"line":60,"column":13}},"line":55},"6":{"name":"(anonymous_6)","decl":{"start":{"line":61,"column":25},"end":{"line":61,"column":26}},"loc":{"start":{"line":61,"column":36},"end":{"line":73,"column":13}},"line":61},"7":{"name":"(anonymous_7)","decl":{"start":{"line":66,"column":48},"end":{"line":66,"column":49}},"loc":{"start":{"line":66,"column":57},"end":{"line":71,"column":15}},"line":66},"8":{"name":"(anonymous_8)","decl":{"start":{"line":75,"column":37},"end":{"line":75,"column":38}},"loc":{"start":{"line":75,"column":54},"end":{"line":78,"column":11}},"line":75},"9":{"name":"(anonymous_9)","decl":{"start":{"line":79,"column":36},"end":{"line":79,"column":37}},"loc":{"start":{"line":79,"column":62},"end":{"line":105,"column":11}},"line":79},"10":{"name":"(anonymous_10)","decl":{"start":{"line":106,"column":36},"end":{"line":106,"column":37}},"loc":{"start":{"line":106,"column":66},"end":{"line":113,"column":11}},"line":106},"11":{"name":"(anonymous_11)","decl":{"start":{"line":107,"column":46},"end":{"line":107,"column":47}},"loc":{"start":{"line":108,"column":14},"end":{"line":110,"column":40}},"line":108}},"branchMap":{"0":{"loc":{"start":{"line":57,"column":21},"end":{"line":59,"column":75}},"type":"cond-expr","locations":[{"start":{"line":58,"column":18},"end":{"line":58,"column":22}},{"start":{"line":59,"column":19},"end":{"line":59,"column":74}}],"line":57},"1":{"loc":{"start":{"line":63,"column":14},"end":{"line":65,"column":15}},"type":"if","locations":[{"start":{"line":63,"column":14},"end":{"line":65,"column":15}},{"start":{"line":63,"column":14},"end":{"line":65,"column":15}}],"line":63},"2":{"loc":{"start":{"line":68,"column":23},"end":{"line":70,"column":29}},"type":"cond-expr","locations":[{"start":{"line":69,"column":21},"end":{"line":69,"column":74}},{"start":{"line":70,"column":20},"end":{"line":70,"column":29}}],"line":68},"3":{"loc":{"start":{"line":69,"column":27},"end":{"line":69,"column":74}},"type":"cond-expr","locations":[{"start":{"line":69,"column":33},"end":{"line":69,"column":60}},{"start":{"line":69,"column":63},"end":{"line":69,"column":74}}],"line":69},"4":{"loc":{"start":{"line":86,"column":19},"end":{"line":104,"column":19}},"type":"cond-expr","locations":[{"start":{"line":87,"column":16},"end":{"line":103,"column":17}},{"start":{"line":104,"column":16},"end":{"line":104,"column":19}}],"line":86},"5":{"loc":{"start":{"line":94,"column":20},"end":{"line":101,"column":33}},"type":"cond-expr","locations":[{"start":{"line":95,"column":25},"end":{"line":100,"column":67}},{"start":{"line":101,"column":24},"end":{"line":101,"column":33}}],"line":94},"6":{"loc":{"start":{"line":95,"column":25},"end":{"line":99,"column":37}},"type":"cond-expr","locations":[{"start":{"line":96,"column":29},"end":{"line":98,"column":78}},{"start":{"line":99,"column":28},"end":{"line":99,"column":37}}],"line":95},"7":{"loc":{"start":{"line":106,"column":45},"end":{"line":106,"column":64}},"type":"default-arg","locations":[{"start":{"line":106,"column":54},"end":{"line":106,"column":64}}],"line":106},"8":{"loc":{"start":{"line":108,"column":14},"end":{"line":110,"column":40}},"type":"cond-expr","locations":[{"start":{"line":109,"column":19},"end":{"line":109,"column":37}},{"start":{"line":110,"column":18},"end":{"line":110,"column":40}}],"line":108}},"s":{"0":4,"1":4,"2":4,"3":4,"4":19,"5":19,"6":19,"7":19,"8":19,"9":4,"10":4,"11":0,"12":4,"13":9,"14":3,"15":3,"16":3,"17":1,"18":3,"19":4,"20":3,"21":3,"22":4,"23":0,"24":0,"25":0,"26":4,"27":6,"28":9,"29":6},"f":{"0":4,"1":4,"2":19,"3":4,"4":0,"5":9,"6":3,"7":1,"8":3,"9":0,"10":6,"11":9},"b":{"0":[0,9],"1":[3,0],"2":[1,0],"3":[1,0],"4":[0,0],"5":[0,0],"6":[0,0],"7":[5],"8":[8,1]},"_coverageSchema":"1a1c01bbd47fc00a2c39e90264f33305004495a9","hash":"a7b14aaa0185ae2047bd40991a124cc3bd271507"}
,"/Users/shanebdavis/dev/caffeine-suite/packages/caffeine-source-map/source/Caffeine.SourceMap/StandardImport.js": {"path":"/Users/shanebdavis/dev/caffeine-suite/packages/caffeine-source-map/source/Caffeine.SourceMap/StandardImport.js","statementMap":{"0":{"start":{"line":2,"column":10},"end":{"line":2,"column":44}},"1":{"start":{"line":3,"column":0},"end":{"line":8,"column":3}},"2":{"start":{"line":4,"column":2},"end":{"line":7,"column":4}}},"fnMap":{"0":{"name":"(anonymous_0)","decl":{"start":{"line":3,"column":19},"end":{"line":3,"column":20}},"loc":{"start":{"line":3,"column":25},"end":{"line":8,"column":1}},"line":3}},"branchMap":{},"s":{"0":4,"1":4,"2":4},"f":{"0":4},"b":{},"_coverageSchema":"1a1c01bbd47fc00a2c39e90264f33305004495a9","hash":"38a8d22aaddcf6558c50d89eb496449a1c01719e"}
,"/Users/shanebdavis/dev/caffeine-suite/packages/caffeine-source-map/source/Caffeine.SourceMap/index.js": {"path":"/Users/shanebdavis/dev/caffeine-suite/packages/caffeine-source-map/source/Caffeine.SourceMap/index.js","statementMap":{"0":{"start":{"line":4,"column":0},"end":{"line":12,"column":3}}},"fnMap":{},"branchMap":{},"s":{"0":4},"f":{},"b":{},"_coverageSchema":"1a1c01bbd47fc00a2c39e90264f33305004495a9","hash":"0ec4a4c7234e4f01fa769af5fc88731f4469ff10"}
,"/Users/shanebdavis/dev/caffeine-suite/packages/caffeine-source-map/source/Caffeine.SourceMap/namespace.js": {"path":"/Users/shanebdavis/dev/caffeine-suite/packages/caffeine-source-map/source/Caffeine.SourceMap/namespace.js","statementMap":{"0":{"start":{"line":4,"column":0},"end":{"line":8,"column":2}}},"fnMap":{},"branchMap":{},"s":{"0":4},"f":{},"b":{},"_coverageSchema":"1a1c01bbd47fc00a2c39e90264f33305004495a9","hash":"d8e08d3c91eca736c2a84d090f20d77d0e68bfff"}
}
