TN:
SF:source/index.js
FN:3,(anonymous_0)
FNF:1
FNH:1
FNDA:4,(anonymous_0)
DA:2,4
DA:3,4
DA:4,4
LF:3
LH:3
BRF:0
BRH:0
end_of_record
TN:
SF:source/Caffeine.SourceMap/Base64.js
FN:3,(anonymous_0)
FN:4,(anonymous_1)
FN:25,(anonymous_2)
FN:26,(anonymous_3)
FN:29,(anonymous_4)
FN:32,(anonymous_5)
FN:35,(anonymous_6)
FN:41,(anonymous_7)
FN:54,(anonymous_8)
FN:61,(anonymous_9)
FN:76,(anonymous_10)
FNF:11
FNH:11
FNDA:4,(anonymous_0)
FNDA:4,(anonymous_1)
FNDA:256,(anonymous_2)
FNDA:43,(anonymous_3)
FNDA:38,(anonymous_4)
FNDA:45,(anonymous_5)
FNDA:43,(anonymous_6)
FNDA:29,(anonymous_7)
FNDA:45,(anonymous_8)
FNDA:39,(anonymous_9)
FNDA:6,(anonymous_10)
DA:2,4
DA:3,4
DA:4,4
DA:17,4
DA:25,256
DA:27,43
DA:30,38
DA:33,45
DA:37,43
DA:42,29
DA:44,43
DA:45,43
DA:56,45
DA:57,45
DA:58,45
DA:59,45
DA:62,39
DA:65,13
DA:66,13
DA:81,6
DA:82,6
DA:83,6
DA:84,29
DA:86,6
LF:24
LH:24
BRDA:30,0,0,10
BRDA:30,0,1,28
BRDA:33,1,0,8
BRDA:33,1,1,37
BRDA:37,2,0,14
BRDA:37,2,1,29
BRDA:46,3,0,14
BRDA:46,3,1,29
BRDA:54,4,0,9
BRDA:59,5,0,39
BRDA:59,5,1,6
BRDA:78,6,0,2
BRF:12
BRH:12
end_of_record
TN:
SF:source/Caffeine.SourceMap/SourceMap.js
FN:3,(anonymous_0)
FN:7,(anonymous_1)
FNF:2
FNH:2
FNDA:4,(anonymous_0)
FNDA:4,(anonymous_1)
DA:2,4
DA:3,4
DA:4,4
DA:8,4
LF:4
LH:4
BRF:0
BRH:0
end_of_record
TN:
SF:source/Caffeine.SourceMap/SourceMapConsumer.js
FN:3,(anonymous_0)
FN:13,(anonymous_1)
FN:17,(anonymous_2)
FN:25,(anonymous_3)
FN:27,(anonymous_4)
FN:30,(anonymous_5)
FN:33,(anonymous_6)
FN:36,(anonymous_7)
FN:42,(anonymous_8)
FN:54,(anonymous_9)
FN:80,(anonymous_10)
FNF:11
FNH:8
FNDA:4,(anonymous_0)
FNDA:4,(anonymous_1)
FNDA:2,(anonymous_2)
FNDA:4,(anonymous_3)
FNDA:8,(anonymous_4)
FNDA:0,(anonymous_5)
FNDA:0,(anonymous_6)
FNDA:0,(anonymous_7)
FNDA:2,(anonymous_8)
FNDA:8,(anonymous_9)
FNDA:6,(anonymous_10)
DA:2,4
DA:3,4
DA:4,4
DA:15,4
DA:18,2
DA:19,2
DA:20,1
DA:22,2
DA:26,4
DA:28,8
DA:31,0
DA:34,0
DA:37,0
DA:44,2
DA:45,2
DA:46,2
DA:47,6
DA:48,4
DA:51,2
DA:54,4
DA:65,8
DA:78,8
DA:79,8
DA:81,6
DA:83,0
DA:84,0
DA:85,0
DA:87,2
DA:89,4
DA:96,4
DA:97,0
DA:103,4
DA:104,4
DA:105,4
DA:106,4
DA:107,4
DA:109,4
DA:110,4
DA:112,4
DA:113,4
DA:115,4
LF:41
LH:34
BRDA:19,0,0,1
BRDA:19,0,1,1
BRDA:47,1,0,4
BRDA:47,1,1,2
BRDA:55,2,0,0
BRDA:66,3,0,6
BRDA:66,3,1,2
BRDA:79,4,0,6
BRDA:79,4,1,2
BRDA:81,5,0,0
BRDA:81,5,1,2
BRDA:81,5,2,4
BRDA:96,6,0,0
BRDA:96,6,1,4
BRDA:106,7,0,4
BRDA:106,7,1,0
BRDA:109,8,0,4
BRDA:109,8,1,0
BRDA:112,9,0,4
BRDA:112,9,1,0
BRDA:115,10,0,0
BRDA:115,10,1,4
BRF:22
BRH:15
end_of_record
TN:
SF:source/Caffeine.SourceMap/SourceMapGenerator.js
FN:3,(anonymous_0)
FN:21,(anonymous_1)
FN:25,(anonymous_2)
FN:39,(anonymous_3)
FN:50,(anonymous_4)
FN:59,(anonymous_5)
FN:62,(anonymous_6)
FN:71,(anonymous_7)
FN:83,(anonymous_8)
FN:88,(anonymous_9)
FN:94,(anonymous_10)
FN:118,(anonymous_11)
FN:138,(anonymous_12)
FN:153,(anonymous_13)
FN:154,(anonymous_14)
FNF:15
FNH:12
FNDA:4,(anonymous_0)
FNDA:4,(anonymous_1)
FNDA:12,(anonymous_2)
FNDA:4,(anonymous_3)
FNDA:9,(anonymous_4)
FNDA:1,(anonymous_5)
FNDA:15,(anonymous_6)
FNDA:5,(anonymous_7)
FNDA:0,(anonymous_8)
FNDA:7,(anonymous_9)
FNDA:11,(anonymous_10)
FNDA:15,(anonymous_11)
FNDA:20,(anonymous_12)
FNDA:0,(anonymous_13)
FNDA:0,(anonymous_14)
DA:2,4
DA:3,4
DA:4,4
DA:23,4
DA:26,12
DA:27,12
DA:28,12
DA:29,12
DA:30,12
DA:31,12
DA:32,12
DA:33,12
DA:34,12
DA:35,12
DA:36,12
DA:41,4
DA:42,4
DA:51,9
DA:60,1
DA:63,15
DA:73,5
DA:84,0
DA:88,4
DA:89,7
DA:90,7
DA:91,7
DA:93,4
DA:94,4
DA:96,11
DA:118,4
DA:120,15
DA:121,15
DA:122,15
DA:123,15
DA:130,6
DA:131,6
DA:133,15
DA:138,4
DA:140,20
DA:142,10
DA:143,10
DA:144,10
DA:146,10
DA:147,10
DA:148,10
DA:149,10
DA:151,0
DA:153,0
DA:154,0
DA:157,20
LF:50
LH:46
BRDA:63,0,0,0
BRDA:63,0,1,15
BRDA:75,1,0,1
BRDA:75,1,1,4
BRDA:76,2,0,5
BRDA:76,2,1,5
BRDA:77,3,0,5
BRDA:77,3,1,5
BRDA:96,4,0,7
BRDA:96,4,1,4
BRDA:96,5,0,11
BRDA:96,5,1,7
BRDA:112,6,0,4
BRDA:112,6,1,3
BRDA:133,7,0,4
BRDA:133,7,1,11
BRDA:140,8,0,10
BRDA:140,8,1,10
BRDA:140,8,2,0
BRDA:145,9,0,10
BRDA:145,9,1,10
BRF:21
BRH:19
end_of_record
TN:
SF:source/Caffeine.SourceMap/SourceNode.js
FN:3,(anonymous_0)
FN:22,(anonymous_1)
FN:35,(anonymous_2)
FN:43,(anonymous_3)
FN:46,(anonymous_4)
FN:55,(anonymous_5)
FN:61,(anonymous_6)
FN:66,(anonymous_7)
FN:75,(anonymous_8)
FN:79,(anonymous_9)
FN:106,(anonymous_10)
FN:107,(anonymous_11)
FNF:12
FNH:10
FNDA:4,(anonymous_0)
FNDA:4,(anonymous_1)
FNDA:19,(anonymous_2)
FNDA:4,(anonymous_3)
FNDA:0,(anonymous_4)
FNDA:9,(anonymous_5)
FNDA:3,(anonymous_6)
FNDA:1,(anonymous_7)
FNDA:3,(anonymous_8)
FNDA:0,(anonymous_9)
FNDA:6,(anonymous_10)
FNDA:9,(anonymous_11)
DA:2,4
DA:3,4
DA:4,4
DA:33,4
DA:36,19
DA:37,19
DA:38,19
DA:39,19
DA:40,19
DA:44,4
DA:45,4
DA:47,0
DA:54,4
DA:57,9
DA:63,3
DA:64,3
DA:66,3
DA:68,1
DA:72,3
DA:75,4
DA:76,3
DA:77,3
DA:79,4
DA:81,0
DA:82,0
DA:86,0
DA:106,4
DA:107,6
DA:108,9
DA:112,6
LF:30
LH:26
BRDA:57,0,0,0
BRDA:57,0,1,9
BRDA:63,1,0,3
BRDA:63,1,1,0
BRDA:68,2,0,1
BRDA:68,2,1,0
BRDA:69,3,0,1
BRDA:69,3,1,0
BRDA:86,4,0,0
BRDA:86,4,1,0
BRDA:94,5,0,0
BRDA:94,5,1,0
BRDA:95,6,0,0
BRDA:95,6,1,0
BRDA:106,7,0,5
BRDA:108,8,0,8
BRDA:108,8,1,1
BRF:17
BRH:7
end_of_record
TN:
SF:source/Caffeine.SourceMap/StandardImport.js
FN:3,(anonymous_0)
FNF:1
FNH:1
FNDA:4,(anonymous_0)
DA:2,4
DA:3,4
DA:4,4
LF:3
LH:3
BRF:0
BRH:0
end_of_record
TN:
SF:source/Caffeine.SourceMap/index.js
FNF:0
FNH:0
DA:4,4
LF:1
LH:1
BRF:0
BRH:0
end_of_record
TN:
SF:source/Caffeine.SourceMap/namespace.js
FNF:0
FNH:0
DA:4,4
LF:1
LH:1
BRF:0
BRH:0
end_of_record
