<?xml version="1.0" encoding="UTF-8"?>
<coverage generated="1597536672008" clover="3.2.0">
  <project timestamp="1597536672008" name="All files">
    <metrics statements="907" coveredstatements="498" conditionals="480" coveredconditionals="212" methods="217" coveredmethods="133" elements="1604" coveredelements="843" complexity="0" loc="907" ncloc="907" packages="4" files="29" classes="29"/>
    <package name="source">
      <metrics statements="97" coveredstatements="3" conditionals="48" coveredconditionals="0" methods="17" coveredmethods="1"/>
      <file name="caf-command.js" path="/Users/shanebdavis/dev/caffeine-suite/packages/caffeine-mc/source/caf-command.js">
        <metrics statements="73" coveredstatements="0" conditionals="44" coveredconditionals="0" methods="14" coveredmethods="0"/>
        <line num="2" count="0" type="stmt"/>
        <line num="4" count="0" type="stmt"/>
        <line num="6" count="0" type="stmt"/>
        <line num="8" count="0" type="stmt"/>
        <line num="10" count="0" type="stmt"/>
        <line num="12" count="0" type="stmt"/>
        <line num="14" count="0" type="stmt"/>
        <line num="16" count="0" type="stmt"/>
        <line num="18" count="0" type="stmt"/>
        <line num="20" count="0" type="stmt"/>
        <line num="22" count="0" type="stmt"/>
        <line num="23" count="0" type="stmt"/>
        <line num="26" count="0" type="stmt"/>
        <line num="27" count="0" type="stmt"/>
        <line num="30" count="0" type="stmt"/>
        <line num="32" count="0" type="stmt"/>
        <line num="34" count="0" type="stmt"/>
        <line num="41" count="0" type="stmt"/>
        <line num="42" count="0" type="stmt"/>
        <line num="50" count="0" type="stmt"/>
        <line num="51" count="0" type="cond" truecount="0" falsecount="2"/>
        <line num="52" count="0" type="stmt"/>
        <line num="54" count="0" type="stmt"/>
        <line num="56" count="0" type="cond" truecount="0" falsecount="2"/>
        <line num="57" count="0" type="cond" truecount="0" falsecount="2"/>
        <line num="58" count="0" type="stmt"/>
        <line num="60" count="0" type="stmt"/>
        <line num="63" count="0" type="stmt"/>
        <line num="64" count="0" type="stmt"/>
        <line num="68" count="0" type="stmt"/>
        <line num="69" count="0" type="stmt"/>
        <line num="71" count="0" type="stmt"/>
        <line num="72" count="0" type="stmt"/>
        <line num="74" count="0" type="stmt"/>
        <line num="75" count="0" type="cond" truecount="0" falsecount="2"/>
        <line num="76" count="0" type="stmt"/>
        <line num="78" count="0" type="stmt"/>
        <line num="79" count="0" type="stmt"/>
        <line num="80" count="0" type="cond" truecount="0" falsecount="2"/>
        <line num="82" count="0" type="stmt"/>
        <line num="86" count="0" type="stmt"/>
        <line num="90" count="0" type="cond" truecount="0" falsecount="2"/>
        <line num="91" count="0" type="stmt"/>
        <line num="94" count="0" type="cond" truecount="0" falsecount="2"/>
        <line num="95" count="0" type="stmt"/>
        <line num="96" count="0" type="cond" truecount="0" falsecount="2"/>
        <line num="97" count="0" type="cond" truecount="0" falsecount="2"/>
        <line num="103" count="0" type="cond" truecount="0" falsecount="2"/>
        <line num="104" count="0" type="stmt"/>
        <line num="106" count="0" type="cond" truecount="0" falsecount="5"/>
        <line num="107" count="0" type="stmt"/>
        <line num="112" count="0" type="stmt"/>
        <line num="113" count="0" type="stmt"/>
        <line num="114" count="0" type="stmt"/>
        <line num="115" count="0" type="cond" truecount="0" falsecount="2"/>
        <line num="116" count="0" type="stmt"/>
        <line num="118" count="0" type="stmt"/>
        <line num="122" count="0" type="stmt"/>
        <line num="123" count="0" type="cond" truecount="0" falsecount="2"/>
        <line num="124" count="0" type="stmt"/>
        <line num="131" count="0" type="stmt"/>
        <line num="137" count="0" type="stmt"/>
        <line num="139" count="0" type="stmt"/>
        <line num="141" count="0" type="cond" truecount="0" falsecount="2"/>
        <line num="142" count="0" type="cond" truecount="0" falsecount="2"/>
        <line num="143" count="0" type="stmt"/>
        <line num="144" count="0" type="stmt"/>
        <line num="150" count="0" type="cond" truecount="0" falsecount="2"/>
        <line num="151" count="0" type="cond" truecount="0" falsecount="2"/>
        <line num="152" count="0" type="stmt"/>
        <line num="153" count="0" type="stmt"/>
        <line num="159" count="0" type="stmt"/>
        <line num="163" count="0" type="stmt"/>
      </file>
      <file name="index.js" path="/Users/shanebdavis/dev/caffeine-suite/packages/caffeine-mc/source/index.js">
        <metrics statements="3" coveredstatements="3" conditionals="0" coveredconditionals="0" methods="1" coveredmethods="1"/>
        <line num="2" count="5" type="stmt"/>
        <line num="3" count="5" type="stmt"/>
        <line num="4" count="5" type="stmt"/>
      </file>
      <file name="webpack-loader.js" path="/Users/shanebdavis/dev/caffeine-suite/packages/caffeine-mc/source/webpack-loader.js">
        <metrics statements="21" coveredstatements="0" conditionals="4" coveredconditionals="0" methods="2" coveredmethods="0"/>
        <line num="2" count="0" type="stmt"/>
        <line num="5" count="0" type="stmt"/>
        <line num="7" count="0" type="stmt"/>
        <line num="9" count="0" type="stmt"/>
        <line num="11" count="0" type="stmt"/>
        <line num="26" count="0" type="stmt"/>
        <line num="28" count="0" type="stmt"/>
        <line num="30" count="0" type="cond" truecount="0" falsecount="2"/>
        <line num="31" count="0" type="stmt"/>
        <line num="33" count="0" type="stmt"/>
        <line num="34" count="0" type="stmt"/>
        <line num="35" count="0" type="stmt"/>
        <line num="43" count="0" type="stmt"/>
        <line num="45" count="0" type="stmt"/>
        <line num="46" count="0" type="cond" truecount="0" falsecount="2"/>
        <line num="47" count="0" type="stmt"/>
        <line num="48" count="0" type="stmt"/>
        <line num="49" count="0" type="stmt"/>
        <line num="51" count="0" type="stmt"/>
        <line num="55" count="0" type="stmt"/>
        <line num="59" count="0" type="stmt"/>
      </file>
    </package>
    <package name="source.CaffeineMc">
      <metrics statements="775" coveredstatements="463" conditionals="430" coveredconditionals="210" methods="185" coveredmethods="118"/>
      <file name="CafRepl.js" path="/Users/shanebdavis/dev/caffeine-suite/packages/caffeine-mc/source/CaffeineMc/CafRepl.js">
        <metrics statements="215" coveredstatements="28" conditionals="101" coveredconditionals="1" methods="33" coveredmethods="2"/>
        <line num="2" count="7" type="stmt"/>
        <line num="5" count="7" type="stmt"/>
        <line num="7" count="7" type="stmt"/>
        <line num="9" count="7" type="stmt"/>
        <line num="11" count="7" type="stmt"/>
        <line num="13" count="7" type="stmt"/>
        <line num="15" count="7" type="stmt"/>
        <line num="17" count="7" type="stmt"/>
        <line num="19" count="7" type="cond" truecount="1" falsecount="1"/>
        <line num="20" count="7" type="stmt"/>
        <line num="23" count="7" type="stmt"/>
        <line num="25" count="7" type="stmt"/>
        <line num="27" count="7" type="stmt"/>
        <line num="29" count="7" type="stmt"/>
        <line num="31" count="7" type="stmt"/>
        <line num="36" count="7" type="stmt"/>
        <line num="38" count="0" type="stmt"/>
        <line num="39" count="0" type="cond" truecount="0" falsecount="2"/>
        <line num="40" count="0" type="stmt"/>
        <line num="42" count="0" type="stmt"/>
        <line num="45" count="7" type="stmt"/>
        <line num="46" count="0" type="stmt"/>
        <line num="47" count="0" type="stmt"/>
        <line num="49" count="0" type="stmt"/>
        <line num="50" count="0" type="stmt"/>
        <line num="51" count="0" type="stmt"/>
        <line num="52" count="0" type="stmt"/>
        <line num="53" count="0" type="stmt"/>
        <line num="54" count="0" type="stmt"/>
        <line num="56" count="0" type="stmt"/>
        <line num="57" count="0" type="stmt"/>
        <line num="58" count="0" type="stmt"/>
        <line num="59" count="0" type="stmt"/>
        <line num="60" count="0" type="stmt"/>
        <line num="64" count="0" type="stmt"/>
        <line num="65" count="0" type="cond" truecount="0" falsecount="4"/>
        <line num="66" count="0" type="stmt"/>
        <line num="67" count="0" type="stmt"/>
        <line num="68" count="0" type="stmt"/>
        <line num="69" count="0" type="stmt"/>
        <line num="71" count="0" type="stmt"/>
        <line num="72" count="0" type="stmt"/>
        <line num="73" count="0" type="cond" truecount="0" falsecount="6"/>
        <line num="74" count="0" type="stmt"/>
        <line num="77" count="0" type="stmt"/>
        <line num="79" count="0" type="stmt"/>
        <line num="88" count="0" type="cond" truecount="0" falsecount="4"/>
        <line num="89" count="0" type="stmt"/>
        <line num="91" count="0" type="stmt"/>
        <line num="94" count="0" type="stmt"/>
        <line num="95" count="0" type="stmt"/>
        <line num="96" count="0" type="stmt"/>
        <line num="97" count="0" type="stmt"/>
        <line num="99" count="0" type="stmt"/>
        <line num="104" count="0" type="stmt"/>
        <line num="105" count="0" type="stmt"/>
        <line num="106" count="0" type="stmt"/>
        <line num="109" count="0" type="cond" truecount="0" falsecount="2"/>
        <line num="110" count="0" type="stmt"/>
        <line num="112" count="0" type="stmt"/>
        <line num="116" count="0" type="stmt"/>
        <line num="117" count="0" type="stmt"/>
        <line num="118" count="0" type="cond" truecount="0" falsecount="2"/>
        <line num="119" count="0" type="stmt"/>
        <line num="121" count="0" type="cond" truecount="0" falsecount="4"/>
        <line num="122" count="0" type="stmt"/>
        <line num="123" count="0" type="stmt"/>
        <line num="124" count="0" type="stmt"/>
        <line num="126" count="0" type="cond" truecount="0" falsecount="4"/>
        <line num="127" count="0" type="stmt"/>
        <line num="128" count="0" type="stmt"/>
        <line num="129" count="0" type="stmt"/>
        <line num="131" count="0" type="stmt"/>
        <line num="132" count="0" type="cond" truecount="0" falsecount="2"/>
        <line num="139" count="0" type="cond" truecount="0" falsecount="4"/>
        <line num="140" count="0" type="stmt"/>
        <line num="142" count="0" type="stmt"/>
        <line num="143" count="0" type="cond" truecount="0" falsecount="2"/>
        <line num="144" count="0" type="stmt"/>
        <line num="146" count="0" type="cond" truecount="0" falsecount="4"/>
        <line num="147" count="0" type="stmt"/>
        <line num="149" count="0" type="stmt"/>
        <line num="150" count="0" type="cond" truecount="0" falsecount="2"/>
        <line num="151" count="0" type="stmt"/>
        <line num="152" count="0" type="cond" truecount="0" falsecount="2"/>
        <line num="153" count="0" type="stmt"/>
        <line num="154" count="0" type="cond" truecount="0" falsecount="2"/>
        <line num="155" count="0" type="stmt"/>
        <line num="157" count="0" type="cond" truecount="0" falsecount="2"/>
        <line num="158" count="0" type="stmt"/>
        <line num="160" count="0" type="stmt"/>
        <line num="162" count="0" type="stmt"/>
        <line num="163" count="0" type="stmt"/>
        <line num="165" count="0" type="cond" truecount="0" falsecount="4"/>
        <line num="166" count="0" type="stmt"/>
        <line num="167" count="0" type="stmt"/>
        <line num="168" count="0" type="cond" truecount="0" falsecount="2"/>
        <line num="169" count="0" type="stmt"/>
        <line num="170" count="0" type="stmt"/>
        <line num="172" count="0" type="stmt"/>
        <line num="173" count="0" type="stmt"/>
        <line num="175" count="0" type="stmt"/>
        <line num="176" count="0" type="stmt"/>
        <line num="177" count="0" type="stmt"/>
        <line num="180" count="0" type="cond" truecount="0" falsecount="2"/>
        <line num="181" count="0" type="stmt"/>
        <line num="183" count="0" type="stmt"/>
        <line num="185" count="0" type="stmt"/>
        <line num="186" count="0" type="stmt"/>
        <line num="190" count="0" type="stmt"/>
        <line num="191" count="0" type="stmt"/>
        <line num="195" count="0" type="stmt"/>
        <line num="196" count="0" type="stmt"/>
        <line num="197" count="0" type="stmt"/>
        <line num="200" count="0" type="stmt"/>
        <line num="204" count="0" type="stmt"/>
        <line num="205" count="0" type="stmt"/>
        <line num="206" count="0" type="stmt"/>
        <line num="209" count="0" type="stmt"/>
        <line num="213" count="0" type="stmt"/>
        <line num="214" count="0" type="cond" truecount="0" falsecount="2"/>
        <line num="215" count="0" type="stmt"/>
        <line num="218" count="0" type="stmt"/>
        <line num="222" count="0" type="stmt"/>
        <line num="223" count="0" type="cond" truecount="0" falsecount="2"/>
        <line num="224" count="0" type="stmt"/>
        <line num="227" count="0" type="stmt"/>
        <line num="231" count="0" type="stmt"/>
        <line num="232" count="0" type="cond" truecount="0" falsecount="2"/>
        <line num="233" count="0" type="stmt"/>
        <line num="236" count="0" type="stmt"/>
        <line num="239" count="0" type="stmt"/>
        <line num="245" count="7" type="stmt"/>
        <line num="246" count="0" type="stmt"/>
        <line num="249" count="7" type="stmt"/>
        <line num="251" count="0" type="stmt"/>
        <line num="252" count="0" type="stmt"/>
        <line num="257" count="0" type="stmt"/>
        <line num="258" count="0" type="stmt"/>
        <line num="262" count="0" type="stmt"/>
        <line num="263" count="0" type="stmt"/>
        <line num="267" count="7" type="stmt"/>
        <line num="268" count="0" type="stmt"/>
        <line num="271" count="7" type="stmt"/>
        <line num="273" count="0" type="cond" truecount="0" falsecount="2"/>
        <line num="274" count="0" type="stmt"/>
        <line num="276" count="0" type="cond" truecount="0" falsecount="2"/>
        <line num="277" count="0" type="stmt"/>
        <line num="279" count="0" type="stmt"/>
        <line num="280" count="0" type="cond" truecount="0" falsecount="2"/>
        <line num="281" count="0" type="stmt"/>
        <line num="283" count="0" type="stmt"/>
        <line num="287" count="7" type="stmt"/>
        <line num="289" count="7" type="stmt"/>
        <line num="291" count="0" type="cond" truecount="0" falsecount="2"/>
        <line num="292" count="0" type="stmt"/>
        <line num="294" count="0" type="cond" truecount="0" falsecount="2"/>
        <line num="295" count="0" type="stmt"/>
        <line num="297" count="0" type="stmt"/>
        <line num="298" count="0" type="stmt"/>
        <line num="299" count="0" type="stmt"/>
        <line num="300" count="0" type="stmt"/>
        <line num="301" count="0" type="cond" truecount="0" falsecount="2"/>
        <line num="302" count="0" type="cond" truecount="0" falsecount="2"/>
        <line num="303" count="0" type="stmt"/>
        <line num="304" count="0" type="stmt"/>
        <line num="306" count="0" type="stmt"/>
        <line num="308" count="0" type="stmt"/>
        <line num="309" count="0" type="stmt"/>
        <line num="312" count="0" type="stmt"/>
        <line num="313" count="0" type="stmt"/>
        <line num="314" count="0" type="stmt"/>
        <line num="316" count="0" type="cond" truecount="0" falsecount="2"/>
        <line num="317" count="0" type="stmt"/>
        <line num="319" count="0" type="stmt"/>
        <line num="328" count="7" type="stmt"/>
        <line num="329" count="0" type="cond" truecount="0" falsecount="2"/>
        <line num="330" count="0" type="stmt"/>
        <line num="332" count="0" type="cond" truecount="0" falsecount="2"/>
        <line num="333" count="0" type="stmt"/>
        <line num="335" count="0" type="stmt"/>
        <line num="336" count="0" type="stmt"/>
        <line num="340" count="0" type="stmt"/>
        <line num="341" count="0" type="stmt"/>
        <line num="342" count="0" type="stmt"/>
        <line num="348" count="7" type="stmt"/>
        <line num="350" count="0" type="stmt"/>
        <line num="351" count="0" type="stmt"/>
        <line num="352" count="0" type="stmt"/>
        <line num="353" count="0" type="stmt"/>
        <line num="354" count="0" type="stmt"/>
        <line num="355" count="0" type="stmt"/>
        <line num="356" count="0" type="stmt"/>
        <line num="357" count="0" type="stmt"/>
        <line num="358" count="0" type="stmt"/>
        <line num="359" count="0" type="cond" truecount="0" falsecount="2"/>
        <line num="360" count="0" type="stmt"/>
        <line num="362" count="0" type="cond" truecount="0" falsecount="2"/>
        <line num="363" count="0" type="stmt"/>
        <line num="365" count="0" type="stmt"/>
        <line num="366" count="0" type="stmt"/>
        <line num="368" count="0" type="stmt"/>
        <line num="371" count="7" type="stmt"/>
        <line num="373" count="0" type="stmt"/>
        <line num="374" count="0" type="stmt"/>
        <line num="375" count="0" type="stmt"/>
        <line num="376" count="0" type="cond" truecount="0" falsecount="7"/>
        <line num="377" count="0" type="stmt"/>
        <line num="378" count="0" type="stmt"/>
        <line num="381" count="0" type="stmt"/>
        <line num="382" count="0" type="stmt"/>
        <line num="386" count="7" type="stmt"/>
        <line num="388" count="0" type="stmt"/>
        <line num="389" count="0" type="stmt"/>
        <line num="395" count="7" type="stmt"/>
      </file>
      <file name="CaffeineMc.js" path="/Users/shanebdavis/dev/caffeine-suite/packages/caffeine-mc/source/CaffeineMc/CaffeineMc.js">
        <metrics statements="3" coveredstatements="3" conditionals="0" coveredconditionals="0" methods="1" coveredmethods="1"/>
        <line num="2" count="7" type="stmt"/>
        <line num="3" count="7" type="stmt"/>
        <line num="4" count="7" type="stmt"/>
      </file>
      <file name="CaffeineMcParser.js" path="/Users/shanebdavis/dev/caffeine-suite/packages/caffeine-mc/source/CaffeineMc/CaffeineMcParser.js">
        <metrics statements="9" coveredstatements="9" conditionals="9" coveredconditionals="9" methods="6" coveredmethods="6"/>
        <line num="2" count="7" type="stmt"/>
        <line num="3" count="7" type="stmt"/>
        <line num="4" count="7" type="stmt"/>
        <line num="13" count="7" type="stmt"/>
        <line num="16" count="7" type="stmt"/>
        <line num="23" count="61" type="stmt"/>
        <line num="31" count="61" type="stmt"/>
        <line num="39" count="61" type="cond" truecount="3" falsecount="0"/>
        <line num="45" count="7" type="stmt"/>
      </file>
      <file name="CompileCache.js" path="/Users/shanebdavis/dev/caffeine-suite/packages/caffeine-mc/source/CaffeineMc/CompileCache.js">
        <metrics statements="75" coveredstatements="66" conditionals="42" coveredconditionals="35" methods="22" coveredmethods="18"/>
        <line num="2" count="7" type="stmt"/>
        <line num="4" count="469" type="cond" truecount="2" falsecount="0"/>
        <line num="5" count="7" type="stmt"/>
        <line num="7" count="7" type="stmt"/>
        <line num="9" count="7" type="stmt"/>
        <line num="11" count="7" type="stmt"/>
        <line num="13" count="7" type="stmt"/>
        <line num="15" count="7" type="stmt"/>
        <line num="17" count="7" type="stmt"/>
        <line num="19" count="7" type="stmt"/>
        <line num="21" count="7" type="stmt"/>
        <line num="23" count="7" type="stmt"/>
        <line num="25" count="7" type="stmt"/>
        <line num="40" count="7" type="stmt"/>
        <line num="41" count="7" type="stmt"/>
        <line num="44" count="0" type="stmt"/>
        <line num="47" count="7" type="stmt"/>
        <line num="49" count="7" type="stmt"/>
        <line num="51" count="2" type="stmt"/>
        <line num="54" count="20" type="cond" truecount="2" falsecount="0"/>
        <line num="58" count="7" type="stmt"/>
        <line num="59" count="18" type="cond" truecount="2" falsecount="0"/>
        <line num="62" count="7" type="stmt"/>
        <line num="63" count="36" type="cond" truecount="4" falsecount="0"/>
        <line num="66" count="7" type="stmt"/>
        <line num="67" count="18" type="stmt"/>
        <line num="70" count="7" type="stmt"/>
        <line num="71" count="18" type="stmt"/>
        <line num="74" count="7" type="stmt"/>
        <line num="75" count="18" type="stmt"/>
        <line num="83" count="7" type="stmt"/>
        <line num="85" count="18" type="stmt"/>
        <line num="86" count="18" type="cond" truecount="4" falsecount="1"/>
        <line num="87" count="0" type="stmt"/>
        <line num="93" count="18" type="cond" truecount="1" falsecount="1"/>
        <line num="94" count="0" type="stmt"/>
        <line num="96" count="18" type="stmt"/>
        <line num="97" count="18" type="stmt"/>
        <line num="98" count="18" type="cond" truecount="2" falsecount="0"/>
        <line num="99" count="18" type="stmt"/>
        <line num="107" count="7" type="stmt"/>
        <line num="109" count="5" type="cond" truecount="1" falsecount="1"/>
        <line num="110" count="5" type="stmt"/>
        <line num="111" count="5" type="cond" truecount="1" falsecount="1"/>
        <line num="112" count="0" type="stmt"/>
        <line num="116" count="5" type="stmt"/>
        <line num="122" count="5" type="stmt"/>
        <line num="130" count="7" type="stmt"/>
        <line num="132" count="8" type="stmt"/>
        <line num="133" count="8" type="cond" truecount="4" falsecount="0"/>
        <line num="134" count="5" type="cond" truecount="5" falsecount="0"/>
        <line num="135" count="5" type="stmt"/>
        <line num="136" count="5" type="stmt"/>
        <line num="139" count="4" type="stmt"/>
        <line num="140" count="4" type="cond" truecount="1" falsecount="1"/>
        <line num="141" count="0" type="stmt"/>
        <line num="145" count="4" type="stmt"/>
        <line num="150" count="7" type="stmt"/>
        <line num="152" count="5" type="cond" truecount="4" falsecount="0"/>
        <line num="153" count="2" type="stmt"/>
        <line num="154" count="2" type="stmt"/>
        <line num="155" count="2" type="stmt"/>
        <line num="158" count="2" type="cond" truecount="2" falsecount="0"/>
        <line num="159" count="1" type="stmt"/>
        <line num="170" count="1" type="stmt"/>
        <line num="173" count="1" type="stmt"/>
        <line num="175" count="3" type="stmt"/>
        <line num="179" count="7" type="stmt"/>
        <line num="180" count="2" type="stmt"/>
        <line num="181" count="2" type="stmt"/>
        <line num="182" count="0" type="stmt"/>
        <line num="183" count="0" type="stmt"/>
        <line num="185" count="0" type="cond" truecount="0" falsecount="2"/>
        <line num="186" count="0" type="stmt"/>
        <line num="193" count="7" type="stmt"/>
      </file>
      <file name="DirReader.js" path="/Users/shanebdavis/dev/caffeine-suite/packages/caffeine-mc/source/CaffeineMc/DirReader.js">
        <metrics statements="5" coveredstatements="5" conditionals="0" coveredconditionals="0" methods="3" coveredmethods="3"/>
        <line num="2" count="7" type="stmt"/>
        <line num="3" count="7" type="stmt"/>
        <line num="4" count="7" type="stmt"/>
        <line num="8" count="7" type="stmt"/>
        <line num="10" count="158" type="stmt"/>
      </file>
      <file name="FileCompiler.js" path="/Users/shanebdavis/dev/caffeine-suite/packages/caffeine-mc/source/CaffeineMc/FileCompiler.js">
        <metrics statements="45" coveredstatements="30" conditionals="16" coveredconditionals="5" methods="12" coveredmethods="9"/>
        <line num="2" count="7" type="stmt"/>
        <line num="5" count="7" type="stmt"/>
        <line num="7" count="7" type="stmt"/>
        <line num="9" count="7" type="stmt"/>
        <line num="11" count="7" type="stmt"/>
        <line num="13" count="7" type="stmt"/>
        <line num="15" count="7" type="stmt"/>
        <line num="18" count="7" type="stmt"/>
        <line num="20" count="0" type="cond" truecount="0" falsecount="2"/>
        <line num="21" count="0" type="stmt"/>
        <line num="23" count="0" type="cond" truecount="0" falsecount="2"/>
        <line num="24" count="0" type="stmt"/>
        <line num="26" count="0" type="stmt"/>
        <line num="27" count="0" type="cond" truecount="0" falsecount="2"/>
        <line num="28" count="0" type="stmt"/>
        <line num="29" count="0" type="cond" truecount="0" falsecount="2"/>
        <line num="30" count="0" type="stmt"/>
        <line num="36" count="7" type="stmt"/>
        <line num="38" count="9" type="cond" truecount="2" falsecount="0"/>
        <line num="39" count="2" type="stmt"/>
        <line num="41" count="9" type="stmt"/>
        <line num="42" count="9" type="stmt"/>
        <line num="44" count="9" type="stmt"/>
        <line num="50" count="9" type="stmt"/>
        <line num="51" count="9" type="cond" truecount="1" falsecount="1"/>
        <line num="52" count="0" type="stmt"/>
        <line num="54" count="9" type="stmt"/>
        <line num="57" count="9" type="stmt"/>
        <line num="58" count="9" type="cond" truecount="1" falsecount="1"/>
        <line num="59" count="9" type="stmt"/>
        <line num="60" count="9" type="stmt"/>
        <line num="61" count="9" type="stmt"/>
        <line num="65" count="9" type="stmt"/>
        <line num="66" count="9" type="stmt"/>
        <line num="68" count="9" type="stmt"/>
        <line num="69" count="9" type="stmt"/>
        <line num="70" count="9" type="cond" truecount="1" falsecount="1"/>
        <line num="71" count="0" type="stmt"/>
        <line num="72" count="0" type="stmt"/>
        <line num="73" count="0" type="stmt"/>
        <line num="75" count="9" type="stmt"/>
        <line num="80" count="9" type="stmt"/>
        <line num="82" count="0" type="stmt"/>
        <line num="83" count="0" type="stmt"/>
        <line num="88" count="7" type="stmt"/>
      </file>
      <file name="Highlight.js" path="/Users/shanebdavis/dev/caffeine-suite/packages/caffeine-mc/source/CaffeineMc/Highlight.js">
        <metrics statements="15" coveredstatements="3" conditionals="18" coveredconditionals="0" methods="6" coveredmethods="1"/>
        <line num="2" count="7" type="stmt"/>
        <line num="3" count="7" type="stmt"/>
        <line num="4" count="7" type="stmt"/>
        <line num="14" count="0" type="stmt"/>
        <line num="15" count="0" type="stmt"/>
        <line num="16" count="0" type="stmt"/>
        <line num="17" count="0" type="stmt"/>
        <line num="18" count="0" type="stmt"/>
        <line num="19" count="0" type="stmt"/>
        <line num="20" count="0" type="stmt"/>
        <line num="21" count="0" type="stmt"/>
        <line num="29" count="0" type="stmt"/>
        <line num="30" count="0" type="stmt"/>
        <line num="31" count="0" type="cond" truecount="0" falsecount="8"/>
        <line num="52" count="0" type="stmt"/>
      </file>
      <file name="Metacompiler.js" path="/Users/shanebdavis/dev/caffeine-suite/packages/caffeine-mc/source/CaffeineMc/Metacompiler.js">
        <metrics statements="104" coveredstatements="85" conditionals="73" coveredconditionals="47" methods="19" coveredmethods="17"/>
        <line num="2" count="7" type="stmt"/>
        <line num="4" count="469" type="cond" truecount="2" falsecount="0"/>
        <line num="5" count="7" type="stmt"/>
        <line num="7" count="7" type="stmt"/>
        <line num="9" count="7" type="stmt"/>
        <line num="11" count="7" type="stmt"/>
        <line num="13" count="7" type="stmt"/>
        <line num="15" count="7" type="stmt"/>
        <line num="17" count="7" type="stmt"/>
        <line num="19" count="7" type="stmt"/>
        <line num="21" count="7" type="stmt"/>
        <line num="23" count="7" type="stmt"/>
        <line num="24" count="7" type="stmt"/>
        <line num="26" count="7" type="stmt"/>
        <line num="27" count="13" type="cond" truecount="2" falsecount="0"/>
        <line num="28" count="10" type="stmt"/>
        <line num="30" count="13" type="stmt"/>
        <line num="33" count="7" type="stmt"/>
        <line num="35" count="45" type="stmt"/>
        <line num="39" count="7" type="stmt"/>
        <line num="41" count="0" type="stmt"/>
        <line num="45" count="7" type="stmt"/>
        <line num="67" count="18" type="stmt"/>
        <line num="68" count="18" type="cond" truecount="2" falsecount="0"/>
        <line num="69" count="9" type="stmt"/>
        <line num="70" count="9" type="cond" truecount="1" falsecount="1"/>
        <line num="71" count="9" type="stmt"/>
        <line num="72" count="0" type="cond" truecount="0" falsecount="2"/>
        <line num="73" count="0" type="stmt"/>
        <line num="77" count="0" type="stmt"/>
        <line num="80" count="0" type="stmt"/>
        <line num="87" count="22" type="stmt"/>
        <line num="88" count="22" type="stmt"/>
        <line num="89" count="22" type="stmt"/>
        <line num="90" count="22" type="stmt"/>
        <line num="91" count="22" type="stmt"/>
        <line num="94" count="7" type="stmt"/>
        <line num="96" count="40" type="cond" truecount="2" falsecount="0"/>
        <line num="97" count="17" type="stmt"/>
        <line num="102" count="23" type="cond" truecount="2" falsecount="2"/>
        <line num="103" count="0" type="stmt"/>
        <line num="108" count="23" type="cond" truecount="2" falsecount="2"/>
        <line num="109" count="0" type="stmt"/>
        <line num="112" count="23" type="cond" truecount="3" falsecount="3"/>
        <line num="113" count="23" type="stmt"/>
        <line num="115" count="0" type="stmt"/>
        <line num="121" count="0" type="stmt"/>
        <line num="145" count="7" type="stmt"/>
        <line num="146" count="30" type="stmt"/>
        <line num="147" count="30" type="stmt"/>
        <line num="148" count="30" type="cond" truecount="4" falsecount="1"/>
        <line num="149" count="0" type="stmt"/>
        <line num="151" count="30" type="cond" truecount="4" falsecount="0"/>
        <line num="152" count="7" type="stmt"/>
        <line num="154" count="23" type="stmt"/>
        <line num="158" count="7" type="stmt"/>
        <line num="159" count="27" type="stmt"/>
        <line num="162" count="7" type="stmt"/>
        <line num="164" count="27" type="cond" truecount="1" falsecount="1"/>
        <line num="165" count="0" type="stmt"/>
        <line num="167" count="27" type="stmt"/>
        <line num="170" count="7" type="stmt"/>
        <line num="172" count="27" type="cond" truecount="2" falsecount="0"/>
        <line num="173" count="1" type="stmt"/>
        <line num="174" count="1" type="cond" truecount="1" falsecount="1"/>
        <line num="175" count="1" type="stmt"/>
        <line num="179" count="1" type="stmt"/>
        <line num="181" count="0" type="stmt"/>
        <line num="182" count="0" type="stmt"/>
        <line num="183" count="0" type="stmt"/>
        <line num="186" count="27" type="stmt"/>
        <line num="189" count="7" type="stmt"/>
        <line num="191" count="7" type="stmt"/>
        <line num="192" count="7" type="stmt"/>
        <line num="198" count="7" type="stmt"/>
        <line num="199" count="7" type="cond" truecount="3" falsecount="3"/>
        <line num="200" count="0" type="stmt"/>
        <line num="206" count="7" type="cond" truecount="2" falsecount="0"/>
        <line num="207" count="3" type="stmt"/>
        <line num="209" count="4" type="stmt"/>
        <line num="213" count="7" type="stmt"/>
        <line num="215" count="46" type="stmt"/>
        <line num="216" count="46" type="cond" truecount="4" falsecount="0"/>
        <line num="217" count="19" type="cond" truecount="2" falsecount="0"/>
        <line num="218" count="19" type="stmt"/>
        <line num="220" count="27" type="stmt"/>
        <line num="224" count="7" type="stmt"/>
        <line num="227" count="0" type="cond" truecount="0" falsecount="8"/>
        <line num="231" count="7" type="stmt"/>
        <line num="233" count="9" type="cond" truecount="2" falsecount="0"/>
        <line num="234" count="4" type="stmt"/>
        <line num="236" count="9" type="cond" truecount="1" falsecount="1"/>
        <line num="237" count="0" type="stmt"/>
        <line num="239" count="9" type="cond" truecount="2" falsecount="0"/>
        <line num="240" count="4" type="stmt"/>
        <line num="242" count="5" type="stmt"/>
        <line num="243" count="5" type="stmt"/>
        <line num="244" count="5" type="stmt"/>
        <line num="245" count="5" type="cond" truecount="2" falsecount="0"/>
        <line num="246" count="5" type="cond" truecount="1" falsecount="1"/>
        <line num="247" count="0" type="stmt"/>
        <line num="250" count="0" type="stmt"/>
        <line num="252" count="5" type="stmt"/>
        <line num="255" count="7" type="stmt"/>
      </file>
      <file name="ModuleResolver.js" path="/Users/shanebdavis/dev/caffeine-suite/packages/caffeine-mc/source/CaffeineMc/ModuleResolver.js">
        <metrics statements="111" coveredstatements="109" conditionals="64" coveredconditionals="58" methods="11" coveredmethods="10"/>
        <line num="2" count="7" type="stmt"/>
        <line num="4" count="7" type="stmt"/>
        <line num="6" count="7" type="stmt"/>
        <line num="8" count="7" type="stmt"/>
        <line num="10" count="7" type="stmt"/>
        <line num="12" count="7" type="stmt"/>
        <line num="14" count="7" type="stmt"/>
        <line num="16" count="7" type="stmt"/>
        <line num="18" count="7" type="stmt"/>
        <line num="20" count="7" type="stmt"/>
        <line num="44" count="7" type="stmt"/>
        <line num="59" count="7" type="stmt"/>
        <line num="61" count="15" type="stmt"/>
        <line num="62" count="15" type="stmt"/>
        <line num="63" count="15" type="stmt"/>
        <line num="65" count="15" type="stmt"/>
        <line num="66" count="15" type="cond" truecount="2" falsecount="0"/>
        <line num="67" count="8" type="stmt"/>
        <line num="70" count="15" type="stmt"/>
        <line num="71" count="15" type="cond" truecount="2" falsecount="0"/>
        <line num="72" count="8" type="stmt"/>
        <line num="75" count="8" type="stmt"/>
        <line num="79" count="7" type="cond" truecount="4" falsecount="0"/>
        <line num="80" count="4" type="stmt"/>
        <line num="81" count="4" type="stmt"/>
        <line num="83" count="3" type="stmt"/>
        <line num="85" count="7" type="stmt"/>
        <line num="91" count="7" type="stmt"/>
        <line num="93" count="32" type="cond" truecount="2" falsecount="0"/>
        <line num="94" count="6" type="stmt"/>
        <line num="96" count="6" type="stmt"/>
        <line num="97" count="6" type="stmt"/>
        <line num="98" count="6" type="stmt"/>
        <line num="99" count="15" type="stmt"/>
        <line num="100" count="15" type="stmt"/>
        <line num="101" count="15" type="stmt"/>
        <line num="103" count="6" type="stmt"/>
        <line num="106" count="26" type="stmt"/>
        <line num="108" count="32" type="stmt"/>
        <line num="109" count="24" type="cond" truecount="2" falsecount="0"/>
        <line num="110" count="6" type="stmt"/>
        <line num="111" count="9" type="stmt"/>
        <line num="112" count="9" type="cond" truecount="1" falsecount="1"/>
        <line num="113" count="9" type="stmt"/>
        <line num="114" count="9" type="stmt"/>
        <line num="116" count="0" type="stmt"/>
        <line num="126" count="24" type="stmt"/>
        <line num="132" count="7" type="stmt"/>
        <line num="133" count="19" type="stmt"/>
        <line num="134" count="19" type="stmt"/>
        <line num="138" count="7" type="stmt"/>
        <line num="140" count="7" type="stmt"/>
        <line num="142" count="32" type="stmt"/>
        <line num="143" count="32" type="cond" truecount="2" falsecount="0"/>
        <line num="144" count="31" type="stmt"/>
        <line num="146" count="32" type="cond" truecount="3" falsecount="1"/>
        <line num="147" count="32" type="cond" truecount="4" falsecount="0"/>
        <line num="148" count="28" type="cond" truecount="2" falsecount="0"/>
        <line num="149" count="28" type="cond" truecount="2" falsecount="0"/>
        <line num="150" count="28" type="cond" truecount="2" falsecount="0"/>
        <line num="151" count="28" type="cond" truecount="2" falsecount="0"/>
        <line num="153" count="32" type="stmt"/>
        <line num="154" count="32" type="stmt"/>
        <line num="155" count="32" type="stmt"/>
        <line num="156" count="45" type="cond" truecount="4" falsecount="0"/>
        <line num="157" count="16" type="stmt"/>
        <line num="159" count="29" type="stmt"/>
        <line num="160" count="29" type="cond" truecount="2" falsecount="0"/>
        <line num="161" count="12" type="cond" truecount="2" falsecount="0"/>
        <line num="162" count="2" type="stmt"/>
        <line num="164" count="12" type="stmt"/>
        <line num="166" count="17" type="stmt"/>
        <line num="170" count="32" type="cond" truecount="2" falsecount="0"/>
        <line num="171" count="18" type="stmt"/>
        <line num="172" count="18" type="cond" truecount="2" falsecount="0"/>
        <line num="175" count="2" type="stmt"/>
        <line num="177" count="18" type="cond" truecount="2" falsecount="0"/>
        <line num="178" count="9" type="stmt"/>
        <line num="180" count="18" type="stmt"/>
        <line num="185" count="14" type="stmt"/>
        <line num="186" count="14" type="stmt"/>
        <line num="188" count="8" type="stmt"/>
        <line num="189" count="8" type="cond" truecount="1" falsecount="1"/>
        <line num="190" count="8" type="stmt"/>
        <line num="195" count="8" type="stmt"/>
        <line num="239" count="7" type="stmt"/>
        <line num="241" count="191" type="cond" truecount="2" falsecount="0"/>
        <line num="242" count="10" type="stmt"/>
        <line num="243" count="181" type="cond" truecount="2" falsecount="0"/>
        <line num="244" count="142" type="cond" truecount="2" falsecount="0"/>
        <line num="245" count="20" type="stmt"/>
        <line num="246" count="20" type="stmt"/>
        <line num="247" count="20" type="stmt"/>
        <line num="248" count="20" type="stmt"/>
        <line num="249" count="24" type="stmt"/>
        <line num="250" count="24" type="stmt"/>
        <line num="251" count="24" type="stmt"/>
        <line num="252" count="24" type="cond" truecount="2" falsecount="0"/>
        <line num="253" count="17" type="stmt"/>
        <line num="257" count="125" type="stmt"/>
        <line num="261" count="7" type="stmt"/>
        <line num="263" count="54" type="stmt"/>
        <line num="264" count="54" type="stmt"/>
        <line num="265" count="54" type="stmt"/>
        <line num="266" count="191" type="stmt"/>
        <line num="267" count="191" type="cond" truecount="2" falsecount="0"/>
        <line num="268" count="27" type="cond" truecount="2" falsecount="2"/>
        <line num="269" count="0" type="stmt"/>
        <line num="276" count="27" type="stmt"/>
        <line num="279" count="54" type="stmt"/>
        <line num="282" count="7" type="stmt"/>
      </file>
      <file name="Register.js" path="/Users/shanebdavis/dev/caffeine-suite/packages/caffeine-mc/source/CaffeineMc/Register.js">
        <metrics statements="31" coveredstatements="8" conditionals="12" coveredconditionals="0" methods="5" coveredmethods="2"/>
        <line num="2" count="7" type="stmt"/>
        <line num="5" count="7" type="stmt"/>
        <line num="7" count="7" type="stmt"/>
        <line num="9" count="7" type="stmt"/>
        <line num="11" count="7" type="stmt"/>
        <line num="14" count="7" type="stmt"/>
        <line num="16" count="7" type="stmt"/>
        <line num="18" count="0" type="cond" truecount="0" falsecount="2"/>
        <line num="19" count="0" type="stmt"/>
        <line num="21" count="0" type="stmt"/>
        <line num="22" count="0" type="stmt"/>
        <line num="23" count="0" type="stmt"/>
        <line num="24" count="0" type="cond" truecount="0" falsecount="2"/>
        <line num="26" count="0" type="stmt"/>
        <line num="27" count="0" type="cond" truecount="0" falsecount="2"/>
        <line num="28" count="0" type="stmt"/>
        <line num="32" count="0" type="stmt"/>
        <line num="38" count="0" type="stmt"/>
        <line num="39" count="0" type="stmt"/>
        <line num="40" count="0" type="cond" truecount="0" falsecount="2"/>
        <line num="41" count="0" type="stmt"/>
        <line num="44" count="0" type="cond" truecount="0" falsecount="2"/>
        <line num="45" count="0" type="stmt"/>
        <line num="46" count="0" type="stmt"/>
        <line num="48" count="0" type="stmt"/>
        <line num="49" count="0" type="stmt"/>
        <line num="50" count="0" type="cond" truecount="0" falsecount="2"/>
        <line num="51" count="0" type="stmt"/>
        <line num="57" count="0" type="stmt"/>
        <line num="63" count="0" type="stmt"/>
        <line num="66" count="7" type="stmt"/>
      </file>
      <file name="Run.js" path="/Users/shanebdavis/dev/caffeine-suite/packages/caffeine-mc/source/CaffeineMc/Run.js">
        <metrics statements="33" coveredstatements="10" conditionals="15" coveredconditionals="0" methods="12" coveredmethods="3"/>
        <line num="2" count="7" type="stmt"/>
        <line num="3" count="7" type="stmt"/>
        <line num="4" count="7" type="stmt"/>
        <line num="31" count="7" type="stmt"/>
        <line num="32" count="0" type="cond" truecount="0" falsecount="2"/>
        <line num="34" count="7" type="stmt"/>
        <line num="40" count="7" type="stmt"/>
        <line num="42" count="0" type="stmt"/>
        <line num="43" count="0" type="stmt"/>
        <line num="47" count="0" type="stmt"/>
        <line num="60" count="0" type="stmt"/>
        <line num="64" count="7" type="stmt"/>
        <line num="65" count="0" type="stmt"/>
        <line num="66" count="0" type="stmt"/>
        <line num="68" count="7" type="stmt"/>
        <line num="70" count="0" type="stmt"/>
        <line num="71" count="0" type="stmt"/>
        <line num="72" count="0" type="stmt"/>
        <line num="73" count="0" type="stmt"/>
        <line num="74" count="0" type="stmt"/>
        <line num="79" count="0" type="stmt"/>
        <line num="81" count="0" type="stmt"/>
        <line num="85" count="7" type="cond" truecount="0" falsecount="1"/>
        <line num="87" count="0" type="stmt"/>
        <line num="88" count="0" type="stmt"/>
        <line num="89" count="0" type="stmt"/>
        <line num="91" count="7" type="stmt"/>
        <line num="93" count="0" type="stmt"/>
        <line num="94" count="0" type="stmt"/>
        <line num="95" count="0" type="cond" truecount="0" falsecount="2"/>
        <line num="98" count="0" type="stmt"/>
        <line num="99" count="0" type="cond" truecount="0" falsecount="2"/>
        <line num="100" count="0" type="stmt"/>
      </file>
      <file name="SourceRootFinder.js" path="/Users/shanebdavis/dev/caffeine-suite/packages/caffeine-mc/source/CaffeineMc/SourceRootFinder.js">
        <metrics statements="43" coveredstatements="40" conditionals="40" coveredconditionals="37" methods="20" coveredmethods="17"/>
        <line num="2" count="7" type="stmt"/>
        <line num="3" count="7" type="stmt"/>
        <line num="4" count="7" type="stmt"/>
        <line num="29" count="7" type="stmt"/>
        <line num="33" count="9" type="stmt"/>
        <line num="34" count="9" type="stmt"/>
        <line num="38" count="9" type="stmt"/>
        <line num="39" count="9" type="stmt"/>
        <line num="43" count="7" type="stmt"/>
        <line num="44" count="7" type="stmt"/>
        <line num="46" count="0" type="stmt"/>
        <line num="49" count="7" type="stmt"/>
        <line num="51" count="41" type="cond" truecount="2" falsecount="0"/>
        <line num="56" count="31" type="cond" truecount="2" falsecount="0"/>
        <line num="57" count="15" type="stmt"/>
        <line num="59" count="31" type="stmt"/>
        <line num="61" count="31" type="cond" truecount="2" falsecount="0"/>
        <line num="65" count="7" type="stmt"/>
        <line num="67" count="70" type="cond" truecount="2" falsecount="0"/>
        <line num="77" count="7" type="stmt"/>
        <line num="78" count="37" type="stmt"/>
        <line num="80" count="7" type="stmt"/>
        <line num="82" count="96" type="stmt"/>
        <line num="89" count="96" type="stmt"/>
        <line num="91" count="200" type="stmt"/>
        <line num="92" count="200" type="stmt"/>
        <line num="93" count="200" type="stmt"/>
        <line num="95" count="96" type="stmt"/>
        <line num="100" count="186" type="cond" truecount="2" falsecount="0"/>
        <line num="107" count="7" type="stmt"/>
        <line num="109" count="137" type="cond" truecount="2" falsecount="0"/>
        <line num="115" count="137" type="stmt"/>
        <line num="117" count="281" type="stmt"/>
        <line num="118" count="281" type="cond" truecount="2" falsecount="0"/>
        <line num="119" count="37" type="stmt"/>
        <line num="120" count="37" type="stmt"/>
        <line num="122" count="244" type="stmt"/>
        <line num="124" count="137" type="stmt"/>
        <line num="133" count="7" type="stmt"/>
        <line num="134" count="9" type="cond" truecount="1" falsecount="1"/>
        <line num="139" count="0" type="stmt"/>
        <line num="140" count="24" type="cond" truecount="2" falsecount="0"/>
        <line num="144" count="0" type="stmt"/>
      </file>
      <file name="SourceRoots.js" path="/Users/shanebdavis/dev/caffeine-suite/packages/caffeine-mc/source/CaffeineMc/SourceRoots.js">
        <metrics statements="39" coveredstatements="32" conditionals="19" coveredconditionals="11" methods="15" coveredmethods="13"/>
        <line num="2" count="7" type="stmt"/>
        <line num="3" count="7" type="stmt"/>
        <line num="4" count="7" type="stmt"/>
        <line num="9" count="7" type="stmt"/>
        <line num="10" count="7" type="stmt"/>
        <line num="13" count="7" type="stmt"/>
        <line num="17" count="7" type="stmt"/>
        <line num="19" count="0" type="stmt"/>
        <line num="22" count="16" type="stmt"/>
        <line num="25" count="7" type="stmt"/>
        <line num="26" count="7" type="stmt"/>
        <line num="27" count="9" type="cond" truecount="2" falsecount="0"/>
        <line num="31" count="7" type="stmt"/>
        <line num="33" count="8" type="stmt"/>
        <line num="34" count="8" type="stmt"/>
        <line num="35" count="8" type="stmt"/>
        <line num="41" count="0" type="stmt"/>
        <line num="42" count="0" type="stmt"/>
        <line num="45" count="0" type="stmt"/>
        <line num="47" count="8" type="cond" truecount="1" falsecount="1"/>
        <line num="48" count="8" type="stmt"/>
        <line num="49" count="8" type="stmt"/>
        <line num="51" count="7" type="cond" truecount="0" falsecount="1"/>
        <line num="53" count="11" type="cond" truecount="2" falsecount="0"/>
        <line num="64" count="9" type="cond" truecount="2" falsecount="0"/>
        <line num="67" count="8" type="stmt"/>
        <line num="69" count="9" type="stmt"/>
        <line num="71" count="9" type="stmt"/>
        <line num="72" count="9" type="stmt"/>
        <line num="86" count="7" type="stmt"/>
        <line num="88" count="0" type="cond" truecount="0" falsecount="2"/>
        <line num="89" count="0" type="stmt"/>
        <line num="91" count="0" type="cond" truecount="0" falsecount="2"/>
        <line num="111" count="7" type="stmt"/>
        <line num="112" count="13" type="stmt"/>
        <line num="114" count="7" type="stmt"/>
        <line num="115" count="42" type="stmt"/>
        <line num="119" count="7" type="stmt"/>
        <line num="120" count="24" type="stmt"/>
      </file>
      <file name="StandardImport.js" path="/Users/shanebdavis/dev/caffeine-suite/packages/caffeine-mc/source/CaffeineMc/StandardImport.js">
        <metrics statements="3" coveredstatements="3" conditionals="0" coveredconditionals="0" methods="1" coveredmethods="1"/>
        <line num="2" count="7" type="stmt"/>
        <line num="3" count="7" type="stmt"/>
        <line num="4" count="7" type="stmt"/>
      </file>
      <file name="Tools.js" path="/Users/shanebdavis/dev/caffeine-suite/packages/caffeine-mc/source/CaffeineMc/Tools.js">
        <metrics statements="27" coveredstatements="15" conditionals="13" coveredconditionals="0" methods="11" coveredmethods="7"/>
        <line num="2" count="7" type="stmt"/>
        <line num="3" count="7" type="stmt"/>
        <line num="4" count="7" type="stmt"/>
        <line num="13" count="7" type="stmt"/>
        <line num="18" count="7" type="stmt"/>
        <line num="19" count="7" type="stmt"/>
        <line num="20" count="0" type="stmt"/>
        <line num="22" count="7" type="stmt"/>
        <line num="23" count="22" type="stmt"/>
        <line num="25" count="7" type="stmt"/>
        <line num="26" count="0" type="cond" truecount="0" falsecount="2"/>
        <line num="30" count="7" type="stmt"/>
        <line num="32" count="13" type="stmt"/>
        <line num="33" count="13" type="stmt"/>
        <line num="34" count="13" type="stmt"/>
        <line num="35" count="13" type="stmt"/>
        <line num="38" count="0" type="stmt"/>
        <line num="39" count="0" type="stmt"/>
        <line num="40" count="0" type="stmt"/>
        <line num="41" count="0" type="stmt"/>
        <line num="42" count="0" type="stmt"/>
        <line num="43" count="0" type="stmt"/>
        <line num="48" count="7" type="cond" truecount="0" falsecount="1"/>
        <line num="49" count="0" type="cond" truecount="0" falsecount="2"/>
        <line num="50" count="0" type="stmt"/>
        <line num="52" count="0" type="stmt"/>
        <line num="53" count="0" type="cond" truecount="0" falsecount="2"/>
      </file>
      <file name="WorkingCache.js" path="/Users/shanebdavis/dev/caffeine-suite/packages/caffeine-mc/source/CaffeineMc/WorkingCache.js">
        <metrics statements="13" coveredstatements="13" conditionals="8" coveredconditionals="7" methods="8" coveredmethods="8"/>
        <line num="2" count="7" type="stmt"/>
        <line num="3" count="7" type="stmt"/>
        <line num="4" count="7" type="stmt"/>
        <line num="14" count="7" type="stmt"/>
        <line num="15" count="7" type="stmt"/>
        <line num="16" count="7" type="stmt"/>
        <line num="17" count="7" type="stmt"/>
        <line num="19" count="30" type="cond" truecount="1" falsecount="1"/>
        <line num="24" count="60" type="stmt"/>
        <line num="28" count="543" type="cond" truecount="2" falsecount="0"/>
        <line num="32" count="435" type="cond" truecount="2" falsecount="0"/>
        <line num="37" count="28" type="stmt"/>
        <line num="39" count="543" type="cond" truecount="2" falsecount="0"/>
      </file>
      <file name="index.js" path="/Users/shanebdavis/dev/caffeine-suite/packages/caffeine-mc/source/CaffeineMc/index.js">
        <metrics statements="2" coveredstatements="2" conditionals="0" coveredconditionals="0" methods="0" coveredmethods="0"/>
        <line num="4" count="7" type="stmt"/>
        <line num="23" count="7" type="stmt"/>
      </file>
      <file name="namespace.js" path="/Users/shanebdavis/dev/caffeine-suite/packages/caffeine-mc/source/CaffeineMc/namespace.js">
        <metrics statements="2" coveredstatements="2" conditionals="0" coveredconditionals="0" methods="0" coveredmethods="0"/>
        <line num="4" count="7" type="stmt"/>
        <line num="9" count="7" type="stmt"/>
      </file>
    </package>
    <package name="source.CaffeineMc.Compilers">
      <metrics statements="11" coveredstatements="10" conditionals="2" coveredconditionals="2" methods="6" coveredmethods="5"/>
      <file name="JavaScript.js" path="/Users/shanebdavis/dev/caffeine-suite/packages/caffeine-mc/source/CaffeineMc/Compilers/JavaScript.js">
        <metrics statements="9" coveredstatements="8" conditionals="2" coveredconditionals="2" methods="6" coveredmethods="5"/>
        <line num="2" count="7" type="stmt"/>
        <line num="4" count="469" type="cond" truecount="2" falsecount="0"/>
        <line num="5" count="7" type="stmt"/>
        <line num="7" count="7" type="stmt"/>
        <line num="8" count="7" type="stmt"/>
        <line num="11" count="0" type="stmt"/>
        <line num="14" count="7" type="stmt"/>
        <line num="15" count="4" type="stmt"/>
        <line num="22" count="7" type="stmt"/>
      </file>
      <file name="index.js" path="/Users/shanebdavis/dev/caffeine-suite/packages/caffeine-mc/source/CaffeineMc/Compilers/index.js">
        <metrics statements="1" coveredstatements="1" conditionals="0" coveredconditionals="0" methods="0" coveredmethods="0"/>
        <line num="4" count="7" type="stmt"/>
      </file>
      <file name="namespace.js" path="/Users/shanebdavis/dev/caffeine-suite/packages/caffeine-mc/source/CaffeineMc/Compilers/namespace.js">
        <metrics statements="1" coveredstatements="1" conditionals="0" coveredconditionals="0" methods="0" coveredmethods="0"/>
        <line num="4" count="7" type="stmt"/>
      </file>
    </package>
    <package name="source.test">
      <metrics statements="24" coveredstatements="22" conditionals="0" coveredconditionals="0" methods="9" coveredmethods="9"/>
      <file name="CaffeineMcTestHelper.js" path="/Users/shanebdavis/dev/caffeine-suite/packages/caffeine-mc/source/test/CaffeineMcTestHelper.js">
        <metrics statements="17" coveredstatements="17" conditionals="0" coveredconditionals="0" methods="7" coveredmethods="7"/>
        <line num="2" count="3" type="stmt"/>
        <line num="3" count="3" type="stmt"/>
        <line num="4" count="3" type="stmt"/>
        <line num="31" count="3" type="stmt"/>
        <line num="34" count="3" type="stmt"/>
        <line num="35" count="28" type="stmt"/>
        <line num="36" count="3" type="stmt"/>
        <line num="37" count="24" type="stmt"/>
        <line num="38" count="24" type="stmt"/>
        <line num="39" count="24" type="stmt"/>
        <line num="41" count="3" type="stmt"/>
        <line num="60" count="3" type="stmt"/>
        <line num="61" count="22" type="stmt"/>
        <line num="62" count="22" type="stmt"/>
        <line num="63" count="22" type="stmt"/>
        <line num="65" count="22" type="stmt"/>
        <line num="66" count="3" type="stmt"/>
      </file>
      <file name="StandardImport.js" path="/Users/shanebdavis/dev/caffeine-suite/packages/caffeine-mc/source/test/StandardImport.js">
        <metrics statements="3" coveredstatements="3" conditionals="0" coveredconditionals="0" methods="1" coveredmethods="1"/>
        <line num="2" count="5" type="stmt"/>
        <line num="3" count="5" type="stmt"/>
        <line num="4" count="5" type="stmt"/>
      </file>
      <file name="TestCompiler.js" path="/Users/shanebdavis/dev/caffeine-suite/packages/caffeine-mc/source/test/TestCompiler.js">
        <metrics statements="2" coveredstatements="2" conditionals="0" coveredconditionals="0" methods="1" coveredmethods="1"/>
        <line num="1" count="1" type="stmt"/>
        <line num="2" count="2" type="stmt"/>
      </file>
      <file name="index.js" path="/Users/shanebdavis/dev/caffeine-suite/packages/caffeine-mc/source/test/index.js">
        <metrics statements="1" coveredstatements="0" conditionals="0" coveredconditionals="0" methods="0" coveredmethods="0"/>
        <line num="4" count="0" type="stmt"/>
      </file>
      <file name="namespace.js" path="/Users/shanebdavis/dev/caffeine-suite/packages/caffeine-mc/source/test/namespace.js">
        <metrics statements="1" coveredstatements="0" conditionals="0" coveredconditionals="0" methods="0" coveredmethods="0"/>
        <line num="4" count="0" type="stmt"/>
      </file>
    </package>
  </project>
</coverage>
