{"/Users/shanebdavis/dev/caffeine-suite/packages/caffeine-mc/source/caf-command.js": {"path":"/Users/shanebdavis/dev/caffeine-suite/packages/caffeine-mc/source/caf-command.js","statementMap":{"0":{"start":{"line":2,"column":0},"end":{"line":166,"column":14}},"1":{"start":{"line":4,"column":12},"end":{"line":4,"column":20}},"2":{"start":{"line":6,"column":2},"end":{"line":6,"column":57}},"3":{"start":{"line":8,"column":2},"end":{"line":8,"column":29}},"4":{"start":{"line":10,"column":2},"end":{"line":10,"column":33}},"5":{"start":{"line":12,"column":2},"end":{"line":12,"column":27}},"6":{"start":{"line":14,"column":2},"end":{"line":14,"column":25}},"7":{"start":{"line":16,"column":2},"end":{"line":16,"column":32}},"8":{"start":{"line":18,"column":2},"end":{"line":18,"column":160}},"9":{"start":{"line":20,"column":2},"end":{"line":20,"column":277}},"10":{"start":{"line":22,"column":2},"end":{"line":24,"column":25}},"11":{"start":{"line":23,"column":4},"end":{"line":23,"column":160}},"12":{"start":{"line":26,"column":2},"end":{"line":28,"column":4}},"13":{"start":{"line":27,"column":4},"end":{"line":27,"column":49}},"14":{"start":{"line":30,"column":2},"end":{"line":30,"column":260}},"15":{"start":{"line":32,"column":2},"end":{"line":32,"column":19}},"16":{"start":{"line":34,"column":2},"end":{"line":39,"column":4}},"17":{"start":{"line":41,"column":2},"end":{"line":66,"column":4}},"18":{"start":{"line":42,"column":4},"end":{"line":65,"column":7}},"19":{"start":{"line":50,"column":6},"end":{"line":50,"column":82}},"20":{"start":{"line":51,"column":6},"end":{"line":55,"column":7}},"21":{"start":{"line":52,"column":8},"end":{"line":52,"column":42}},"22":{"start":{"line":54,"column":8},"end":{"line":54,"column":41}},"23":{"start":{"line":56,"column":6},"end":{"line":62,"column":7}},"24":{"start":{"line":57,"column":8},"end":{"line":61,"column":9}},"25":{"start":{"line":58,"column":10},"end":{"line":58,"column":42}},"26":{"start":{"line":60,"column":10},"end":{"line":60,"column":45}},"27":{"start":{"line":63,"column":6},"end":{"line":63,"column":35}},"28":{"start":{"line":64,"column":6},"end":{"line":64,"column":46}},"29":{"start":{"line":68,"column":2},"end":{"line":88,"column":4}},"30":{"start":{"line":69,"column":4},"end":{"line":87,"column":7}},"31":{"start":{"line":71,"column":6},"end":{"line":71,"column":42}},"32":{"start":{"line":72,"column":6},"end":{"line":85,"column":9}},"33":{"start":{"line":74,"column":8},"end":{"line":74,"column":52}},"34":{"start":{"line":75,"column":8},"end":{"line":77,"column":9}},"35":{"start":{"line":76,"column":10},"end":{"line":76,"column":70}},"36":{"start":{"line":78,"column":8},"end":{"line":84,"column":11}},"37":{"start":{"line":79,"column":10},"end":{"line":83,"column":13}},"38":{"start":{"line":80,"column":12},"end":{"line":80,"column":68}},"39":{"start":{"line":82,"column":12},"end":{"line":82,"column":58}},"40":{"start":{"line":86,"column":6},"end":{"line":86,"column":24}},"41":{"start":{"line":90,"column":2},"end":{"line":92,"column":3}},"42":{"start":{"line":91,"column":4},"end":{"line":91,"column":25}},"43":{"start":{"line":94,"column":2},"end":{"line":164,"column":3}},"44":{"start":{"line":95,"column":4},"end":{"line":95,"column":27}},"45":{"start":{"line":96,"column":4},"end":{"line":140,"column":5}},"46":{"start":{"line":97,"column":6},"end":{"line":102,"column":9}},"47":{"start":{"line":103,"column":6},"end":{"line":105,"column":7}},"48":{"start":{"line":104,"column":8},"end":{"line":104,"column":34}},"49":{"start":{"line":106,"column":6},"end":{"line":111,"column":7}},"50":{"start":{"line":107,"column":8},"end":{"line":110,"column":11}},"51":{"start":{"line":112,"column":6},"end":{"line":112,"column":42}},"52":{"start":{"line":113,"column":6},"end":{"line":121,"column":9}},"53":{"start":{"line":114,"column":8},"end":{"line":120,"column":11}},"54":{"start":{"line":115,"column":10},"end":{"line":119,"column":11}},"55":{"start":{"line":116,"column":12},"end":{"line":116,"column":46}},"56":{"start":{"line":118,"column":12},"end":{"line":118,"column":41}},"57":{"start":{"line":122,"column":6},"end":{"line":136,"column":9}},"58":{"start":{"line":123,"column":8},"end":{"line":130,"column":9}},"59":{"start":{"line":124,"column":10},"end":{"line":129,"column":13}},"60":{"start":{"line":131,"column":8},"end":{"line":135,"column":11}},"61":{"start":{"line":137,"column":6},"end":{"line":137,"column":40}},"62":{"start":{"line":139,"column":6},"end":{"line":139,"column":29}},"63":{"start":{"line":141,"column":9},"end":{"line":164,"column":3}},"64":{"start":{"line":142,"column":4},"end":{"line":142,"column":99}},"65":{"start":{"line":143,"column":4},"end":{"line":143,"column":26}},"66":{"start":{"line":144,"column":4},"end":{"line":149,"column":7}},"67":{"start":{"line":150,"column":9},"end":{"line":164,"column":3}},"68":{"start":{"line":151,"column":4},"end":{"line":158,"column":5}},"69":{"start":{"line":152,"column":6},"end":{"line":152,"column":49}},"70":{"start":{"line":153,"column":6},"end":{"line":157,"column":9}},"71":{"start":{"line":159,"column":4},"end":{"line":161,"column":7}},"72":{"start":{"line":163,"column":4},"end":{"line":163,"column":20}}},"fnMap":{"0":{"name":"(anonymous_0)","decl":{"start":{"line":2,"column":1},"end":{"line":2,"column":2}},"loc":{"start":{"line":2,"column":12},"end":{"line":166,"column":1}},"line":2},"1":{"name":"(anonymous_1)","decl":{"start":{"line":22,"column":787},"end":{"line":22,"column":788}},"loc":{"start":{"line":22,"column":798},"end":{"line":24,"column":3}},"line":22},"2":{"name":"(anonymous_2)","decl":{"start":{"line":26,"column":17},"end":{"line":26,"column":18}},"loc":{"start":{"line":26,"column":29},"end":{"line":28,"column":3}},"line":26},"3":{"name":"(anonymous_3)","decl":{"start":{"line":41,"column":16},"end":{"line":41,"column":17}},"loc":{"start":{"line":41,"column":52},"end":{"line":66,"column":3}},"line":41},"4":{"name":"(anonymous_4)","decl":{"start":{"line":48,"column":12},"end":{"line":48,"column":13}},"loc":{"start":{"line":48,"column":26},"end":{"line":65,"column":5}},"line":48},"5":{"name":"(anonymous_5)","decl":{"start":{"line":68,"column":21},"end":{"line":68,"column":22}},"loc":{"start":{"line":68,"column":39},"end":{"line":88,"column":3}},"line":68},"6":{"name":"(anonymous_6)","decl":{"start":{"line":69,"column":56},"end":{"line":69,"column":57}},"loc":{"start":{"line":69,"column":71},"end":{"line":87,"column":5}},"line":69},"7":{"name":"(anonymous_7)","decl":{"start":{"line":72,"column":17},"end":{"line":72,"column":18}},"loc":{"start":{"line":72,"column":36},"end":{"line":85,"column":7}},"line":72},"8":{"name":"(anonymous_8)","decl":{"start":{"line":78,"column":31},"end":{"line":78,"column":32}},"loc":{"start":{"line":78,"column":42},"end":{"line":84,"column":9}},"line":78},"9":{"name":"(anonymous_9)","decl":{"start":{"line":79,"column":30},"end":{"line":79,"column":31}},"loc":{"start":{"line":79,"column":41},"end":{"line":81,"column":11}},"line":79},"10":{"name":"(anonymous_10)","decl":{"start":{"line":81,"column":18},"end":{"line":81,"column":19}},"loc":{"start":{"line":81,"column":29},"end":{"line":83,"column":11}},"line":81},"11":{"name":"(anonymous_11)","decl":{"start":{"line":113,"column":18},"end":{"line":113,"column":19}},"loc":{"start":{"line":113,"column":37},"end":{"line":121,"column":7}},"line":113},"12":{"name":"(anonymous_12)","decl":{"start":{"line":114,"column":31},"end":{"line":114,"column":32}},"loc":{"start":{"line":114,"column":42},"end":{"line":120,"column":9}},"line":114},"13":{"name":"(anonymous_13)","decl":{"start":{"line":122,"column":22},"end":{"line":122,"column":23}},"loc":{"start":{"line":122,"column":33},"end":{"line":136,"column":7}},"line":122}},"branchMap":{"0":{"loc":{"start":{"line":43,"column":23},"end":{"line":43,"column":74}},"type":"binary-expr","locations":[{"start":{"line":43,"column":23},"end":{"line":43,"column":38}},{"start":{"line":43,"column":42},"end":{"line":43,"column":48}},{"start":{"line":43,"column":52},"end":{"line":43,"column":74}}],"line":43},"1":{"loc":{"start":{"line":51,"column":6},"end":{"line":55,"column":7}},"type":"if","locations":[{"start":{"line":51,"column":6},"end":{"line":55,"column":7}},{"start":{"line":51,"column":6},"end":{"line":55,"column":7}}],"line":51},"2":{"loc":{"start":{"line":56,"column":6},"end":{"line":62,"column":7}},"type":"if","locations":[{"start":{"line":56,"column":6},"end":{"line":62,"column":7}},{"start":{"line":56,"column":6},"end":{"line":62,"column":7}}],"line":56},"3":{"loc":{"start":{"line":57,"column":8},"end":{"line":61,"column":9}},"type":"if","locations":[{"start":{"line":57,"column":8},"end":{"line":61,"column":9}},{"start":{"line":57,"column":8},"end":{"line":61,"column":9}}],"line":57},"4":{"loc":{"start":{"line":75,"column":8},"end":{"line":77,"column":9}},"type":"if","locations":[{"start":{"line":75,"column":8},"end":{"line":77,"column":9}},{"start":{"line":75,"column":8},"end":{"line":77,"column":9}}],"line":75},"5":{"loc":{"start":{"line":80,"column":19},"end":{"line":80,"column":67}},"type":"binary-expr","locations":[{"start":{"line":80,"column":19},"end":{"line":80,"column":34}},{"start":{"line":80,"column":38},"end":{"line":80,"column":67}}],"line":80},"6":{"loc":{"start":{"line":90,"column":2},"end":{"line":92,"column":3}},"type":"if","locations":[{"start":{"line":90,"column":2},"end":{"line":92,"column":3}},{"start":{"line":90,"column":2},"end":{"line":92,"column":3}}],"line":90},"7":{"loc":{"start":{"line":94,"column":2},"end":{"line":164,"column":3}},"type":"if","locations":[{"start":{"line":94,"column":2},"end":{"line":164,"column":3}},{"start":{"line":94,"column":2},"end":{"line":164,"column":3}}],"line":94},"8":{"loc":{"start":{"line":96,"column":4},"end":{"line":140,"column":5}},"type":"if","locations":[{"start":{"line":96,"column":4},"end":{"line":140,"column":5}},{"start":{"line":96,"column":4},"end":{"line":140,"column":5}}],"line":96},"9":{"loc":{"start":{"line":97,"column":6},"end":{"line":102,"column":8}},"type":"binary-expr","locations":[{"start":{"line":97,"column":6},"end":{"line":97,"column":13}},{"start":{"line":97,"column":17},"end":{"line":102,"column":8}}],"line":97},"10":{"loc":{"start":{"line":99,"column":18},"end":{"line":99,"column":55}},"type":"cond-expr","locations":[{"start":{"line":99,"column":39},"end":{"line":99,"column":47}},{"start":{"line":99,"column":50},"end":{"line":99,"column":55}}],"line":99},"11":{"loc":{"start":{"line":103,"column":6},"end":{"line":105,"column":7}},"type":"if","locations":[{"start":{"line":103,"column":6},"end":{"line":105,"column":7}},{"start":{"line":103,"column":6},"end":{"line":105,"column":7}}],"line":103},"12":{"loc":{"start":{"line":106,"column":6},"end":{"line":111,"column":7}},"type":"if","locations":[{"start":{"line":106,"column":6},"end":{"line":111,"column":7}},{"start":{"line":106,"column":6},"end":{"line":111,"column":7}}],"line":106},"13":{"loc":{"start":{"line":106,"column":10},"end":{"line":106,"column":44}},"type":"binary-expr","locations":[{"start":{"line":106,"column":10},"end":{"line":106,"column":17}},{"start":{"line":106,"column":22},"end":{"line":106,"column":31}},{"start":{"line":106,"column":35},"end":{"line":106,"column":43}}],"line":106},"14":{"loc":{"start":{"line":115,"column":10},"end":{"line":119,"column":11}},"type":"if","locations":[{"start":{"line":115,"column":10},"end":{"line":119,"column":11}},{"start":{"line":115,"column":10},"end":{"line":119,"column":11}}],"line":115},"15":{"loc":{"start":{"line":123,"column":8},"end":{"line":130,"column":9}},"type":"if","locations":[{"start":{"line":123,"column":8},"end":{"line":130,"column":9}},{"start":{"line":123,"column":8},"end":{"line":130,"column":9}}],"line":123},"16":{"loc":{"start":{"line":141,"column":9},"end":{"line":164,"column":3}},"type":"if","locations":[{"start":{"line":141,"column":9},"end":{"line":164,"column":3}},{"start":{"line":141,"column":9},"end":{"line":164,"column":3}}],"line":141},"17":{"loc":{"start":{"line":142,"column":55},"end":{"line":142,"column":98}},"type":"cond-expr","locations":[{"start":{"line":142,"column":74},"end":{"line":142,"column":93}},{"start":{"line":142,"column":96},"end":{"line":142,"column":98}}],"line":142},"18":{"loc":{"start":{"line":150,"column":9},"end":{"line":164,"column":3}},"type":"if","locations":[{"start":{"line":150,"column":9},"end":{"line":164,"column":3}},{"start":{"line":150,"column":9},"end":{"line":164,"column":3}}],"line":150},"19":{"loc":{"start":{"line":151,"column":4},"end":{"line":158,"column":5}},"type":"if","locations":[{"start":{"line":151,"column":4},"end":{"line":158,"column":5}},{"start":{"line":151,"column":4},"end":{"line":158,"column":5}}],"line":151},"20":{"loc":{"start":{"line":155,"column":29},"end":{"line":155,"column":65}},"type":"binary-expr","locations":[{"start":{"line":155,"column":29},"end":{"line":155,"column":45}},{"start":{"line":155,"column":49},"end":{"line":155,"column":65}}],"line":155}},"s":{"0":0,"1":0,"2":0,"3":0,"4":0,"5":0,"6":0,"7":0,"8":0,"9":0,"10":0,"11":0,"12":0,"13":0,"14":0,"15":0,"16":0,"17":0,"18":0,"19":0,"20":0,"21":0,"22":0,"23":0,"24":0,"25":0,"26":0,"27":0,"28":0,"29":0,"30":0,"31":0,"32":0,"33":0,"34":0,"35":0,"36":0,"37":0,"38":0,"39":0,"40":0,"41":0,"42":0,"43":0,"44":0,"45":0,"46":0,"47":0,"48":0,"49":0,"50":0,"51":0,"52":0,"53":0,"54":0,"55":0,"56":0,"57":0,"58":0,"59":0,"60":0,"61":0,"62":0,"63":0,"64":0,"65":0,"66":0,"67":0,"68":0,"69":0,"70":0,"71":0,"72":0},"f":{"0":0,"1":0,"2":0,"3":0,"4":0,"5":0,"6":0,"7":0,"8":0,"9":0,"10":0,"11":0,"12":0,"13":0},"b":{"0":[0,0,0],"1":[0,0],"2":[0,0],"3":[0,0],"4":[0,0],"5":[0,0],"6":[0,0],"7":[0,0],"8":[0,0],"9":[0,0],"10":[0,0],"11":[0,0],"12":[0,0],"13":[0,0,0],"14":[0,0],"15":[0,0],"16":[0,0],"17":[0,0],"18":[0,0],"19":[0,0],"20":[0,0]}}
,"/Users/shanebdavis/dev/caffeine-suite/packages/caffeine-mc/source/index.js": {"path":"/Users/shanebdavis/dev/caffeine-suite/packages/caffeine-mc/source/index.js","statementMap":{"0":{"start":{"line":2,"column":10},"end":{"line":2,"column":44}},"1":{"start":{"line":3,"column":0},"end":{"line":5,"column":3}},"2":{"start":{"line":4,"column":2},"end":{"line":4,"column":33}}},"fnMap":{"0":{"name":"(anonymous_0)","decl":{"start":{"line":3,"column":19},"end":{"line":3,"column":20}},"loc":{"start":{"line":3,"column":25},"end":{"line":5,"column":1}},"line":3}},"branchMap":{},"s":{"0":5,"1":5,"2":5},"f":{"0":5},"b":{},"_coverageSchema":"1a1c01bbd47fc00a2c39e90264f33305004495a9","hash":"4c8eae7b8572ca055e9f6fd69d4a863aa5d81681"}
,"/Users/shanebdavis/dev/caffeine-suite/packages/caffeine-mc/source/webpack-loader.js": {"path":"/Users/shanebdavis/dev/caffeine-suite/packages/caffeine-mc/source/webpack-loader.js","statementMap":{"0":{"start":{"line":2,"column":0},"end":{"line":61,"column":14}},"1":{"start":{"line":5,"column":2},"end":{"line":5,"column":34}},"2":{"start":{"line":7,"column":2},"end":{"line":7,"column":44}},"3":{"start":{"line":9,"column":2},"end":{"line":9,"column":40}},"4":{"start":{"line":11,"column":2},"end":{"line":11,"column":72}},"5":{"start":{"line":26,"column":2},"end":{"line":26,"column":39}},"6":{"start":{"line":28,"column":2},"end":{"line":57,"column":4}},"7":{"start":{"line":30,"column":4},"end":{"line":32,"column":5}},"8":{"start":{"line":31,"column":6},"end":{"line":31,"column":23}},"9":{"start":{"line":33,"column":4},"end":{"line":33,"column":55}},"10":{"start":{"line":34,"column":4},"end":{"line":56,"column":5}},"11":{"start":{"line":35,"column":6},"end":{"line":42,"column":60}},"12":{"start":{"line":43,"column":6},"end":{"line":43,"column":48}},"13":{"start":{"line":45,"column":6},"end":{"line":45,"column":16}},"14":{"start":{"line":46,"column":6},"end":{"line":54,"column":7}},"15":{"start":{"line":47,"column":8},"end":{"line":47,"column":38}},"16":{"start":{"line":48,"column":8},"end":{"line":48,"column":23}},"17":{"start":{"line":49,"column":8},"end":{"line":49,"column":18}},"18":{"start":{"line":51,"column":8},"end":{"line":53,"column":11}},"19":{"start":{"line":55,"column":6},"end":{"line":55,"column":14}},"20":{"start":{"line":59,"column":2},"end":{"line":59,"column":34}}},"fnMap":{"0":{"name":"(anonymous_0)","decl":{"start":{"line":2,"column":1},"end":{"line":2,"column":2}},"loc":{"start":{"line":2,"column":12},"end":{"line":61,"column":1}},"line":2},"1":{"name":"(anonymous_1)","decl":{"start":{"line":28,"column":19},"end":{"line":28,"column":20}},"loc":{"start":{"line":28,"column":36},"end":{"line":57,"column":3}},"line":28}},"branchMap":{"0":{"loc":{"start":{"line":30,"column":4},"end":{"line":32,"column":5}},"type":"if","locations":[{"start":{"line":30,"column":4},"end":{"line":32,"column":5}},{"start":{"line":30,"column":4},"end":{"line":32,"column":5}}],"line":30},"1":{"loc":{"start":{"line":46,"column":6},"end":{"line":54,"column":7}},"type":"if","locations":[{"start":{"line":46,"column":6},"end":{"line":54,"column":7}},{"start":{"line":46,"column":6},"end":{"line":54,"column":7}}],"line":46}},"s":{"0":0,"1":0,"2":0,"3":0,"4":0,"5":0,"6":0,"7":0,"8":0,"9":0,"10":0,"11":0,"12":0,"13":0,"14":0,"15":0,"16":0,"17":0,"18":0,"19":0,"20":0},"f":{"0":0,"1":0},"b":{"0":[0,0],"1":[0,0]}}
,"/Users/shanebdavis/dev/caffeine-suite/packages/caffeine-mc/source/CaffeineMc/CafRepl.js": {"path":"/Users/shanebdavis/dev/caffeine-suite/packages/caffeine-mc/source/CaffeineMc/CafRepl.js","statementMap":{"0":{"start":{"line":2,"column":0},"end":{"line":399,"column":14}},"1":{"start":{"line":5,"column":2},"end":{"line":5,"column":370}},"2":{"start":{"line":7,"column":2},"end":{"line":7,"column":61}},"3":{"start":{"line":9,"column":2},"end":{"line":9,"column":113}},"4":{"start":{"line":11,"column":2},"end":{"line":11,"column":35}},"5":{"start":{"line":13,"column":2},"end":{"line":13,"column":25}},"6":{"start":{"line":15,"column":2},"end":{"line":15,"column":25}},"7":{"start":{"line":17,"column":2},"end":{"line":17,"column":21}},"8":{"start":{"line":19,"column":2},"end":{"line":21,"column":3}},"9":{"start":{"line":20,"column":4},"end":{"line":20,"column":70}},"10":{"start":{"line":23,"column":2},"end":{"line":23,"column":30}},"11":{"start":{"line":25,"column":2},"end":{"line":25,"column":22}},"12":{"start":{"line":27,"column":2},"end":{"line":27,"column":45}},"13":{"start":{"line":29,"column":2},"end":{"line":29,"column":47}},"14":{"start":{"line":31,"column":2},"end":{"line":397,"column":8}},"15":{"start":{"line":36,"column":4},"end":{"line":43,"column":6}},"16":{"start":{"line":38,"column":6},"end":{"line":38,"column":30}},"17":{"start":{"line":39,"column":6},"end":{"line":41,"column":7}},"18":{"start":{"line":40,"column":8},"end":{"line":40,"column":26}},"19":{"start":{"line":42,"column":6},"end":{"line":42,"column":22}},"20":{"start":{"line":45,"column":4},"end":{"line":243,"column":6}},"21":{"start":{"line":46,"column":6},"end":{"line":242,"column":9}},"22":{"start":{"line":47,"column":8},"end":{"line":237,"column":10}},"23":{"start":{"line":49,"column":10},"end":{"line":49,"column":29}},"24":{"start":{"line":50,"column":10},"end":{"line":50,"column":30}},"25":{"start":{"line":51,"column":10},"end":{"line":51,"column":26}},"26":{"start":{"line":52,"column":10},"end":{"line":52,"column":28}},"27":{"start":{"line":53,"column":10},"end":{"line":55,"column":12}},"28":{"start":{"line":54,"column":12},"end":{"line":54,"column":57}},"29":{"start":{"line":56,"column":10},"end":{"line":56,"column":63}},"30":{"start":{"line":57,"column":10},"end":{"line":57,"column":60}},"31":{"start":{"line":58,"column":10},"end":{"line":58,"column":45}},"32":{"start":{"line":59,"column":10},"end":{"line":59,"column":39}},"33":{"start":{"line":60,"column":10},"end":{"line":189,"column":13}},"34":{"start":{"line":64,"column":14},"end":{"line":64,"column":46}},"35":{"start":{"line":65,"column":14},"end":{"line":65,"column":278}},"36":{"start":{"line":66,"column":14},"end":{"line":108,"column":29}},"37":{"start":{"line":67,"column":16},"end":{"line":107,"column":17}},"38":{"start":{"line":68,"column":18},"end":{"line":68,"column":57}},"39":{"start":{"line":69,"column":18},"end":{"line":78,"column":23}},"40":{"start":{"line":71,"column":20},"end":{"line":71,"column":33}},"41":{"start":{"line":72,"column":20},"end":{"line":76,"column":21}},"42":{"start":{"line":73,"column":22},"end":{"line":75,"column":23}},"43":{"start":{"line":74,"column":24},"end":{"line":74,"column":40}},"44":{"start":{"line":77,"column":20},"end":{"line":77,"column":35}},"45":{"start":{"line":79,"column":18},"end":{"line":87,"column":111}},"46":{"start":{"line":88,"column":18},"end":{"line":102,"column":19}},"47":{"start":{"line":89,"column":20},"end":{"line":89,"column":40}},"48":{"start":{"line":91,"column":20},"end":{"line":101,"column":22}},"49":{"start":{"line":94,"column":24},"end":{"line":94,"column":37}},"50":{"start":{"line":95,"column":24},"end":{"line":98,"column":25}},"51":{"start":{"line":96,"column":26},"end":{"line":96,"column":40}},"52":{"start":{"line":97,"column":26},"end":{"line":97,"column":50}},"53":{"start":{"line":99,"column":24},"end":{"line":99,"column":39}},"54":{"start":{"line":104,"column":18},"end":{"line":104,"column":33}},"55":{"start":{"line":105,"column":18},"end":{"line":105,"column":118}},"56":{"start":{"line":106,"column":18},"end":{"line":106,"column":46}},"57":{"start":{"line":109,"column":14},"end":{"line":111,"column":15}},"58":{"start":{"line":110,"column":16},"end":{"line":110,"column":50}},"59":{"start":{"line":112,"column":14},"end":{"line":112,"column":25}},"60":{"start":{"line":116,"column":14},"end":{"line":187,"column":15}},"61":{"start":{"line":117,"column":16},"end":{"line":117,"column":44}},"62":{"start":{"line":118,"column":16},"end":{"line":120,"column":17}},"63":{"start":{"line":119,"column":18},"end":{"line":119,"column":36}},"64":{"start":{"line":121,"column":16},"end":{"line":125,"column":17}},"65":{"start":{"line":122,"column":18},"end":{"line":122,"column":69}},"66":{"start":{"line":123,"column":18},"end":{"line":123,"column":103}},"67":{"start":{"line":124,"column":18},"end":{"line":124,"column":59}},"68":{"start":{"line":126,"column":16},"end":{"line":126,"column":225}},"69":{"start":{"line":127,"column":16},"end":{"line":127,"column":77}},"70":{"start":{"line":128,"column":16},"end":{"line":128,"column":42}},"71":{"start":{"line":129,"column":16},"end":{"line":179,"column":19}},"72":{"start":{"line":131,"column":18},"end":{"line":131,"column":46}},"73":{"start":{"line":132,"column":18},"end":{"line":138,"column":21}},"74":{"start":{"line":139,"column":18},"end":{"line":141,"column":19}},"75":{"start":{"line":140,"column":20},"end":{"line":140,"column":70}},"76":{"start":{"line":142,"column":18},"end":{"line":142,"column":93}},"77":{"start":{"line":143,"column":18},"end":{"line":145,"column":19}},"78":{"start":{"line":144,"column":20},"end":{"line":144,"column":70}},"79":{"start":{"line":146,"column":18},"end":{"line":148,"column":19}},"80":{"start":{"line":147,"column":20},"end":{"line":147,"column":28}},"81":{"start":{"line":149,"column":18},"end":{"line":149,"column":32}},"82":{"start":{"line":150,"column":18},"end":{"line":164,"column":19}},"83":{"start":{"line":151,"column":20},"end":{"line":151,"column":52}},"84":{"start":{"line":152,"column":20},"end":{"line":156,"column":21}},"85":{"start":{"line":153,"column":22},"end":{"line":153,"column":70}},"86":{"start":{"line":154,"column":27},"end":{"line":156,"column":21}},"87":{"start":{"line":155,"column":22},"end":{"line":155,"column":80}},"88":{"start":{"line":157,"column":20},"end":{"line":161,"column":21}},"89":{"start":{"line":158,"column":22},"end":{"line":158,"column":98}},"90":{"start":{"line":160,"column":22},"end":{"line":160,"column":109}},"91":{"start":{"line":162,"column":20},"end":{"line":162,"column":78}},"92":{"start":{"line":163,"column":20},"end":{"line":163,"column":78}},"93":{"start":{"line":165,"column":18},"end":{"line":178,"column":19}},"94":{"start":{"line":166,"column":20},"end":{"line":166,"column":112}},"95":{"start":{"line":167,"column":20},"end":{"line":167,"column":114}},"96":{"start":{"line":168,"column":20},"end":{"line":174,"column":21}},"97":{"start":{"line":169,"column":22},"end":{"line":169,"column":88}},"98":{"start":{"line":170,"column":22},"end":{"line":170,"column":90}},"99":{"start":{"line":172,"column":22},"end":{"line":172,"column":88}},"100":{"start":{"line":173,"column":22},"end":{"line":173,"column":90}},"101":{"start":{"line":175,"column":20},"end":{"line":175,"column":88}},"102":{"start":{"line":176,"column":20},"end":{"line":176,"column":85}},"103":{"start":{"line":177,"column":20},"end":{"line":177,"column":57}},"104":{"start":{"line":180,"column":16},"end":{"line":182,"column":17}},"105":{"start":{"line":181,"column":18},"end":{"line":181,"column":88}},"106":{"start":{"line":183,"column":16},"end":{"line":183,"column":34}},"107":{"start":{"line":185,"column":16},"end":{"line":185,"column":27}},"108":{"start":{"line":186,"column":16},"end":{"line":186,"column":35}},"109":{"start":{"line":190,"column":10},"end":{"line":190,"column":31}},"110":{"start":{"line":191,"column":10},"end":{"line":199,"column":13}},"111":{"start":{"line":195,"column":14},"end":{"line":195,"column":89}},"112":{"start":{"line":196,"column":14},"end":{"line":196,"column":53}},"113":{"start":{"line":197,"column":14},"end":{"line":197,"column":51}},"114":{"start":{"line":200,"column":10},"end":{"line":208,"column":13}},"115":{"start":{"line":204,"column":14},"end":{"line":204,"column":64}},"116":{"start":{"line":205,"column":14},"end":{"line":205,"column":53}},"117":{"start":{"line":206,"column":14},"end":{"line":206,"column":51}},"118":{"start":{"line":209,"column":10},"end":{"line":217,"column":13}},"119":{"start":{"line":213,"column":14},"end":{"line":213,"column":43}},"120":{"start":{"line":214,"column":14},"end":{"line":214,"column":107}},"121":{"start":{"line":215,"column":14},"end":{"line":215,"column":51}},"122":{"start":{"line":218,"column":10},"end":{"line":226,"column":13}},"123":{"start":{"line":222,"column":14},"end":{"line":222,"column":30}},"124":{"start":{"line":223,"column":14},"end":{"line":223,"column":104}},"125":{"start":{"line":224,"column":14},"end":{"line":224,"column":51}},"126":{"start":{"line":227,"column":10},"end":{"line":235,"column":13}},"127":{"start":{"line":231,"column":14},"end":{"line":231,"column":39}},"128":{"start":{"line":232,"column":14},"end":{"line":232,"column":108}},"129":{"start":{"line":233,"column":14},"end":{"line":233,"column":51}},"130":{"start":{"line":236,"column":10},"end":{"line":236,"column":86}},"131":{"start":{"line":239,"column":8},"end":{"line":241,"column":11}},"132":{"start":{"line":245,"column":4},"end":{"line":247,"column":6}},"133":{"start":{"line":246,"column":6},"end":{"line":246,"column":66}},"134":{"start":{"line":249,"column":4},"end":{"line":265,"column":6}},"135":{"start":{"line":251,"column":6},"end":{"line":251,"column":31}},"136":{"start":{"line":252,"column":6},"end":{"line":256,"column":21}},"137":{"start":{"line":257,"column":6},"end":{"line":264,"column":7}},"138":{"start":{"line":258,"column":8},"end":{"line":260,"column":11}},"139":{"start":{"line":262,"column":8},"end":{"line":262,"column":19}},"140":{"start":{"line":263,"column":8},"end":{"line":263,"column":31}},"141":{"start":{"line":267,"column":4},"end":{"line":269,"column":6}},"142":{"start":{"line":268,"column":6},"end":{"line":268,"column":83}},"143":{"start":{"line":271,"column":4},"end":{"line":285,"column":6}},"144":{"start":{"line":273,"column":6},"end":{"line":275,"column":7}},"145":{"start":{"line":274,"column":8},"end":{"line":274,"column":39}},"146":{"start":{"line":276,"column":6},"end":{"line":278,"column":7}},"147":{"start":{"line":277,"column":8},"end":{"line":277,"column":26}},"148":{"start":{"line":279,"column":6},"end":{"line":279,"column":50}},"149":{"start":{"line":280,"column":6},"end":{"line":284,"column":7}},"150":{"start":{"line":281,"column":8},"end":{"line":281,"column":52}},"151":{"start":{"line":283,"column":8},"end":{"line":283,"column":41}},"152":{"start":{"line":287,"column":4},"end":{"line":287,"column":24}},"153":{"start":{"line":289,"column":4},"end":{"line":320,"column":6}},"154":{"start":{"line":291,"column":6},"end":{"line":293,"column":7}},"155":{"start":{"line":292,"column":8},"end":{"line":292,"column":39}},"156":{"start":{"line":294,"column":6},"end":{"line":296,"column":7}},"157":{"start":{"line":295,"column":8},"end":{"line":295,"column":26}},"158":{"start":{"line":297,"column":6},"end":{"line":297,"column":28}},"159":{"start":{"line":298,"column":6},"end":{"line":315,"column":7}},"160":{"start":{"line":299,"column":8},"end":{"line":299,"column":52}},"161":{"start":{"line":300,"column":8},"end":{"line":310,"column":9}},"162":{"start":{"line":301,"column":10},"end":{"line":301,"column":107}},"163":{"start":{"line":302,"column":10},"end":{"line":305,"column":11}},"164":{"start":{"line":303,"column":12},"end":{"line":303,"column":40}},"165":{"start":{"line":304,"column":12},"end":{"line":304,"column":41}},"166":{"start":{"line":306,"column":10},"end":{"line":306,"column":51}},"167":{"start":{"line":308,"column":10},"end":{"line":308,"column":21}},"168":{"start":{"line":309,"column":10},"end":{"line":309,"column":20}},"169":{"start":{"line":312,"column":8},"end":{"line":312,"column":19}},"170":{"start":{"line":313,"column":8},"end":{"line":313,"column":24}},"171":{"start":{"line":314,"column":8},"end":{"line":314,"column":22}},"172":{"start":{"line":316,"column":6},"end":{"line":318,"column":7}},"173":{"start":{"line":317,"column":8},"end":{"line":317,"column":20}},"174":{"start":{"line":319,"column":6},"end":{"line":319,"column":20}},"175":{"start":{"line":328,"column":4},"end":{"line":346,"column":6}},"176":{"start":{"line":329,"column":6},"end":{"line":331,"column":7}},"177":{"start":{"line":330,"column":8},"end":{"line":330,"column":31}},"178":{"start":{"line":332,"column":6},"end":{"line":334,"column":7}},"179":{"start":{"line":333,"column":8},"end":{"line":333,"column":38}},"180":{"start":{"line":335,"column":6},"end":{"line":335,"column":49}},"181":{"start":{"line":336,"column":6},"end":{"line":345,"column":9}},"182":{"start":{"line":340,"column":10},"end":{"line":343,"column":12}},"183":{"start":{"line":341,"column":12},"end":{"line":341,"column":107}},"184":{"start":{"line":342,"column":12},"end":{"line":342,"column":49}},"185":{"start":{"line":348,"column":4},"end":{"line":369,"column":6}},"186":{"start":{"line":350,"column":6},"end":{"line":350,"column":22}},"187":{"start":{"line":351,"column":6},"end":{"line":367,"column":25}},"188":{"start":{"line":352,"column":8},"end":{"line":352,"column":37}},"189":{"start":{"line":353,"column":8},"end":{"line":353,"column":44}},"190":{"start":{"line":354,"column":8},"end":{"line":354,"column":44}},"191":{"start":{"line":355,"column":8},"end":{"line":355,"column":36}},"192":{"start":{"line":356,"column":8},"end":{"line":356,"column":63}},"193":{"start":{"line":357,"column":8},"end":{"line":357,"column":29}},"194":{"start":{"line":358,"column":8},"end":{"line":358,"column":71}},"195":{"start":{"line":359,"column":8},"end":{"line":361,"column":9}},"196":{"start":{"line":360,"column":10},"end":{"line":360,"column":37}},"197":{"start":{"line":362,"column":8},"end":{"line":364,"column":9}},"198":{"start":{"line":363,"column":10},"end":{"line":363,"column":39}},"199":{"start":{"line":365,"column":8},"end":{"line":365,"column":39}},"200":{"start":{"line":366,"column":8},"end":{"line":366,"column":43}},"201":{"start":{"line":368,"column":6},"end":{"line":368,"column":22}},"202":{"start":{"line":371,"column":4},"end":{"line":384,"column":6}},"203":{"start":{"line":373,"column":6},"end":{"line":373,"column":38}},"204":{"start":{"line":374,"column":6},"end":{"line":374,"column":53}},"205":{"start":{"line":375,"column":6},"end":{"line":380,"column":9}},"206":{"start":{"line":376,"column":8},"end":{"line":379,"column":9}},"207":{"start":{"line":377,"column":10},"end":{"line":377,"column":40}},"208":{"start":{"line":378,"column":10},"end":{"line":378,"column":33}},"209":{"start":{"line":381,"column":6},"end":{"line":383,"column":9}},"210":{"start":{"line":382,"column":8},"end":{"line":382,"column":32}},"211":{"start":{"line":386,"column":4},"end":{"line":393,"column":6}},"212":{"start":{"line":388,"column":6},"end":{"line":388,"column":60}},"213":{"start":{"line":389,"column":6},"end":{"line":392,"column":8}},"214":{"start":{"line":395,"column":4},"end":{"line":395,"column":19}}},"fnMap":{"0":{"name":"(anonymous_0)","decl":{"start":{"line":2,"column":1},"end":{"line":2,"column":2}},"loc":{"start":{"line":2,"column":12},"end":{"line":399,"column":1}},"line":2},"1":{"name":"(anonymous_1)","decl":{"start":{"line":31,"column":34},"end":{"line":31,"column":35}},"loc":{"start":{"line":31,"column":45},"end":{"line":397,"column":3}},"line":31},"2":{"name":"CafRepl","decl":{"start":{"line":34,"column":13},"end":{"line":34,"column":20}},"loc":{"start":{"line":34,"column":23},"end":{"line":34,"column":25}},"line":34},"3":{"name":"(anonymous_3)","decl":{"start":{"line":36,"column":18},"end":{"line":36,"column":19}},"loc":{"start":{"line":36,"column":47},"end":{"line":43,"column":5}},"line":36},"4":{"name":"(anonymous_4)","decl":{"start":{"line":45,"column":20},"end":{"line":45,"column":21}},"loc":{"start":{"line":45,"column":37},"end":{"line":243,"column":5}},"line":45},"5":{"name":"(anonymous_5)","decl":{"start":{"line":46,"column":37},"end":{"line":46,"column":38}},"loc":{"start":{"line":46,"column":53},"end":{"line":238,"column":7}},"line":46},"6":{"name":"(anonymous_6)","decl":{"start":{"line":47,"column":15},"end":{"line":47,"column":16}},"loc":{"start":{"line":47,"column":30},"end":{"line":237,"column":9}},"line":47},"7":{"name":"(anonymous_7)","decl":{"start":{"line":53,"column":26},"end":{"line":53,"column":27}},"loc":{"start":{"line":53,"column":37},"end":{"line":55,"column":11}},"line":53},"8":{"name":"(anonymous_8)","decl":{"start":{"line":62,"column":23},"end":{"line":62,"column":24}},"loc":{"start":{"line":62,"column":41},"end":{"line":113,"column":13}},"line":62},"9":{"name":"(anonymous_9)","decl":{"start":{"line":66,"column":21},"end":{"line":66,"column":22}},"loc":{"start":{"line":66,"column":32},"end":{"line":108,"column":15}},"line":66},"10":{"name":"(anonymous_10)","decl":{"start":{"line":69,"column":26},"end":{"line":69,"column":27}},"loc":{"start":{"line":69,"column":37},"end":{"line":78,"column":19}},"line":69},"11":{"name":"(anonymous_11)","decl":{"start":{"line":92,"column":23},"end":{"line":92,"column":24}},"loc":{"start":{"line":92,"column":34},"end":{"line":100,"column":23}},"line":92},"12":{"name":"(anonymous_12)","decl":{"start":{"line":114,"column":20},"end":{"line":114,"column":21}},"loc":{"start":{"line":114,"column":67},"end":{"line":188,"column":13}},"line":114},"13":{"name":"(anonymous_13)","decl":{"start":{"line":129,"column":50},"end":{"line":129,"column":51}},"loc":{"start":{"line":129,"column":99},"end":{"line":179,"column":17}},"line":129},"14":{"name":"(anonymous_14)","decl":{"start":{"line":194,"column":20},"end":{"line":194,"column":21}},"loc":{"start":{"line":194,"column":31},"end":{"line":198,"column":13}},"line":194},"15":{"name":"(anonymous_15)","decl":{"start":{"line":203,"column":20},"end":{"line":203,"column":21}},"loc":{"start":{"line":203,"column":31},"end":{"line":207,"column":13}},"line":203},"16":{"name":"(anonymous_16)","decl":{"start":{"line":212,"column":20},"end":{"line":212,"column":21}},"loc":{"start":{"line":212,"column":31},"end":{"line":216,"column":13}},"line":212},"17":{"name":"(anonymous_17)","decl":{"start":{"line":221,"column":20},"end":{"line":221,"column":21}},"loc":{"start":{"line":221,"column":31},"end":{"line":225,"column":13}},"line":221},"18":{"name":"(anonymous_18)","decl":{"start":{"line":230,"column":20},"end":{"line":230,"column":21}},"loc":{"start":{"line":230,"column":31},"end":{"line":234,"column":13}},"line":230},"19":{"name":"(anonymous_19)","decl":{"start":{"line":238,"column":25},"end":{"line":238,"column":26}},"loc":{"start":{"line":238,"column":41},"end":{"line":242,"column":7}},"line":238},"20":{"name":"(anonymous_20)","decl":{"start":{"line":245,"column":24},"end":{"line":245,"column":25}},"loc":{"start":{"line":245,"column":35},"end":{"line":247,"column":5}},"line":245},"21":{"name":"(anonymous_21)","decl":{"start":{"line":249,"column":29},"end":{"line":249,"column":30}},"loc":{"start":{"line":249,"column":57},"end":{"line":265,"column":5}},"line":249},"22":{"name":"(anonymous_22)","decl":{"start":{"line":267,"column":35},"end":{"line":267,"column":36}},"loc":{"start":{"line":267,"column":46},"end":{"line":269,"column":5}},"line":267},"23":{"name":"(anonymous_23)","decl":{"start":{"line":271,"column":24},"end":{"line":271,"column":25}},"loc":{"start":{"line":271,"column":61},"end":{"line":285,"column":5}},"line":271},"24":{"name":"(anonymous_24)","decl":{"start":{"line":289,"column":23},"end":{"line":289,"column":24}},"loc":{"start":{"line":289,"column":60},"end":{"line":320,"column":5}},"line":289},"25":{"name":"(anonymous_25)","decl":{"start":{"line":328,"column":27},"end":{"line":328,"column":28}},"loc":{"start":{"line":328,"column":55},"end":{"line":346,"column":5}},"line":328},"26":{"name":"(anonymous_26)","decl":{"start":{"line":339,"column":17},"end":{"line":339,"column":18}},"loc":{"start":{"line":339,"column":33},"end":{"line":344,"column":9}},"line":339},"27":{"name":"(anonymous_27)","decl":{"start":{"line":340,"column":17},"end":{"line":340,"column":18}},"loc":{"start":{"line":340,"column":28},"end":{"line":343,"column":11}},"line":340},"28":{"name":"(anonymous_28)","decl":{"start":{"line":348,"column":26},"end":{"line":348,"column":27}},"loc":{"start":{"line":348,"column":54},"end":{"line":369,"column":5}},"line":348},"29":{"name":"(anonymous_29)","decl":{"start":{"line":371,"column":33},"end":{"line":371,"column":34}},"loc":{"start":{"line":371,"column":61},"end":{"line":384,"column":5}},"line":371},"30":{"name":"(anonymous_30)","decl":{"start":{"line":375,"column":39},"end":{"line":375,"column":40}},"loc":{"start":{"line":375,"column":54},"end":{"line":380,"column":7}},"line":375},"31":{"name":"(anonymous_31)","decl":{"start":{"line":381,"column":37},"end":{"line":381,"column":38}},"loc":{"start":{"line":381,"column":48},"end":{"line":383,"column":7}},"line":381},"32":{"name":"(anonymous_32)","decl":{"start":{"line":386,"column":25},"end":{"line":386,"column":26}},"loc":{"start":{"line":386,"column":39},"end":{"line":393,"column":5}},"line":386}},"branchMap":{"0":{"loc":{"start":{"line":19,"column":2},"end":{"line":21,"column":3}},"type":"if","locations":[{"start":{"line":19,"column":2},"end":{"line":21,"column":3}},{"start":{"line":19,"column":2},"end":{"line":21,"column":3}}],"line":19},"1":{"loc":{"start":{"line":39,"column":6},"end":{"line":41,"column":7}},"type":"if","locations":[{"start":{"line":39,"column":6},"end":{"line":41,"column":7}},{"start":{"line":39,"column":6},"end":{"line":41,"column":7}}],"line":39},"2":{"loc":{"start":{"line":65,"column":30},"end":{"line":65,"column":277}},"type":"cond-expr","locations":[{"start":{"line":65,"column":101},"end":{"line":65,"column":175}},{"start":{"line":65,"column":179},"end":{"line":65,"column":277}}],"line":65},"3":{"loc":{"start":{"line":65,"column":179},"end":{"line":65,"column":277}},"type":"cond-expr","locations":[{"start":{"line":65,"column":228},"end":{"line":65,"column":259}},{"start":{"line":65,"column":263},"end":{"line":65,"column":277}}],"line":65},"4":{"loc":{"start":{"line":73,"column":22},"end":{"line":75,"column":23}},"type":"if","locations":[{"start":{"line":73,"column":22},"end":{"line":75,"column":23}},{"start":{"line":73,"column":22},"end":{"line":75,"column":23}}],"line":73},"5":{"loc":{"start":{"line":73,"column":26},"end":{"line":73,"column":95}},"type":"binary-expr","locations":[{"start":{"line":73,"column":26},"end":{"line":73,"column":31}},{"start":{"line":73,"column":35},"end":{"line":73,"column":95}}],"line":73},"6":{"loc":{"start":{"line":73,"column":36},"end":{"line":73,"column":88}},"type":"cond-expr","locations":[{"start":{"line":73,"column":69},"end":{"line":73,"column":79}},{"start":{"line":73,"column":82},"end":{"line":73,"column":88}}],"line":73},"7":{"loc":{"start":{"line":82,"column":30},"end":{"line":82,"column":60}},"type":"cond-expr","locations":[{"start":{"line":82,"column":45},"end":{"line":82,"column":49}},{"start":{"line":82,"column":52},"end":{"line":82,"column":60}}],"line":82},"8":{"loc":{"start":{"line":83,"column":29},"end":{"line":83,"column":103}},"type":"cond-expr","locations":[{"start":{"line":83,"column":48},"end":{"line":83,"column":63}},{"start":{"line":83,"column":66},"end":{"line":83,"column":103}}],"line":83},"9":{"loc":{"start":{"line":87,"column":25},"end":{"line":87,"column":108}},"type":"cond-expr","locations":[{"start":{"line":87,"column":43},"end":{"line":87,"column":103}},{"start":{"line":87,"column":106},"end":{"line":87,"column":108}}],"line":87},"10":{"loc":{"start":{"line":88,"column":18},"end":{"line":102,"column":19}},"type":"if","locations":[{"start":{"line":88,"column":18},"end":{"line":102,"column":19}},{"start":{"line":88,"column":18},"end":{"line":102,"column":19}}],"line":88},"11":{"loc":{"start":{"line":88,"column":22},"end":{"line":88,"column":49}},"type":"binary-expr","locations":[{"start":{"line":88,"column":22},"end":{"line":88,"column":26}},{"start":{"line":88,"column":30},"end":{"line":88,"column":49}}],"line":88},"12":{"loc":{"start":{"line":109,"column":14},"end":{"line":111,"column":15}},"type":"if","locations":[{"start":{"line":109,"column":14},"end":{"line":111,"column":15}},{"start":{"line":109,"column":14},"end":{"line":111,"column":15}}],"line":109},"13":{"loc":{"start":{"line":118,"column":16},"end":{"line":120,"column":17}},"type":"if","locations":[{"start":{"line":118,"column":16},"end":{"line":120,"column":17}},{"start":{"line":118,"column":16},"end":{"line":120,"column":17}}],"line":118},"14":{"loc":{"start":{"line":121,"column":16},"end":{"line":125,"column":17}},"type":"if","locations":[{"start":{"line":121,"column":16},"end":{"line":125,"column":17}},{"start":{"line":121,"column":16},"end":{"line":125,"column":17}}],"line":121},"15":{"loc":{"start":{"line":121,"column":20},"end":{"line":121,"column":47}},"type":"binary-expr","locations":[{"start":{"line":121,"column":20},"end":{"line":121,"column":30}},{"start":{"line":121,"column":34},"end":{"line":121,"column":47}}],"line":121},"16":{"loc":{"start":{"line":126,"column":25},"end":{"line":126,"column":224}},"type":"cond-expr","locations":[{"start":{"line":126,"column":41},"end":{"line":126,"column":161}},{"start":{"line":126,"column":166},"end":{"line":126,"column":223}}],"line":126},"17":{"loc":{"start":{"line":126,"column":41},"end":{"line":126,"column":117}},"type":"cond-expr","locations":[{"start":{"line":126,"column":54},"end":{"line":126,"column":108}},{"start":{"line":126,"column":111},"end":{"line":126,"column":117}}],"line":126},"18":{"loc":{"start":{"line":132,"column":54},"end":{"line":136,"column":27}},"type":"cond-expr","locations":[{"start":{"line":133,"column":20},"end":{"line":135,"column":23}},{"start":{"line":136,"column":22},"end":{"line":136,"column":27}}],"line":132},"19":{"loc":{"start":{"line":139,"column":18},"end":{"line":141,"column":19}},"type":"if","locations":[{"start":{"line":139,"column":18},"end":{"line":141,"column":19}},{"start":{"line":139,"column":18},"end":{"line":141,"column":19}}],"line":139},"20":{"loc":{"start":{"line":139,"column":22},"end":{"line":139,"column":48}},"type":"binary-expr","locations":[{"start":{"line":139,"column":22},"end":{"line":139,"column":32}},{"start":{"line":139,"column":36},"end":{"line":139,"column":48}}],"line":139},"21":{"loc":{"start":{"line":143,"column":18},"end":{"line":145,"column":19}},"type":"if","locations":[{"start":{"line":143,"column":18},"end":{"line":145,"column":19}},{"start":{"line":143,"column":18},"end":{"line":145,"column":19}}],"line":143},"22":{"loc":{"start":{"line":146,"column":18},"end":{"line":148,"column":19}},"type":"if","locations":[{"start":{"line":146,"column":18},"end":{"line":148,"column":19}},{"start":{"line":146,"column":18},"end":{"line":148,"column":19}}],"line":146},"23":{"loc":{"start":{"line":146,"column":22},"end":{"line":146,"column":48}},"type":"binary-expr","locations":[{"start":{"line":146,"column":22},"end":{"line":146,"column":33}},{"start":{"line":146,"column":37},"end":{"line":146,"column":48}}],"line":146},"24":{"loc":{"start":{"line":150,"column":18},"end":{"line":164,"column":19}},"type":"if","locations":[{"start":{"line":150,"column":18},"end":{"line":164,"column":19}},{"start":{"line":150,"column":18},"end":{"line":164,"column":19}}],"line":150},"25":{"loc":{"start":{"line":152,"column":20},"end":{"line":156,"column":21}},"type":"if","locations":[{"start":{"line":152,"column":20},"end":{"line":156,"column":21}},{"start":{"line":152,"column":20},"end":{"line":156,"column":21}}],"line":152},"26":{"loc":{"start":{"line":154,"column":27},"end":{"line":156,"column":21}},"type":"if","locations":[{"start":{"line":154,"column":27},"end":{"line":156,"column":21}},{"start":{"line":154,"column":27},"end":{"line":156,"column":21}}],"line":154},"27":{"loc":{"start":{"line":157,"column":20},"end":{"line":161,"column":21}},"type":"if","locations":[{"start":{"line":157,"column":20},"end":{"line":161,"column":21}},{"start":{"line":157,"column":20},"end":{"line":161,"column":21}}],"line":157},"28":{"loc":{"start":{"line":165,"column":18},"end":{"line":178,"column":19}},"type":"if","locations":[{"start":{"line":165,"column":18},"end":{"line":178,"column":19}},{"start":{"line":165,"column":18},"end":{"line":178,"column":19}}],"line":165},"29":{"loc":{"start":{"line":165,"column":22},"end":{"line":165,"column":48}},"type":"binary-expr","locations":[{"start":{"line":165,"column":22},"end":{"line":165,"column":33}},{"start":{"line":165,"column":37},"end":{"line":165,"column":48}}],"line":165},"30":{"loc":{"start":{"line":168,"column":20},"end":{"line":174,"column":21}},"type":"if","locations":[{"start":{"line":168,"column":20},"end":{"line":174,"column":21}},{"start":{"line":168,"column":20},"end":{"line":174,"column":21}}],"line":168},"31":{"loc":{"start":{"line":180,"column":16},"end":{"line":182,"column":17}},"type":"if","locations":[{"start":{"line":180,"column":16},"end":{"line":182,"column":17}},{"start":{"line":180,"column":16},"end":{"line":182,"column":17}}],"line":180},"32":{"loc":{"start":{"line":214,"column":70},"end":{"line":214,"column":97}},"type":"cond-expr","locations":[{"start":{"line":214,"column":85},"end":{"line":214,"column":89}},{"start":{"line":214,"column":92},"end":{"line":214,"column":97}}],"line":214},"33":{"loc":{"start":{"line":223,"column":72},"end":{"line":223,"column":94}},"type":"cond-expr","locations":[{"start":{"line":223,"column":82},"end":{"line":223,"column":86}},{"start":{"line":223,"column":89},"end":{"line":223,"column":94}}],"line":223},"34":{"loc":{"start":{"line":232,"column":73},"end":{"line":232,"column":98}},"type":"cond-expr","locations":[{"start":{"line":232,"column":86},"end":{"line":232,"column":90}},{"start":{"line":232,"column":93},"end":{"line":232,"column":98}}],"line":232},"35":{"loc":{"start":{"line":273,"column":6},"end":{"line":275,"column":7}},"type":"if","locations":[{"start":{"line":273,"column":6},"end":{"line":275,"column":7}},{"start":{"line":273,"column":6},"end":{"line":275,"column":7}}],"line":273},"36":{"loc":{"start":{"line":276,"column":6},"end":{"line":278,"column":7}},"type":"if","locations":[{"start":{"line":276,"column":6},"end":{"line":278,"column":7}},{"start":{"line":276,"column":6},"end":{"line":278,"column":7}}],"line":276},"37":{"loc":{"start":{"line":280,"column":6},"end":{"line":284,"column":7}},"type":"if","locations":[{"start":{"line":280,"column":6},"end":{"line":284,"column":7}},{"start":{"line":280,"column":6},"end":{"line":284,"column":7}}],"line":280},"38":{"loc":{"start":{"line":291,"column":6},"end":{"line":293,"column":7}},"type":"if","locations":[{"start":{"line":291,"column":6},"end":{"line":293,"column":7}},{"start":{"line":291,"column":6},"end":{"line":293,"column":7}}],"line":291},"39":{"loc":{"start":{"line":294,"column":6},"end":{"line":296,"column":7}},"type":"if","locations":[{"start":{"line":294,"column":6},"end":{"line":296,"column":7}},{"start":{"line":294,"column":6},"end":{"line":296,"column":7}}],"line":294},"40":{"loc":{"start":{"line":301,"column":19},"end":{"line":301,"column":106}},"type":"cond-expr","locations":[{"start":{"line":301,"column":42},"end":{"line":301,"column":78}},{"start":{"line":301,"column":81},"end":{"line":301,"column":106}}],"line":301},"41":{"loc":{"start":{"line":302,"column":10},"end":{"line":305,"column":11}},"type":"if","locations":[{"start":{"line":302,"column":10},"end":{"line":305,"column":11}},{"start":{"line":302,"column":10},"end":{"line":305,"column":11}}],"line":302},"42":{"loc":{"start":{"line":316,"column":6},"end":{"line":318,"column":7}},"type":"if","locations":[{"start":{"line":316,"column":6},"end":{"line":318,"column":7}},{"start":{"line":316,"column":6},"end":{"line":318,"column":7}}],"line":316},"43":{"loc":{"start":{"line":329,"column":6},"end":{"line":331,"column":7}},"type":"if","locations":[{"start":{"line":329,"column":6},"end":{"line":331,"column":7}},{"start":{"line":329,"column":6},"end":{"line":331,"column":7}}],"line":329},"44":{"loc":{"start":{"line":332,"column":6},"end":{"line":334,"column":7}},"type":"if","locations":[{"start":{"line":332,"column":6},"end":{"line":334,"column":7}},{"start":{"line":332,"column":6},"end":{"line":334,"column":7}}],"line":332},"45":{"loc":{"start":{"line":359,"column":8},"end":{"line":361,"column":9}},"type":"if","locations":[{"start":{"line":359,"column":8},"end":{"line":361,"column":9}},{"start":{"line":359,"column":8},"end":{"line":361,"column":9}}],"line":359},"46":{"loc":{"start":{"line":362,"column":8},"end":{"line":364,"column":9}},"type":"if","locations":[{"start":{"line":362,"column":8},"end":{"line":364,"column":9}},{"start":{"line":362,"column":8},"end":{"line":364,"column":9}}],"line":362},"47":{"loc":{"start":{"line":376,"column":8},"end":{"line":379,"column":9}},"type":"if","locations":[{"start":{"line":376,"column":8},"end":{"line":379,"column":9}},{"start":{"line":376,"column":8},"end":{"line":379,"column":9}}],"line":376},"48":{"loc":{"start":{"line":376,"column":12},"end":{"line":376,"column":95}},"type":"binary-expr","locations":[{"start":{"line":376,"column":12},"end":{"line":376,"column":16}},{"start":{"line":376,"column":20},"end":{"line":376,"column":31}},{"start":{"line":376,"column":35},"end":{"line":376,"column":54}},{"start":{"line":376,"column":58},"end":{"line":376,"column":74}},{"start":{"line":376,"column":78},"end":{"line":376,"column":95}}],"line":376}},"s":{"0":7,"1":7,"2":7,"3":7,"4":7,"5":7,"6":7,"7":7,"8":7,"9":7,"10":7,"11":7,"12":7,"13":7,"14":7,"15":7,"16":0,"17":0,"18":0,"19":0,"20":7,"21":0,"22":0,"23":0,"24":0,"25":0,"26":0,"27":0,"28":0,"29":0,"30":0,"31":0,"32":0,"33":0,"34":0,"35":0,"36":0,"37":0,"38":0,"39":0,"40":0,"41":0,"42":0,"43":0,"44":0,"45":0,"46":0,"47":0,"48":0,"49":0,"50":0,"51":0,"52":0,"53":0,"54":0,"55":0,"56":0,"57":0,"58":0,"59":0,"60":0,"61":0,"62":0,"63":0,"64":0,"65":0,"66":0,"67":0,"68":0,"69":0,"70":0,"71":0,"72":0,"73":0,"74":0,"75":0,"76":0,"77":0,"78":0,"79":0,"80":0,"81":0,"82":0,"83":0,"84":0,"85":0,"86":0,"87":0,"88":0,"89":0,"90":0,"91":0,"92":0,"93":0,"94":0,"95":0,"96":0,"97":0,"98":0,"99":0,"100":0,"101":0,"102":0,"103":0,"104":0,"105":0,"106":0,"107":0,"108":0,"109":0,"110":0,"111":0,"112":0,"113":0,"114":0,"115":0,"116":0,"117":0,"118":0,"119":0,"120":0,"121":0,"122":0,"123":0,"124":0,"125":0,"126":0,"127":0,"128":0,"129":0,"130":0,"131":0,"132":7,"133":0,"134":7,"135":0,"136":0,"137":0,"138":0,"139":0,"140":0,"141":7,"142":0,"143":7,"144":0,"145":0,"146":0,"147":0,"148":0,"149":0,"150":0,"151":0,"152":7,"153":7,"154":0,"155":0,"156":0,"157":0,"158":0,"159":0,"160":0,"161":0,"162":0,"163":0,"164":0,"165":0,"166":0,"167":0,"168":0,"169":0,"170":0,"171":0,"172":0,"173":0,"174":0,"175":7,"176":0,"177":0,"178":0,"179":0,"180":0,"181":0,"182":0,"183":0,"184":0,"185":7,"186":0,"187":0,"188":0,"189":0,"190":0,"191":0,"192":0,"193":0,"194":0,"195":0,"196":0,"197":0,"198":0,"199":0,"200":0,"201":0,"202":7,"203":0,"204":0,"205":0,"206":0,"207":0,"208":0,"209":0,"210":0,"211":7,"212":0,"213":0,"214":7},"f":{"0":7,"1":7,"2":0,"3":0,"4":0,"5":0,"6":0,"7":0,"8":0,"9":0,"10":0,"11":0,"12":0,"13":0,"14":0,"15":0,"16":0,"17":0,"18":0,"19":0,"20":0,"21":0,"22":0,"23":0,"24":0,"25":0,"26":0,"27":0,"28":0,"29":0,"30":0,"31":0,"32":0},"b":{"0":[7,0],"1":[0,0],"2":[0,0],"3":[0,0],"4":[0,0],"5":[0,0],"6":[0,0],"7":[0,0],"8":[0,0],"9":[0,0],"10":[0,0],"11":[0,0],"12":[0,0],"13":[0,0],"14":[0,0],"15":[0,0],"16":[0,0],"17":[0,0],"18":[0,0],"19":[0,0],"20":[0,0],"21":[0,0],"22":[0,0],"23":[0,0],"24":[0,0],"25":[0,0],"26":[0,0],"27":[0,0],"28":[0,0],"29":[0,0],"30":[0,0],"31":[0,0],"32":[0,0],"33":[0,0],"34":[0,0],"35":[0,0],"36":[0,0],"37":[0,0],"38":[0,0],"39":[0,0],"40":[0,0],"41":[0,0],"42":[0,0],"43":[0,0],"44":[0,0],"45":[0,0],"46":[0,0],"47":[0,0],"48":[0,0,0,0,0]},"_coverageSchema":"1a1c01bbd47fc00a2c39e90264f33305004495a9","hash":"50b98e0a573efa9f2cf59c7f428a6290a6ddbfa7"}
,"/Users/shanebdavis/dev/caffeine-suite/packages/caffeine-mc/source/CaffeineMc/CaffeineMc.js": {"path":"/Users/shanebdavis/dev/caffeine-suite/packages/caffeine-mc/source/CaffeineMc/CaffeineMc.js","statementMap":{"0":{"start":{"line":2,"column":10},"end":{"line":2,"column":44}},"1":{"start":{"line":3,"column":0},"end":{"line":12,"column":3}},"2":{"start":{"line":4,"column":2},"end":{"line":11,"column":4}}},"fnMap":{"0":{"name":"(anonymous_0)","decl":{"start":{"line":3,"column":19},"end":{"line":3,"column":20}},"loc":{"start":{"line":3,"column":25},"end":{"line":12,"column":1}},"line":3}},"branchMap":{},"s":{"0":7,"1":7,"2":7},"f":{"0":7},"b":{},"_coverageSchema":"1a1c01bbd47fc00a2c39e90264f33305004495a9","hash":"171659ecd1561806e161a231942954e9dec4d268"}
,"/Users/shanebdavis/dev/caffeine-suite/packages/caffeine-mc/source/CaffeineMc/CaffeineMcParser.js": {"path":"/Users/shanebdavis/dev/caffeine-suite/packages/caffeine-mc/source/CaffeineMc/CaffeineMcParser.js","statementMap":{"0":{"start":{"line":2,"column":10},"end":{"line":2,"column":44}},"1":{"start":{"line":3,"column":0},"end":{"line":67,"column":3}},"2":{"start":{"line":4,"column":2},"end":{"line":66,"column":4}},"3":{"start":{"line":13,"column":6},"end":{"line":64,"column":9}},"4":{"start":{"line":16,"column":10},"end":{"line":44,"column":13}},"5":{"start":{"line":23,"column":20},"end":{"line":27,"column":22}},"6":{"start":{"line":31,"column":20},"end":{"line":35,"column":22}},"7":{"start":{"line":39,"column":20},"end":{"line":39,"column":80}},"8":{"start":{"line":45,"column":10},"end":{"line":62,"column":13}}},"fnMap":{"0":{"name":"(anonymous_0)","decl":{"start":{"line":3,"column":19},"end":{"line":3,"column":20}},"loc":{"start":{"line":3,"column":25},"end":{"line":67,"column":1}},"line":3},"1":{"name":"(anonymous_1)","decl":{"start":{"line":11,"column":4},"end":{"line":11,"column":5}},"loc":{"start":{"line":11,"column":23},"end":{"line":65,"column":5}},"line":11},"2":{"name":"(anonymous_2)","decl":{"start":{"line":15,"column":8},"end":{"line":15,"column":9}},"loc":{"start":{"line":15,"column":63},"end":{"line":63,"column":9}},"line":15},"3":{"name":"(anonymous_3)","decl":{"start":{"line":21,"column":32},"end":{"line":21,"column":33}},"loc":{"start":{"line":21,"column":44},"end":{"line":28,"column":19}},"line":21},"4":{"name":"(anonymous_4)","decl":{"start":{"line":29,"column":28},"end":{"line":29,"column":29}},"loc":{"start":{"line":29,"column":40},"end":{"line":36,"column":19}},"line":29},"5":{"name":"(anonymous_5)","decl":{"start":{"line":37,"column":24},"end":{"line":37,"column":25}},"loc":{"start":{"line":37,"column":36},"end":{"line":40,"column":19}},"line":37}},"branchMap":{"0":{"loc":{"start":{"line":24,"column":22},"end":{"line":26,"column":32}},"type":"binary-expr","locations":[{"start":{"line":24,"column":22},"end":{"line":24,"column":52}},{"start":{"line":25,"column":22},"end":{"line":25,"column":61}},{"start":{"line":26,"column":22},"end":{"line":26,"column":32}}],"line":24},"1":{"loc":{"start":{"line":32,"column":22},"end":{"line":34,"column":32}},"type":"binary-expr","locations":[{"start":{"line":32,"column":22},"end":{"line":32,"column":52}},{"start":{"line":33,"column":22},"end":{"line":33,"column":57}},{"start":{"line":34,"column":22},"end":{"line":34,"column":32}}],"line":32},"2":{"loc":{"start":{"line":39,"column":27},"end":{"line":39,"column":79}},"type":"binary-expr","locations":[{"start":{"line":39,"column":28},"end":{"line":39,"column":59}},{"start":{"line":39,"column":63},"end":{"line":39,"column":72}},{"start":{"line":39,"column":77},"end":{"line":39,"column":79}}],"line":39}},"s":{"0":7,"1":7,"2":7,"3":7,"4":7,"5":61,"6":61,"7":61,"8":7},"f":{"0":7,"1":7,"2":7,"3":61,"4":61,"5":61},"b":{"0":[61,32,23],"1":[61,32,22],"2":[61,61,7]},"_coverageSchema":"1a1c01bbd47fc00a2c39e90264f33305004495a9","hash":"47828f3f781173a6b17115633bccc6b1adf1ac35"}
,"/Users/shanebdavis/dev/caffeine-suite/packages/caffeine-mc/source/CaffeineMc/CompileCache.js": {"path":"/Users/shanebdavis/dev/caffeine-suite/packages/caffeine-mc/source/CaffeineMc/CompileCache.js","statementMap":{"0":{"start":{"line":2,"column":0},"end":{"line":197,"column":14}},"1":{"start":{"line":4,"column":13},"end":{"line":4,"column":286}},"2":{"start":{"line":4,"column":39},"end":{"line":4,"column":123}},"3":{"start":{"line":4,"column":65},"end":{"line":4,"column":121}},"4":{"start":{"line":4,"column":96},"end":{"line":4,"column":121}},"5":{"start":{"line":4,"column":142},"end":{"line":4,"column":167}},"6":{"start":{"line":4,"column":170},"end":{"line":4,"column":204}},"7":{"start":{"line":4,"column":205},"end":{"line":4,"column":234}},"8":{"start":{"line":4,"column":235},"end":{"line":4,"column":270}},"9":{"start":{"line":4,"column":271},"end":{"line":4,"column":284}},"10":{"start":{"line":5,"column":14},"end":{"line":5,"column":31}},"11":{"start":{"line":7,"column":2},"end":{"line":7,"column":389}},"12":{"start":{"line":9,"column":2},"end":{"line":9,"column":52}},"13":{"start":{"line":11,"column":2},"end":{"line":11,"column":67}},"14":{"start":{"line":13,"column":2},"end":{"line":13,"column":62}},"15":{"start":{"line":15,"column":2},"end":{"line":15,"column":20}},"16":{"start":{"line":17,"column":2},"end":{"line":17,"column":27}},"17":{"start":{"line":19,"column":2},"end":{"line":19,"column":33}},"18":{"start":{"line":21,"column":2},"end":{"line":21,"column":29}},"19":{"start":{"line":23,"column":2},"end":{"line":23,"column":21}},"20":{"start":{"line":25,"column":2},"end":{"line":25,"column":25}},"21":{"start":{"line":40,"column":2},"end":{"line":195,"column":17}},"22":{"start":{"line":41,"column":4},"end":{"line":41,"column":37}},"23":{"start":{"line":44,"column":6},"end":{"line":44,"column":71}},"24":{"start":{"line":47,"column":4},"end":{"line":47,"column":68}},"25":{"start":{"line":49,"column":4},"end":{"line":56,"column":7}},"26":{"start":{"line":51,"column":8},"end":{"line":51,"column":27}},"27":{"start":{"line":54,"column":8},"end":{"line":54,"column":152}},"28":{"start":{"line":58,"column":4},"end":{"line":60,"column":6}},"29":{"start":{"line":59,"column":6},"end":{"line":59,"column":74}},"30":{"start":{"line":62,"column":4},"end":{"line":64,"column":6}},"31":{"start":{"line":63,"column":6},"end":{"line":63,"column":101}},"32":{"start":{"line":66,"column":4},"end":{"line":68,"column":6}},"33":{"start":{"line":67,"column":6},"end":{"line":67,"column":71}},"34":{"start":{"line":70,"column":4},"end":{"line":72,"column":6}},"35":{"start":{"line":71,"column":6},"end":{"line":71,"column":50}},"36":{"start":{"line":74,"column":4},"end":{"line":76,"column":6}},"37":{"start":{"line":75,"column":6},"end":{"line":75,"column":149}},"38":{"start":{"line":83,"column":4},"end":{"line":100,"column":6}},"39":{"start":{"line":85,"column":6},"end":{"line":85,"column":159}},"40":{"start":{"line":86,"column":6},"end":{"line":92,"column":7}},"41":{"start":{"line":87,"column":8},"end":{"line":91,"column":12}},"42":{"start":{"line":93,"column":6},"end":{"line":95,"column":7}},"43":{"start":{"line":94,"column":8},"end":{"line":94,"column":20}},"44":{"start":{"line":96,"column":6},"end":{"line":96,"column":50}},"45":{"start":{"line":97,"column":6},"end":{"line":97,"column":65}},"46":{"start":{"line":98,"column":6},"end":{"line":98,"column":173}},"47":{"start":{"line":99,"column":6},"end":{"line":99,"column":221}},"48":{"start":{"line":107,"column":4},"end":{"line":123,"column":6}},"49":{"start":{"line":109,"column":6},"end":{"line":121,"column":7}},"50":{"start":{"line":110,"column":8},"end":{"line":110,"column":102}},"51":{"start":{"line":111,"column":8},"end":{"line":115,"column":9}},"52":{"start":{"line":112,"column":10},"end":{"line":114,"column":13}},"53":{"start":{"line":116,"column":8},"end":{"line":120,"column":13}},"54":{"start":{"line":122,"column":6},"end":{"line":122,"column":27}},"55":{"start":{"line":130,"column":4},"end":{"line":148,"column":6}},"56":{"start":{"line":132,"column":6},"end":{"line":132,"column":30}},"57":{"start":{"line":133,"column":6},"end":{"line":147,"column":7}},"58":{"start":{"line":134,"column":8},"end":{"line":146,"column":9}},"59":{"start":{"line":135,"column":10},"end":{"line":137,"column":28}},"60":{"start":{"line":136,"column":12},"end":{"line":136,"column":57}},"61":{"start":{"line":139,"column":10},"end":{"line":139,"column":41}},"62":{"start":{"line":140,"column":10},"end":{"line":144,"column":11}},"63":{"start":{"line":141,"column":12},"end":{"line":143,"column":15}},"64":{"start":{"line":145,"column":10},"end":{"line":145,"column":31}},"65":{"start":{"line":150,"column":4},"end":{"line":177,"column":6}},"66":{"start":{"line":152,"column":6},"end":{"line":176,"column":7}},"67":{"start":{"line":153,"column":8},"end":{"line":172,"column":9}},"68":{"start":{"line":154,"column":10},"end":{"line":154,"column":65}},"69":{"start":{"line":155,"column":10},"end":{"line":157,"column":27}},"70":{"start":{"line":158,"column":10},"end":{"line":171,"column":11}},"71":{"start":{"line":159,"column":12},"end":{"line":169,"column":15}},"72":{"start":{"line":170,"column":12},"end":{"line":170,"column":25}},"73":{"start":{"line":173,"column":8},"end":{"line":173,"column":20}},"74":{"start":{"line":175,"column":8},"end":{"line":175,"column":20}},"75":{"start":{"line":179,"column":4},"end":{"line":191,"column":6}},"76":{"start":{"line":180,"column":6},"end":{"line":190,"column":9}},"77":{"start":{"line":181,"column":8},"end":{"line":189,"column":12}},"78":{"start":{"line":182,"column":10},"end":{"line":188,"column":13}},"79":{"start":{"line":183,"column":12},"end":{"line":183,"column":35}},"80":{"start":{"line":185,"column":12},"end":{"line":187,"column":13}},"81":{"start":{"line":186,"column":14},"end":{"line":186,"column":80}},"82":{"start":{"line":193,"column":4},"end":{"line":193,"column":24}}},"fnMap":{"0":{"name":"(anonymous_0)","decl":{"start":{"line":2,"column":1},"end":{"line":2,"column":2}},"loc":{"start":{"line":2,"column":12},"end":{"line":197,"column":1}},"line":2},"1":{"name":"(anonymous_1)","decl":{"start":{"line":4,"column":13},"end":{"line":4,"column":14}},"loc":{"start":{"line":4,"column":37},"end":{"line":4,"column":286}},"line":4},"2":{"name":"ctor","decl":{"start":{"line":4,"column":133},"end":{"line":4,"column":137}},"loc":{"start":{"line":4,"column":140},"end":{"line":4,"column":169}},"line":4},"3":{"name":"(anonymous_3)","decl":{"start":{"line":40,"column":39},"end":{"line":40,"column":40}},"loc":{"start":{"line":40,"column":60},"end":{"line":195,"column":3}},"line":40},"4":{"name":"CompileCache","decl":{"start":{"line":43,"column":13},"end":{"line":43,"column":25}},"loc":{"start":{"line":43,"column":28},"end":{"line":45,"column":5}},"line":43},"5":{"name":"(anonymous_5)","decl":{"start":{"line":50,"column":28},"end":{"line":50,"column":29}},"loc":{"start":{"line":50,"column":39},"end":{"line":52,"column":7}},"line":50},"6":{"name":"(anonymous_6)","decl":{"start":{"line":53,"column":32},"end":{"line":53,"column":33}},"loc":{"start":{"line":53,"column":43},"end":{"line":55,"column":7}},"line":53},"7":{"name":"(anonymous_7)","decl":{"start":{"line":58,"column":43},"end":{"line":58,"column":44}},"loc":{"start":{"line":58,"column":62},"end":{"line":60,"column":5}},"line":58},"8":{"name":"(anonymous_8)","decl":{"start":{"line":62,"column":35},"end":{"line":62,"column":36}},"loc":{"start":{"line":62,"column":54},"end":{"line":64,"column":5}},"line":62},"9":{"name":"(anonymous_9)","decl":{"start":{"line":66,"column":40},"end":{"line":66,"column":41}},"loc":{"start":{"line":66,"column":59},"end":{"line":68,"column":5}},"line":66},"10":{"name":"(anonymous_10)","decl":{"start":{"line":70,"column":46},"end":{"line":70,"column":47}},"loc":{"start":{"line":70,"column":69},"end":{"line":72,"column":5}},"line":70},"11":{"name":"(anonymous_11)","decl":{"start":{"line":74,"column":30},"end":{"line":74,"column":31}},"loc":{"start":{"line":74,"column":47},"end":{"line":76,"column":5}},"line":74},"12":{"name":"(anonymous_12)","decl":{"start":{"line":83,"column":31},"end":{"line":83,"column":32}},"loc":{"start":{"line":83,"column":55},"end":{"line":100,"column":5}},"line":83},"13":{"name":"(anonymous_13)","decl":{"start":{"line":107,"column":25},"end":{"line":107,"column":26}},"loc":{"start":{"line":107,"column":49},"end":{"line":123,"column":5}},"line":107},"14":{"name":"(anonymous_14)","decl":{"start":{"line":130,"column":25},"end":{"line":130,"column":26}},"loc":{"start":{"line":130,"column":49},"end":{"line":148,"column":5}},"line":130},"15":{"name":"(anonymous_15)","decl":{"start":{"line":134,"column":30},"end":{"line":134,"column":31}},"loc":{"start":{"line":134,"column":41},"end":{"line":138,"column":9}},"line":134},"16":{"name":"(anonymous_16)","decl":{"start":{"line":150,"column":38},"end":{"line":150,"column":39}},"loc":{"start":{"line":150,"column":69},"end":{"line":177,"column":5}},"line":150},"17":{"name":"(anonymous_17)","decl":{"start":{"line":179,"column":25},"end":{"line":179,"column":26}},"loc":{"start":{"line":179,"column":43},"end":{"line":191,"column":5}},"line":179},"18":{"name":"(anonymous_18)","decl":{"start":{"line":180,"column":60},"end":{"line":180,"column":61}},"loc":{"start":{"line":180,"column":75},"end":{"line":190,"column":7}},"line":180},"19":{"name":"(anonymous_19)","decl":{"start":{"line":181,"column":39},"end":{"line":181,"column":40}},"loc":{"start":{"line":181,"column":54},"end":{"line":189,"column":9}},"line":181},"20":{"name":"(anonymous_20)","decl":{"start":{"line":182,"column":44},"end":{"line":182,"column":45}},"loc":{"start":{"line":182,"column":59},"end":{"line":184,"column":11}},"line":182},"21":{"name":"(anonymous_21)","decl":{"start":{"line":184,"column":17},"end":{"line":184,"column":18}},"loc":{"start":{"line":184,"column":28},"end":{"line":188,"column":11}},"line":184}},"branchMap":{"0":{"loc":{"start":{"line":4,"column":65},"end":{"line":4,"column":121}},"type":"if","locations":[{"start":{"line":4,"column":65},"end":{"line":4,"column":121}},{"start":{"line":4,"column":65},"end":{"line":4,"column":121}}],"line":4},"1":{"loc":{"start":{"line":54,"column":15},"end":{"line":54,"column":151}},"type":"binary-expr","locations":[{"start":{"line":54,"column":15},"end":{"line":54,"column":45}},{"start":{"line":54,"column":50},"end":{"line":54,"column":150}}],"line":54},"2":{"loc":{"start":{"line":59,"column":13},"end":{"line":59,"column":73}},"type":"binary-expr","locations":[{"start":{"line":59,"column":13},"end":{"line":59,"column":39}},{"start":{"line":59,"column":43},"end":{"line":59,"column":73}}],"line":59},"3":{"loc":{"start":{"line":63,"column":13},"end":{"line":63,"column":100}},"type":"binary-expr","locations":[{"start":{"line":63,"column":14},"end":{"line":63,"column":82}},{"start":{"line":63,"column":87},"end":{"line":63,"column":100}}],"line":63},"4":{"loc":{"start":{"line":63,"column":14},"end":{"line":63,"column":82}},"type":"cond-expr","locations":[{"start":{"line":63,"column":55},"end":{"line":63,"column":73}},{"start":{"line":63,"column":76},"end":{"line":63,"column":82}}],"line":63},"5":{"loc":{"start":{"line":86,"column":6},"end":{"line":92,"column":7}},"type":"if","locations":[{"start":{"line":86,"column":6},"end":{"line":92,"column":7}},{"start":{"line":86,"column":6},"end":{"line":92,"column":7}}],"line":86},"6":{"loc":{"start":{"line":86,"column":12},"end":{"line":86,"column":54}},"type":"binary-expr","locations":[{"start":{"line":86,"column":12},"end":{"line":86,"column":20}},{"start":{"line":86,"column":24},"end":{"line":86,"column":34}},{"start":{"line":86,"column":39},"end":{"line":86,"column":53}}],"line":86},"7":{"loc":{"start":{"line":93,"column":6},"end":{"line":95,"column":7}},"type":"if","locations":[{"start":{"line":93,"column":6},"end":{"line":95,"column":7}},{"start":{"line":93,"column":6},"end":{"line":95,"column":7}}],"line":93},"8":{"loc":{"start":{"line":98,"column":106},"end":{"line":98,"column":154}},"type":"cond-expr","locations":[{"start":{"line":98,"column":132},"end":{"line":98,"column":147}},{"start":{"line":98,"column":150},"end":{"line":98,"column":154}}],"line":98},"9":{"loc":{"start":{"line":109,"column":6},"end":{"line":121,"column":7}},"type":"if","locations":[{"start":{"line":109,"column":6},"end":{"line":121,"column":7}},{"start":{"line":109,"column":6},"end":{"line":121,"column":7}}],"line":109},"10":{"loc":{"start":{"line":111,"column":8},"end":{"line":115,"column":9}},"type":"if","locations":[{"start":{"line":111,"column":8},"end":{"line":115,"column":9}},{"start":{"line":111,"column":8},"end":{"line":115,"column":9}}],"line":111},"11":{"loc":{"start":{"line":133,"column":6},"end":{"line":147,"column":7}},"type":"if","locations":[{"start":{"line":133,"column":6},"end":{"line":147,"column":7}},{"start":{"line":133,"column":6},"end":{"line":147,"column":7}}],"line":133},"12":{"loc":{"start":{"line":133,"column":10},"end":{"line":133,"column":81}},"type":"binary-expr","locations":[{"start":{"line":133,"column":11},"end":{"line":133,"column":53}},{"start":{"line":133,"column":58},"end":{"line":133,"column":81}}],"line":133},"13":{"loc":{"start":{"line":134,"column":8},"end":{"line":146,"column":9}},"type":"if","locations":[{"start":{"line":134,"column":8},"end":{"line":146,"column":9}},{"start":{"line":134,"column":8},"end":{"line":146,"column":9}}],"line":134},"14":{"loc":{"start":{"line":134,"column":12},"end":{"line":138,"column":125}},"type":"binary-expr","locations":[{"start":{"line":134,"column":13},"end":{"line":138,"column":12}},{"start":{"line":138,"column":17},"end":{"line":138,"column":62}},{"start":{"line":138,"column":66},"end":{"line":138,"column":125}}],"line":134},"15":{"loc":{"start":{"line":140,"column":10},"end":{"line":144,"column":11}},"type":"if","locations":[{"start":{"line":140,"column":10},"end":{"line":144,"column":11}},{"start":{"line":140,"column":10},"end":{"line":144,"column":11}}],"line":140},"16":{"loc":{"start":{"line":152,"column":6},"end":{"line":176,"column":7}},"type":"if","locations":[{"start":{"line":152,"column":6},"end":{"line":176,"column":7}},{"start":{"line":152,"column":6},"end":{"line":176,"column":7}}],"line":152},"17":{"loc":{"start":{"line":152,"column":31},"end":{"line":152,"column":80}},"type":"cond-expr","locations":[{"start":{"line":152,"column":47},"end":{"line":152,"column":71}},{"start":{"line":152,"column":74},"end":{"line":152,"column":80}}],"line":152},"18":{"loc":{"start":{"line":158,"column":10},"end":{"line":171,"column":11}},"type":"if","locations":[{"start":{"line":158,"column":10},"end":{"line":171,"column":11}},{"start":{"line":158,"column":10},"end":{"line":171,"column":11}}],"line":158},"19":{"loc":{"start":{"line":185,"column":12},"end":{"line":187,"column":13}},"type":"if","locations":[{"start":{"line":185,"column":12},"end":{"line":187,"column":13}},{"start":{"line":185,"column":12},"end":{"line":187,"column":13}}],"line":185}},"s":{"0":7,"1":7,"2":7,"3":469,"4":455,"5":7,"6":7,"7":7,"8":7,"9":7,"10":7,"11":7,"12":7,"13":7,"14":7,"15":7,"16":7,"17":7,"18":7,"19":7,"20":7,"21":7,"22":7,"23":0,"24":7,"25":7,"26":2,"27":20,"28":7,"29":18,"30":7,"31":36,"32":7,"33":18,"34":7,"35":18,"36":7,"37":18,"38":7,"39":18,"40":18,"41":0,"42":18,"43":0,"44":18,"45":18,"46":18,"47":18,"48":7,"49":5,"50":5,"51":5,"52":0,"53":5,"54":5,"55":7,"56":8,"57":8,"58":5,"59":5,"60":5,"61":4,"62":4,"63":0,"64":4,"65":7,"66":5,"67":2,"68":2,"69":2,"70":2,"71":1,"72":1,"73":1,"74":3,"75":7,"76":2,"77":2,"78":0,"79":0,"80":0,"81":0,"82":7},"f":{"0":7,"1":7,"2":7,"3":7,"4":0,"5":2,"6":20,"7":18,"8":36,"9":18,"10":18,"11":18,"12":18,"13":5,"14":8,"15":5,"16":5,"17":2,"18":2,"19":0,"20":0,"21":0},"b":{"0":[455,14],"1":[20,2],"2":[18,18],"3":[36,14],"4":[22,14],"5":[0,18],"6":[18,18,18],"7":[0,18],"8":[4,14],"9":[5,0],"10":[0,5],"11":[5,3],"12":[8,8],"13":[4,1],"14":[5,5,5],"15":[0,4],"16":[2,3],"17":[2,3],"18":[1,1],"19":[0,0]},"_coverageSchema":"1a1c01bbd47fc00a2c39e90264f33305004495a9","hash":"34ad0c6d96690612cb96d1a87ea57868bb73b6aa"}
,"/Users/shanebdavis/dev/caffeine-suite/packages/caffeine-mc/source/CaffeineMc/DirReader.js": {"path":"/Users/shanebdavis/dev/caffeine-suite/packages/caffeine-mc/source/CaffeineMc/DirReader.js","statementMap":{"0":{"start":{"line":2,"column":10},"end":{"line":2,"column":44}},"1":{"start":{"line":3,"column":0},"end":{"line":17,"column":3}},"2":{"start":{"line":4,"column":2},"end":{"line":16,"column":4}},"3":{"start":{"line":8,"column":6},"end":{"line":14,"column":8}},"4":{"start":{"line":10,"column":10},"end":{"line":10,"column":46}}},"fnMap":{"0":{"name":"(anonymous_0)","decl":{"start":{"line":3,"column":19},"end":{"line":3,"column":20}},"loc":{"start":{"line":3,"column":25},"end":{"line":17,"column":1}},"line":3},"1":{"name":"(anonymous_1)","decl":{"start":{"line":7,"column":4},"end":{"line":7,"column":5}},"loc":{"start":{"line":7,"column":29},"end":{"line":15,"column":5}},"line":7},"2":{"name":"(anonymous_2)","decl":{"start":{"line":9,"column":34},"end":{"line":9,"column":35}},"loc":{"start":{"line":9,"column":47},"end":{"line":11,"column":9}},"line":9}},"branchMap":{},"s":{"0":7,"1":7,"2":7,"3":7,"4":158},"f":{"0":7,"1":7,"2":158},"b":{},"_coverageSchema":"1a1c01bbd47fc00a2c39e90264f33305004495a9","hash":"5dfcba9aeb2909854ba3bcb6df9fa395a0043acd"}
,"/Users/shanebdavis/dev/caffeine-suite/packages/caffeine-mc/source/CaffeineMc/FileCompiler.js": {"path":"/Users/shanebdavis/dev/caffeine-suite/packages/caffeine-mc/source/CaffeineMc/FileCompiler.js","statementMap":{"0":{"start":{"line":2,"column":0},"end":{"line":92,"column":14}},"1":{"start":{"line":5,"column":2},"end":{"line":5,"column":190}},"2":{"start":{"line":7,"column":2},"end":{"line":7,"column":27}},"3":{"start":{"line":9,"column":2},"end":{"line":9,"column":25}},"4":{"start":{"line":11,"column":2},"end":{"line":11,"column":38}},"5":{"start":{"line":13,"column":2},"end":{"line":13,"column":256}},"6":{"start":{"line":15,"column":2},"end":{"line":90,"column":8}},"7":{"start":{"line":18,"column":4},"end":{"line":34,"column":6}},"8":{"start":{"line":20,"column":6},"end":{"line":22,"column":7}},"9":{"start":{"line":21,"column":8},"end":{"line":21,"column":21}},"10":{"start":{"line":23,"column":6},"end":{"line":25,"column":7}},"11":{"start":{"line":24,"column":8},"end":{"line":24,"column":55}},"12":{"start":{"line":26,"column":6},"end":{"line":26,"column":63}},"13":{"start":{"line":27,"column":6},"end":{"line":27,"column":90}},"14":{"start":{"line":28,"column":6},"end":{"line":28,"column":53}},"15":{"start":{"line":29,"column":6},"end":{"line":29,"column":68}},"16":{"start":{"line":30,"column":6},"end":{"line":33,"column":24}},"17":{"start":{"line":36,"column":4},"end":{"line":86,"column":6}},"18":{"start":{"line":38,"column":6},"end":{"line":40,"column":7}},"19":{"start":{"line":39,"column":8},"end":{"line":39,"column":21}},"20":{"start":{"line":41,"column":6},"end":{"line":41,"column":73}},"21":{"start":{"line":42,"column":6},"end":{"line":85,"column":9}},"22":{"start":{"line":44,"column":8},"end":{"line":49,"column":10}},"23":{"start":{"line":50,"column":8},"end":{"line":84,"column":11}},"24":{"start":{"line":51,"column":10},"end":{"line":53,"column":11}},"25":{"start":{"line":52,"column":12},"end":{"line":52,"column":67}},"26":{"start":{"line":54,"column":10},"end":{"line":54,"column":45}},"27":{"start":{"line":57,"column":10},"end":{"line":57,"column":55}},"28":{"start":{"line":58,"column":10},"end":{"line":58,"column":73}},"29":{"start":{"line":59,"column":10},"end":{"line":78,"column":13}},"30":{"start":{"line":60,"column":12},"end":{"line":60,"column":39}},"31":{"start":{"line":61,"column":12},"end":{"line":64,"column":16}},"32":{"start":{"line":65,"column":12},"end":{"line":65,"column":31}},"33":{"start":{"line":66,"column":12},"end":{"line":77,"column":16}},"34":{"start":{"line":68,"column":14},"end":{"line":68,"column":77}},"35":{"start":{"line":69,"column":14},"end":{"line":69,"column":54}},"36":{"start":{"line":70,"column":14},"end":{"line":76,"column":15}},"37":{"start":{"line":71,"column":16},"end":{"line":71,"column":36}},"38":{"start":{"line":72,"column":16},"end":{"line":72,"column":88}},"39":{"start":{"line":73,"column":16},"end":{"line":73,"column":58}},"40":{"start":{"line":75,"column":16},"end":{"line":75,"column":45}},"41":{"start":{"line":80,"column":10},"end":{"line":80,"column":24}},"42":{"start":{"line":82,"column":10},"end":{"line":82,"column":54}},"43":{"start":{"line":83,"column":10},"end":{"line":83,"column":18}},"44":{"start":{"line":88,"column":4},"end":{"line":88,"column":24}}},"fnMap":{"0":{"name":"(anonymous_0)","decl":{"start":{"line":2,"column":1},"end":{"line":2,"column":2}},"loc":{"start":{"line":2,"column":12},"end":{"line":92,"column":1}},"line":2},"1":{"name":"(anonymous_1)","decl":{"start":{"line":15,"column":39},"end":{"line":15,"column":40}},"loc":{"start":{"line":15,"column":50},"end":{"line":90,"column":3}},"line":15},"2":{"name":"FileCompiler","decl":{"start":{"line":16,"column":13},"end":{"line":16,"column":25}},"loc":{"start":{"line":16,"column":28},"end":{"line":16,"column":30}},"line":16},"3":{"name":"(anonymous_3)","decl":{"start":{"line":18,"column":35},"end":{"line":18,"column":36}},"loc":{"start":{"line":18,"column":65},"end":{"line":34,"column":5}},"line":18},"4":{"name":"(anonymous_4)","decl":{"start":{"line":36,"column":31},"end":{"line":36,"column":32}},"loc":{"start":{"line":36,"column":61},"end":{"line":86,"column":5}},"line":36},"5":{"name":"(anonymous_5)","decl":{"start":{"line":42,"column":45},"end":{"line":42,"column":46}},"loc":{"start":{"line":42,"column":66},"end":{"line":85,"column":7}},"line":42},"6":{"name":"(anonymous_6)","decl":{"start":{"line":50,"column":42},"end":{"line":50,"column":43}},"loc":{"start":{"line":50,"column":59},"end":{"line":55,"column":9}},"line":50},"7":{"name":"(anonymous_7)","decl":{"start":{"line":55,"column":16},"end":{"line":55,"column":17}},"loc":{"start":{"line":55,"column":30},"end":{"line":79,"column":9}},"line":55},"8":{"name":"(anonymous_8)","decl":{"start":{"line":59,"column":24},"end":{"line":59,"column":25}},"loc":{"start":{"line":59,"column":41},"end":{"line":78,"column":11}},"line":59},"9":{"name":"(anonymous_9)","decl":{"start":{"line":66,"column":61},"end":{"line":66,"column":62}},"loc":{"start":{"line":66,"column":87},"end":{"line":77,"column":13}},"line":66},"10":{"name":"(anonymous_10)","decl":{"start":{"line":79,"column":16},"end":{"line":79,"column":17}},"loc":{"start":{"line":79,"column":27},"end":{"line":81,"column":9}},"line":79
[...]
es/caffeine-mc/source/CaffeineMc/Tools.js","statementMap":{"0":{"start":{"line":2,"column":10},"end":{"line":2,"column":44}},"1":{"start":{"line":3,"column":0},"end":{"line":80,"column":3}},"2":{"start":{"line":4,"column":2},"end":{"line":79,"column":4}},"3":{"start":{"line":13,"column":6},"end":{"line":77,"column":10}},"4":{"start":{"line":18,"column":8},"end":{"line":18,"column":50}},"5":{"start":{"line":19,"column":8},"end":{"line":21,"column":10}},"6":{"start":{"line":20,"column":10},"end":{"line":20,"column":52}},"7":{"start":{"line":22,"column":8},"end":{"line":24,"column":10}},"8":{"start":{"line":23,"column":10},"end":{"line":23,"column":42}},"9":{"start":{"line":25,"column":8},"end":{"line":29,"column":10}},"10":{"start":{"line":26,"column":10},"end":{"line":28,"column":53}},"11":{"start":{"line":30,"column":8},"end":{"line":47,"column":10}},"12":{"start":{"line":32,"column":10},"end":{"line":46,"column":15}},"13":{"start":{"line":33,"column":12},"end":{"line":45,"column":13}},"14":{"start":{"line":34,"column":14},"end":{"line":36,"column":30}},"15":{"start":{"line":35,"column":16},"end":{"line":35,"column":32}},"16":{"start":{"line":38,"column":14},"end":{"line":38,"column":24}},"17":{"start":{"line":39,"column":14},"end":{"line":39,"column":63}},"18":{"start":{"line":40,"column":14},"end":{"line":40,"column":32}},"19":{"start":{"line":41,"column":14},"end":{"line":41,"column":37}},"20":{"start":{"line":42,"column":14},"end":{"line":44,"column":19}},"21":{"start":{"line":43,"column":16},"end":{"line":43,"column":24}},"22":{"start":{"line":48,"column":8},"end":{"line":76,"column":10}},"23":{"start":{"line":49,"column":10},"end":{"line":51,"column":11}},"24":{"start":{"line":50,"column":12},"end":{"line":50,"column":19}},"25":{"start":{"line":52,"column":10},"end":{"line":52,"column":28}},"26":{"start":{"line":53,"column":10},"end":{"line":75,"column":16}}},"fnMap":{"0":{"name":"(anonymous_0)","decl":{"start":{"line":3,"column":19},"end":{"line":3,"column":20}},"loc":{"start":{"line":3,"column":25},"end":{"line":80,"column":1}},"line":3},"1":{"name":"(anonymous_1)","decl":{"start":{"line":11,"column":4},"end":{"line":11,"column":5}},"loc":{"start":{"line":11,"column":63},"end":{"line":78,"column":5}},"line":11},"2":{"name":"(anonymous_2)","decl":{"start":{"line":13,"column":66},"end":{"line":13,"column":67}},"loc":{"start":{"line":17,"column":8},"end":{"line":77,"column":7}},"line":17},"3":{"name":"(anonymous_3)","decl":{"start":{"line":19,"column":30},"end":{"line":19,"column":31}},"loc":{"start":{"line":19,"column":50},"end":{"line":21,"column":9}},"line":19},"4":{"name":"(anonymous_4)","decl":{"start":{"line":22,"column":45},"end":{"line":22,"column":46}},"loc":{"start":{"line":22,"column":57},"end":{"line":24,"column":9}},"line":22},"5":{"name":"(anonymous_5)","decl":{"start":{"line":25,"column":28},"end":{"line":25,"column":29}},"loc":{"start":{"line":25,"column":61},"end":{"line":29,"column":9}},"line":25},"6":{"name":"(anonymous_6)","decl":{"start":{"line":30,"column":29},"end":{"line":30,"column":30}},"loc":{"start":{"line":30,"column":52},"end":{"line":47,"column":9}},"line":30},"7":{"name":"(anonymous_7)","decl":{"start":{"line":32,"column":18},"end":{"line":32,"column":19}},"loc":{"start":{"line":32,"column":24},"end":{"line":46,"column":11}},"line":32},"8":{"name":"(anonymous_8)","decl":{"start":{"line":34,"column":21},"end":{"line":34,"column":22}},"loc":{"start":{"line":34,"column":33},"end":{"line":36,"column":15}},"line":34},"9":{"name":"(anonymous_9)","decl":{"start":{"line":42,"column":22},"end":{"line":42,"column":23}},"loc":{"start":{"line":42,"column":28},"end":{"line":44,"column":15}},"line":42},"10":{"name":"(anonymous_10)","decl":{"start":{"line":48,"column":28},"end":{"line":48,"column":29}},"loc":{"start":{"line":48,"column":55},"end":{"line":76,"column":9}},"line":48}},"branchMap":{"0":{"loc":{"start":{"line":26,"column":17},"end":{"line":28,"column":52}},"type":"cond-expr","locations":[{"start":{"line":27,"column":14},"end":{"line":27,"column":47}},{"start":{"line":28,"column":14},"end":{"line":28,"column":52}}],"line":26},"1":{"loc":{"start":{"line":48,"column":41},"end":{"line":48,"column":53}},"type":"default-arg","locations":[{"start":{"line":48,"column":51},"end":{"line":48,"column":53}}],"line":48},"2":{"loc":{"start":{"line":49,"column":10},"end":{"line":51,"column":11}},"type":"if","locations":[{"start":{"line":49,"column":10},"end":{"line":51,"column":11}},{"start":{"line":49,"column":10},"end":{"line":51,"column":11}}],"line":49},"3":{"loc":{"start":{"line":53,"column":17},"end":{"line":75,"column":15}},"type":"cond-expr","locations":[{"start":{"line":54,"column":14},"end":{"line":54,"column":26}},{"start":{"line":55,"column":14},"end":{"line":75,"column":15}}],"line":53},"4":{"loc":{"start":{"line":55,"column":14},"end":{"line":75,"column":15}},"type":"cond-expr","locations":[{"start":{"line":56,"column":14},"end":{"line":58,"column":25}},{"start":{"line":59,"column":14},"end":{"line":75,"column":15}}],"line":55},"5":{"loc":{"start":{"line":55,"column":14},"end":{"line":55,"column":56}},"type":"binary-expr","locations":[{"start":{"line":55,"column":14},"end":{"line":55,"column":32}},{"start":{"line":55,"column":36},"end":{"line":55,"column":56}}],"line":55},"6":{"loc":{"start":{"line":56,"column":14},"end":{"line":58,"column":25}},"type":"cond-expr","locations":[{"start":{"line":57,"column":16},"end":{"line":57,"column":62}},{"start":{"line":58,"column":16},"end":{"line":58,"column":25}}],"line":56}},"s":{"0":7,"1":7,"2":7,"3":7,"4":7,"5":7,"6":0,"7":7,"8":22,"9":7,"10":0,"11":7,"12":13,"13":13,"14":13,"15":13,"16":0,"17":0,"18":0,"19":0,"20":0,"21":0,"22":7,"23":0,"24":0,"25":0,"26":0},"f":{"0":7,"1":7,"2":7,"3":0,"4":22,"5":0,"6":13,"7":13,"8":13,"9":0,"10":0},"b":{"0":[0,0],"1":[0],"2":[0,0],"3":[0,0],"4":[0,0],"5":[0,0],"6":[0,0]},"_coverageSchema":"1a1c01bbd47fc00a2c39e90264f33305004495a9","hash":"3a0467e490211d5331beb60801952f3fd4f7ea0e"}
,"/Users/shanebdavis/dev/caffeine-suite/packages/caffeine-mc/source/CaffeineMc/WorkingCache.js": {"path":"/Users/shanebdavis/dev/caffeine-suite/packages/caffeine-mc/source/CaffeineMc/WorkingCache.js","statementMap":{"0":{"start":{"line":2,"column":10},"end":{"line":2,"column":44}},"1":{"start":{"line":3,"column":0},"end":{"line":47,"column":3}},"2":{"start":{"line":4,"column":2},"end":{"line":46,"column":4}},"3":{"start":{"line":14,"column":6},"end":{"line":14,"column":24}},"4":{"start":{"line":15,"column":6},"end":{"line":15,"column":25}},"5":{"start":{"line":16,"column":6},"end":{"line":16,"column":70}},"6":{"start":{"line":17,"column":6},"end":{"line":44,"column":8}},"7":{"start":{"line":19,"column":10},"end":{"line":21,"column":24}},"8":{"start":{"line":24,"column":10},"end":{"line":24,"column":37}},"9":{"start":{"line":28,"column":10},"end":{"line":28,"column":67}},"10":{"start":{"line":32,"column":10},"end":{"line":34,"column":48}},"11":{"start":{"line":37,"column":10},"end":{"line":42,"column":12}},"12":{"start":{"line":39,"column":12},"end":{"line":41,"column":41}}},"fnMap":{"0":{"name":"(anonymous_0)","decl":{"start":{"line":3,"column":19},"end":{"line":3,"column":20}},"loc":{"start":{"line":3,"column":25},"end":{"line":47,"column":1}},"line":3},"1":{"name":"(anonymous_1)","decl":{"start":{"line":7,"column":4},"end":{"line":7,"column":5}},"loc":{"start":{"line":7,"column":23},"end":{"line":45,"column":5}},"line":7},"2":{"name":"(anonymous_2)","decl":{"start":{"line":18,"column":37},"end":{"line":18,"column":38}},"loc":{"start":{"line":18,"column":49},"end":{"line":22,"column":9}},"line":18},"3":{"name":"(anonymous_3)","decl":{"start":{"line":23,"column":48},"end":{"line":23,"column":49}},"loc":{"start":{"line":23,"column":60},"end":{"line":25,"column":9}},"line":23},"4":{"name":"(anonymous_4)","decl":{"start":{"line":26,"column":32},"end":{"line":26,"column":33}},"loc":{"start":{"line":26,"column":50},"end":{"line":29,"column":9}},"line":26},"5":{"name":"(anonymous_5)","decl":{"start":{"line":30,"column":34},"end":{"line":30,"column":35}},"loc":{"start":{"line":30,"column":55},"end":{"line":35,"column":9}},"line":30},"6":{"name":"(anonymous_6)","decl":{"start":{"line":36,"column":19},"end":{"line":36,"column":20}},"loc":{"start":{"line":36,"column":37},"end":{"line":43,"column":9}},"line":36},"7":{"name":"(anonymous_7)","decl":{"start":{"line":37,"column":17},"end":{"line":37,"column":18}},"loc":{"start":{"line":37,"column":24},"end":{"line":42,"column":11}},"line":37}},"branchMap":{"0":{"loc":{"start":{"line":19,"column":17},"end":{"line":21,"column":23}},"type":"cond-expr","locations":[{"start":{"line":20,"column":14},"end":{"line":20,"column":33}},{"start":{"line":21,"column":14},"end":{"line":21,"column":23}}],"line":19},"1":{"loc":{"start":{"line":28,"column":17},"end":{"line":28,"column":66}},"type":"binary-expr","locations":[{"start":{"line":28,"column":17},"end":{"line":28,"column":55}},{"start":{"line":28,"column":59},"end":{"line":28,"column":66}}],"line":28},"2":{"loc":{"start":{"line":32,"column":19},"end":{"line":34,"column":38}},"type":"cond-expr","locations":[{"start":{"line":33,"column":14},"end":{"line":33,"column":18}},{"start":{"line":34,"column":15},"end":{"line":34,"column":37}}],"line":32},"3":{"loc":{"start":{"line":39,"column":19},"end":{"line":41,"column":40}},"type":"cond-expr","locations":[{"start":{"line":40,"column":16},"end":{"line":40,"column":20}},{"start":{"line":41,"column":16},"end":{"line":41,"column":40}}],"line":39}},"s":{"0":7,"1":7,"2":7,"3":7,"4":7,"5":7,"6":7,"7":30,"8":60,"9":543,"10":435,"11":28,"12":543},"f":{"0":7,"1":7,"2":30,"3":60,"4":543,"5":435,"6":28,"7":543},"b":{"0":[30,0],"1":[543,448],"2":[340,95],"3":[108,435]},"_coverageSchema":"1a1c01bbd47fc00a2c39e90264f33305004495a9","hash":"29240c4999bc8501bd6aa196a5967bfe7d4511ef"}
,"/Users/shanebdavis/dev/caffeine-suite/packages/caffeine-mc/source/CaffeineMc/index.js": {"path":"/Users/shanebdavis/dev/caffeine-suite/packages/caffeine-mc/source/CaffeineMc/index.js","statementMap":{"0":{"start":{"line":4,"column":0},"end":{"line":22,"column":3}},"1":{"start":{"line":23,"column":0},"end":{"line":23,"column":23}}},"fnMap":{},"branchMap":{},"s":{"0":7,"1":7},"f":{},"b":{},"_coverageSchema":"1a1c01bbd47fc00a2c39e90264f33305004495a9","hash":"0cbc3078c42fc32878e13fa0ce1f1f23ca89356b"}
,"/Users/shanebdavis/dev/caffeine-suite/packages/caffeine-mc/source/CaffeineMc/namespace.js": {"path":"/Users/shanebdavis/dev/caffeine-suite/packages/caffeine-mc/source/CaffeineMc/namespace.js","statementMap":{"0":{"start":{"line":4,"column":0},"end":{"line":8,"column":2}},"1":{"start":{"line":9,"column":0},"end":{"line":9,"column":33}}},"fnMap":{},"branchMap":{},"s":{"0":7,"1":7},"f":{},"b":{},"_coverageSchema":"1a1c01bbd47fc00a2c39e90264f33305004495a9","hash":"e486d1642e118ff158123a34f09ae428d9a1d839"}
,"/Users/shanebdavis/dev/caffeine-suite/packages/caffeine-mc/source/CaffeineMc/Compilers/JavaScript.js": {"path":"/Users/shanebdavis/dev/caffeine-suite/packages/caffeine-mc/source/CaffeineMc/Compilers/JavaScript.js","statementMap":{"0":{"start":{"line":2,"column":0},"end":{"line":26,"column":14}},"1":{"start":{"line":4,"column":13},"end":{"line":4,"column":286}},"2":{"start":{"line":4,"column":39},"end":{"line":4,"column":123}},"3":{"start":{"line":4,"column":65},"end":{"line":4,"column":121}},"4":{"start":{"line":4,"column":96},"end":{"line":4,"column":121}},"5":{"start":{"line":4,"column":142},"end":{"line":4,"column":167}},"6":{"start":{"line":4,"column":170},"end":{"line":4,"column":204}},"7":{"start":{"line":4,"column":205},"end":{"line":4,"column":234}},"8":{"start":{"line":4,"column":235},"end":{"line":4,"column":270}},"9":{"start":{"line":4,"column":271},"end":{"line":4,"column":284}},"10":{"start":{"line":5,"column":14},"end":{"line":5,"column":31}},"11":{"start":{"line":7,"column":2},"end":{"line":24,"column":44}},"12":{"start":{"line":8,"column":4},"end":{"line":8,"column":35}},"13":{"start":{"line":11,"column":6},"end":{"line":11,"column":69}},"14":{"start":{"line":14,"column":4},"end":{"line":20,"column":6}},"15":{"start":{"line":15,"column":6},"end":{"line":19,"column":8}},"16":{"start":{"line":22,"column":4},"end":{"line":22,"column":22}}},"fnMap":{"0":{"name":"(anonymous_0)","decl":{"start":{"line":2,"column":1},"end":{"line":2,"column":2}},"loc":{"start":{"line":2,"column":12},"end":{"line":26,"column":1}},"line":2},"1":{"name":"(anonymous_1)","decl":{"start":{"line":4,"column":13},"end":{"line":4,"column":14}},"loc":{"start":{"line":4,"column":37},"end":{"line":4,"column":286}},"line":4},"2":{"name":"ctor","decl":{"start":{"line":4,"column":133},"end":{"line":4,"column":137}},"loc":{"start":{"line":4,"column":140},"end":{"line":4,"column":169}},"line":4},"3":{"name":"(anonymous_3)","decl":{"start":{"line":7,"column":33},"end":{"line":7,"column":34}},"loc":{"start":{"line":7,"column":54},"end":{"line":24,"column":3}},"line":7},"4":{"name":"JavaScript","decl":{"start":{"line":10,"column":13},"end":{"line":10,"column":23}},"loc":{"start":{"line":10,"column":26},"end":{"line":12,"column":5}},"line":10},"5":{"name":"(anonymous_5)","decl":{"start":{"line":14,"column":25},"end":{"line":14,"column":26}},"loc":{"start":{"line":14,"column":55},"end":{"line":20,"column":5}},"line":14}},"branchMap":{"0":{"loc":{"start":{"line":4,"column":65},"end":{"line":4,"column":121}},"type":"if","locations":[{"start":{"line":4,"column":65},"end":{"line":4,"column":121}},{"start":{"line":4,"column":65},"end":{"line":4,"column":121}}],"line":4}},"s":{"0":7,"1":7,"2":7,"3":469,"4":455,"5":7,"6":7,"7":7,"8":7,"9":7,"10":7,"11":7,"12":7,"13":0,"14":7,"15":4,"16":7},"f":{"0":7,"1":7,"2":7,"3":7,"4":0,"5":4},"b":{"0":[455,14]},"_coverageSchema":"1a1c01bbd47fc00a2c39e90264f33305004495a9","hash":"b61169fd3fd2d2cd3770737b2e09ad41f667e515"}
,"/Users/shanebdavis/dev/caffeine-suite/packages/caffeine-mc/source/CaffeineMc/Compilers/index.js": {"path":"/Users/shanebdavis/dev/caffeine-suite/packages/caffeine-mc/source/CaffeineMc/Compilers/index.js","statementMap":{"0":{"start":{"line":4,"column":0},"end":{"line":8,"column":3}}},"fnMap":{},"branchMap":{},"s":{"0":7},"f":{},"b":{},"_coverageSchema":"1a1c01bbd47fc00a2c39e90264f33305004495a9","hash":"93410dd76b8a01481e32ea95bf94a1995f39e095"}
,"/Users/shanebdavis/dev/caffeine-suite/packages/caffeine-mc/source/CaffeineMc/Compilers/namespace.js": {"path":"/Users/shanebdavis/dev/caffeine-suite/packages/caffeine-mc/source/CaffeineMc/Compilers/namespace.js","statementMap":{"0":{"start":{"line":4,"column":0},"end":{"line":7,"column":2}}},"fnMap":{},"branchMap":{},"s":{"0":7},"f":{},"b":{},"_coverageSchema":"1a1c01bbd47fc00a2c39e90264f33305004495a9","hash":"c62ed351d69ea11fed3cb0a50e53d18087ae9eed"}
,"/Users/shanebdavis/dev/caffeine-suite/packages/caffeine-mc/source/test/CaffeineMcTestHelper.js": {"path":"/Users/shanebdavis/dev/caffeine-suite/packages/caffeine-mc/source/test/CaffeineMcTestHelper.js","statementMap":{"0":{"start":{"line":2,"column":10},"end":{"line":2,"column":44}},"1":{"start":{"line":3,"column":0},"end":{"line":87,"column":3}},"2":{"start":{"line":4,"column":2},"end":{"line":86,"column":4}},"3":{"start":{"line":31,"column":6},"end":{"line":84,"column":9}},"4":{"start":{"line":34,"column":10},"end":{"line":34,"column":46}},"5":{"start":{"line":35,"column":10},"end":{"line":35,"column":53}},"6":{"start":{"line":35,"column":30},"end":{"line":35,"column":52}},"7":{"start":{"line":36,"column":10},"end":{"line":40,"column":12}},"8":{"start":{"line":37,"column":12},"end":{"line":37,"column":45}},"9":{"start":{"line":38,"column":12},"end":{"line":38,"column":55}},"10":{"start":{"line":39,"column":12},"end":{"line":39,"column":39}},"11":{"start":{"line":41,"column":10},"end":{"line":59,"column":12}},"12":{"start":{"line":60,"column":10},"end":{"line":64,"column":12}},"13":{"start":{"line":61,"column":12},"end":{"line":61,"column":50}},"14":{"start":{"line":62,"column":12},"end":{"line":62,"column":45}},"15":{"start":{"line":63,"column":12},"end":{"line":63,"column":42}},"16":{"start":{"line":65,"column":10},"end":{"line":65,"column":57}},"17":{"start":{"line":65,"column":40},"end":{"line":65,"column":56}},"18":{"start":{"line":66,"column":10},"end":{"line":82,"column":12}}},"fnMap":{"0":{"name":"(anonymous_0)","decl":{"start":{"line":3,"column":19},"end":{"line":3,"column":20}},"loc":{"start":{"line":3,"column":25},"end":{"line":87,"column":1}},"line":3},"1":{"name":"(anonymous_1)","decl":{"start":{"line":20,"column":4},"end":{"line":20,"column":5}},"loc":{"start":{"line":29,"column":9},"end":{"line":85,"column":5}},"line":29},"2":{"name":"(anonymous_2)","decl":{"start":{"line":33,"column":8},"end":{"line":33,"column":9}},"loc":{"start":{"line":33,"column":67},"end":{"line":83,"column":9}},"line":33},"3":{"name":"(anonymous_3)","decl":{"start":{"line":35,"column":21},"end":{"line":35,"column":22}},"loc":{"start":{"line":35,"column":30},"end":{"line":35,"column":52}},"line":35},"4":{"name":"(anonymous_4)","decl":{"start":{"line":36,"column":23},"end":{"line":36,"column":24}},"loc":{"start":{"line":36,"column":29},"end":{"line":40,"column":11}},"line":36},"5":{"name":"(anonymous_5)","decl":{"start":{"line":60,"column":32},"end":{"line":60,"column":33}},"loc":{"start":{"line":60,"column":38},"end":{"line":64,"column":11}},"line":60},"6":{"name":"(anonymous_6)","decl":{"start":{"line":65,"column":34},"end":{"line":65,"column":35}},"loc":{"start":{"line":65,"column":40},"end":{"line":65,"column":56}},"line":65}},"branchMap":{},"s":{"0":3,"1":3,"2":3,"3":3,"4":3,"5":3,"6":28,"7":3,"8":24,"9":24,"10":24,"11":3,"12":3,"13":22,"14":22,"15":22,"16":3,"17":22,"18":3},"f":{"0":3,"1":3,"2":3,"3":28,"4":24,"5":22,"6":22},"b":{},"_coverageSchema":"1a1c01bbd47fc00a2c39e90264f33305004495a9","hash":"7dc262def9ef5dfc4158c1a7fea0b74f55e0949b"}
,"/Users/shanebdavis/dev/caffeine-suite/packages/caffeine-mc/source/test/StandardImport.js": {"path":"/Users/shanebdavis/dev/caffeine-suite/packages/caffeine-mc/source/test/StandardImport.js","statementMap":{"0":{"start":{"line":2,"column":10},"end":{"line":2,"column":44}},"1":{"start":{"line":3,"column":0},"end":{"line":10,"column":3}},"2":{"start":{"line":4,"column":2},"end":{"line":9,"column":4}}},"fnMap":{"0":{"name":"(anonymous_0)","decl":{"start":{"line":3,"column":19},"end":{"line":3,"column":20}},"loc":{"start":{"line":3,"column":25},"end":{"line":10,"column":1}},"line":3}},"branchMap":{},"s":{"0":5,"1":5,"2":5},"f":{"0":5},"b":{},"_coverageSchema":"1a1c01bbd47fc00a2c39e90264f33305004495a9","hash":"f1e8b87be2b7368b685f753bb46d0106e307a1e0"}
,"/Users/shanebdavis/dev/caffeine-suite/packages/caffeine-mc/source/test/TestCompiler.js": {"path":"/Users/shanebdavis/dev/caffeine-suite/packages/caffeine-mc/source/test/TestCompiler.js","statementMap":{"0":{"start":{"line":1,"column":23},"end":{"line":1,"column":50}},"1":{"start":{"line":2,"column":0},"end":{"line":2,"column":63}},"2":{"start":{"line":2,"column":39},"end":{"line":2,"column":61}}},"fnMap":{"0":{"name":"(anonymous_0)","decl":{"start":{"line":2,"column":27},"end":{"line":2,"column":28}},"loc":{"start":{"line":2,"column":39},"end":{"line":2,"column":61}},"line":2}},"branchMap":{},"s":{"0":1,"1":1,"2":2},"f":{"0":2},"b":{},"_coverageSchema":"1a1c01bbd47fc00a2c39e90264f33305004495a9","hash":"f18cad6bb1f5235e240dbd398182f63103bb99ad"}
,"/Users/shanebdavis/dev/caffeine-suite/packages/caffeine-mc/source/test/index.js": {"path":"/Users/shanebdavis/dev/caffeine-suite/packages/caffeine-mc/source/test/index.js","statementMap":{"0":{"start":{"line":4,"column":0},"end":{"line":17,"column":3}}},"fnMap":{},"branchMap":{},"s":{"0":0},"f":{},"b":{}}
,"/Users/shanebdavis/dev/caffeine-suite/packages/caffeine-mc/source/test/namespace.js": {"path":"/Users/shanebdavis/dev/caffeine-suite/packages/caffeine-mc/source/test/namespace.js","statementMap":{"0":{"start":{"line":4,"column":0},"end":{"line":8,"column":2}}},"fnMap":{},"branchMap":{},"s":{"0":0},"f":{},"b":{}}
}
