TN:
SF:source/caf-command.js
FN:2,(anonymous_0)
FN:22,(anonymous_1)
FN:26,(anonymous_2)
FN:41,(anonymous_3)
FN:48,(anonymous_4)
FN:68,(anonymous_5)
FN:69,(anonymous_6)
FN:72,(anonymous_7)
FN:78,(anonymous_8)
FN:79,(anonymous_9)
FN:81,(anonymous_10)
FN:113,(anonymous_11)
FN:114,(anonymous_12)
FN:122,(anonymous_13)
FNF:14
FNH:0
FNDA:0,(anonymous_0)
FNDA:0,(anonymous_1)
FNDA:0,(anonymous_2)
FNDA:0,(anonymous_3)
FNDA:0,(anonymous_4)
FNDA:0,(anonymous_5)
FNDA:0,(anonymous_6)
FNDA:0,(anonymous_7)
FNDA:0,(anonymous_8)
FNDA:0,(anonymous_9)
FNDA:0,(anonymous_10)
FNDA:0,(anonymous_11)
FNDA:0,(anonymous_12)
FNDA:0,(anonymous_13)
DA:2,0
DA:4,0
DA:6,0
DA:8,0
DA:10,0
DA:12,0
DA:14,0
DA:16,0
DA:18,0
DA:20,0
DA:22,0
DA:23,0
DA:26,0
DA:27,0
DA:30,0
DA:32,0
DA:34,0
DA:41,0
DA:42,0
DA:50,0
DA:51,0
DA:52,0
DA:54,0
DA:56,0
DA:57,0
DA:58,0
DA:60,0
DA:63,0
DA:64,0
DA:68,0
DA:69,0
DA:71,0
DA:72,0
DA:74,0
DA:75,0
DA:76,0
DA:78,0
DA:79,0
DA:80,0
DA:82,0
DA:86,0
DA:90,0
DA:91,0
DA:94,0
DA:95,0
DA:96,0
DA:97,0
DA:103,0
DA:104,0
DA:106,0
DA:107,0
DA:112,0
DA:113,0
DA:114,0
DA:115,0
DA:116,0
DA:118,0
DA:122,0
DA:123,0
DA:124,0
DA:131,0
DA:137,0
DA:139,0
DA:141,0
DA:142,0
DA:143,0
DA:144,0
DA:150,0
DA:151,0
DA:152,0
DA:153,0
DA:159,0
DA:163,0
LF:73
LH:0
BRDA:43,0,0,0
BRDA:43,0,1,0
BRDA:43,0,2,0
BRDA:51,1,0,0
BRDA:51,1,1,0
BRDA:56,2,0,0
BRDA:56,2,1,0
BRDA:57,3,0,0
BRDA:57,3,1,0
BRDA:75,4,0,0
BRDA:75,4,1,0
BRDA:80,5,0,0
BRDA:80,5,1,0
BRDA:90,6,0,0
BRDA:90,6,1,0
BRDA:94,7,0,0
BRDA:94,7,1,0
BRDA:96,8,0,0
BRDA:96,8,1,0
BRDA:97,9,0,0
BRDA:97,9,1,0
BRDA:99,10,0,0
BRDA:99,10,1,0
BRDA:103,11,0,0
BRDA:103,11,1,0
BRDA:106,12,0,0
BRDA:106,12,1,0
BRDA:106,13,0,0
BRDA:106,13,1,0
BRDA:106,13,2,0
BRDA:115,14,0,0
BRDA:115,14,1,0
BRDA:123,15,0,0
BRDA:123,15,1,0
BRDA:141,16,0,0
BRDA:141,16,1,0
BRDA:142,17,0,0
BRDA:142,17,1,0
BRDA:150,18,0,0
BRDA:150,18,1,0
BRDA:151,19,0,0
BRDA:151,19,1,0
BRDA:155,20,0,0
BRDA:155,20,1,0
BRF:44
BRH:0
end_of_record
TN:
SF:source/index.js
FN:3,(anonymous_0)
FNF:1
FNH:1
FNDA:5,(anonymous_0)
DA:2,5
DA:3,5
DA:4,5
LF:3
LH:3
BRF:0
BRH:0
end_of_record
TN:
SF:source/webpack-loader.js
FN:2,(anonymous_0)
FN:28,(anonymous_1)
FNF:2
FNH:0
FNDA:0,(anonymous_0)
FNDA:0,(anonymous_1)
DA:2,0
DA:5,0
DA:7,0
DA:9,0
DA:11,0
DA:26,0
DA:28,0
DA:30,0
DA:31,0
DA:33,0
DA:34,0
DA:35,0
DA:43,0
DA:45,0
DA:46,0
DA:47,0
DA:48,0
DA:49,0
DA:51,0
DA:55,0
DA:59,0
LF:21
LH:0
BRDA:30,0,0,0
BRDA:30,0,1,0
BRDA:46,1,0,0
BRDA:46,1,1,0
BRF:4
BRH:0
end_of_record
TN:
SF:source/CaffeineMc/CafRepl.js
FN:2,(anonymous_0)
FN:31,(anonymous_1)
FN:34,CafRepl
FN:36,(anonymous_3)
FN:45,(anonymous_4)
FN:46,(anonymous_5)
FN:47,(anonymous_6)
FN:53,(anonymous_7)
FN:62,(anonymous_8)
FN:66,(anonymous_9)
FN:69,(anonymous_10)
FN:92,(anonymous_11)
FN:114,(anonymous_12)
FN:129,(anonymous_13)
FN:194,(anonymous_14)
FN:203,(anonymous_15)
FN:212,(anonymous_16)
FN:221,(anonymous_17)
FN:230,(anonymous_18)
FN:238,(anonymous_19)
FN:245,(anonymous_20)
FN:249,(anonymous_21)
FN:267,(anonymous_22)
FN:271,(anonymous_23)
FN:289,(anonymous_24)
FN:328,(anonymous_25)
FN:339,(anonymous_26)
FN:340,(anonymous_27)
FN:348,(anonymous_28)
FN:371,(anonymous_29)
FN:375,(anonymous_30)
FN:381,(anonymous_31)
FN:386,(anonymous_32)
FNF:33
FNH:2
FNDA:7,(anonymous_0)
FNDA:7,(anonymous_1)
FNDA:0,CafRepl
FNDA:0,(anonymous_3)
FNDA:0,(anonymous_4)
FNDA:0,(anonymous_5)
FNDA:0,(anonymous_6)
FNDA:0,(anonymous_7)
FNDA:0,(anonymous_8)
FNDA:0,(anonymous_9)
FNDA:0,(anonymous_10)
FNDA:0,(anonymous_11)
FNDA:0,(anonymous_12)
FNDA:0,(anonymous_13)
FNDA:0,(anonymous_14)
FNDA:0,(anonymous_15)
FNDA:0,(anonymous_16)
FNDA:0,(anonymous_17)
FNDA:0,(anonymous_18)
FNDA:0,(anonymous_19)
FNDA:0,(anonymous_20)
FNDA:0,(anonymous_21)
FNDA:0,(anonymous_22)
FNDA:0,(anonymous_23)
FNDA:0,(anonymous_24)
FNDA:0,(anonymous_25)
FNDA:0,(anonymous_26)
FNDA:0,(anonymous_27)
FNDA:0,(anonymous_28)
FNDA:0,(anonymous_29)
FNDA:0,(anonymous_30)
FNDA:0,(anonymous_31)
FNDA:0,(anonymous_32)
DA:2,7
DA:5,7
DA:7,7
DA:9,7
DA:11,7
DA:13,7
DA:15,7
DA:17,7
DA:19,7
DA:20,7
DA:23,7
DA:25,7
DA:27,7
DA:29,7
DA:31,7
DA:36,7
DA:38,0
DA:39,0
DA:40,0
DA:42,0
DA:45,7
DA:46,0
DA:47,0
DA:49,0
DA:50,0
DA:51,0
DA:52,0
DA:53,0
DA:54,0
DA:56,0
DA:57,0
DA:58,0
DA:59,0
DA:60,0
DA:64,0
DA:65,0
DA:66,0
DA:67,0
DA:68,0
DA:69,0
DA:71,0
DA:72,0
DA:73,0
DA:74,0
DA:77,0
DA:79,0
DA:88,0
DA:89,0
DA:91,0
DA:94,0
DA:95,0
DA:96,0
DA:97,0
DA:99,0
DA:104,0
DA:105,0
DA:106,0
DA:109,0
DA:110,0
DA:112,0
DA:116,0
DA:117,0
DA:118,0
DA:119,0
DA:121,0
DA:122,0
DA:123,0
DA:124,0
DA:126,0
DA:127,0
DA:128,0
DA:129,0
DA:131,0
DA:132,0
DA:139,0
DA:140,0
DA:142,0
DA:143,0
DA:144,0
DA:146,0
DA:147,0
DA:149,0
DA:150,0
DA:151,0
DA:152,0
DA:153,0
DA:154,0
DA:155,0
DA:157,0
DA:158,0
DA:160,0
DA:162,0
DA:163,0
DA:165,0
DA:166,0
DA:167,0
DA:168,0
DA:169,0
DA:170,0
DA:172,0
DA:173,0
DA:175,0
DA:176,0
DA:177,0
DA:180,0
DA:181,0
DA:183,0
DA:185,0
DA:186,0
DA:190,0
DA:191,0
DA:195,0
DA:196,0
DA:197,0
DA:200,0
DA:204,0
DA:205,0
DA:206,0
DA:209,0
DA:213,0
DA:214,0
DA:215,0
DA:218,0
DA:222,0
DA:223,0
DA:224,0
DA:227,0
DA:231,0
DA:232,0
DA:233,0
DA:236,0
DA:239,0
DA:245,7
DA:246,0
DA:249,7
DA:251,0
DA:252,0
DA:257,0
DA:258,0
DA:262,0
DA:263,0
DA:267,7
DA:268,0
DA:271,7
DA:273,0
DA:274,0
DA:276,0
DA:277,0
DA:279,0
DA:280,0
DA:281,0
DA:283,0
DA:287,7
DA:289,7
DA:291,0
DA:292,0
DA:294,0
DA:295,0
DA:297,0
DA:298,0
DA:299,0
DA:300,0
DA:301,0
DA:302,0
DA:303,0
DA:304,0
DA:306,0
DA:308,0
DA:309,0
DA:312,0
DA:313,0
DA:314,0
DA:316,0
DA:317,0
DA:319,0
DA:328,7
DA:329,0
DA:330,0
DA:332,0
DA:333,0
DA:335,0
DA:336,0
DA:340,0
DA:341,0
DA:342,0
DA:348,7
DA:350,0
DA:351,0
DA:352,0
DA:353,0
DA:354,0
DA:355,0
DA:356,0
DA:357,0
DA:358,0
DA:359,0
DA:360,0
DA:362,0
DA:363,0
DA:365,0
DA:366,0
DA:368,0
DA:371,7
DA:373,0
DA:374,0
DA:375,0
DA:376,0
DA:377,0
DA:378,0
DA:381,0
DA:382,0
DA:386,7
DA:388,0
DA:389,0
DA:395,7
LF:215
LH:28
BRDA:19,0,0,7
BRDA:19,0,1,0
BRDA:39,1,0,0
BRDA:39,1,1,0
BRDA:65,2,0,0
BRDA:65,2,1,0
BRDA:65,3,0,0
BRDA:65,3,1,0
BRDA:73,4,0,0
BRDA:73,4,1,0
BRDA:73,5,0,0
BRDA:73,5,1,0
BRDA:73,6,0,0
BRDA:73,6,1,0
BRDA:82,7,0,0
BRDA:82,7,1,0
BRDA:83,8,0,0
BRDA:83,8,1,0
BRDA:87,9,0,0
BRDA:87,9,1,0
BRDA:88,10,0,0
BRDA:88,10,1,0
BRDA:88,11,0,0
BRDA:88,11,1,0
BRDA:109,12,0,0
BRDA:109,12,1,0
BRDA:118,13,0,0
BRDA:118,13,1,0
BRDA:121,14,0,0
BRDA:121,14,1,0
BRDA:121,15,0,0
BRDA:121,15,1,0
BRDA:126,16,0,0
BRDA:126,16,1,0
BRDA:126,17,0,0
BRDA:126,17,1,0
BRDA:132,18,0,0
BRDA:132,18,1,0
BRDA:139,19,0,0
BRDA:139,19,1,0
BRDA:139,20,0,0
BRDA:139,20,1,0
BRDA:143,21,0,0
BRDA:143,21,1,0
BRDA:146,22,0,0
BRDA:146,22,1,0
BRDA:146,23,0,0
BRDA:146,23,1,0
BRDA:150,24,0,0
BRDA:150,24,1,0
BRDA:152,25,0,0
BRDA:152,25,1,0
BRDA:154,26,0,0
BRDA:154,26,1,0
BRDA:157,27,0,0
BRDA:157,27,1,0
BRDA:165,28,0,0
BRDA:165,28,1,0
BRDA:165,29,0,0
BRDA:165,29,1,0
BRDA:168,30,0,0
BRDA:168,30,1,0
BRDA:180,31,0,0
BRDA:180,31,1,0
BRDA:214,32,0,0
BRDA:214,32,1,0
BRDA:223,33,0,0
BRDA:223,33,1,0
BRDA:232,34,0,0
BRDA:232,34,1,0
BRDA:273,35,0,0
BRDA:273,35,1,0
BRDA:276,36,0,0
BRDA:276,36,1,0
BRDA:280,37,0,0
BRDA:280,37,1,0
BRDA:291,38,0,0
BRDA:291,38,1,0
BRDA:294,39,0,0
BRDA:294,39,1,0
BRDA:301,40,0,0
BRDA:301,40,1,0
BRDA:302,41,0,0
BRDA:302,41,1,0
BRDA:316,42,0,0
BRDA:316,42,1,0
BRDA:329,43,0,0
BRDA:329,43,1,0
BRDA:332,44,0,0
BRDA:332,44,1,0
BRDA:359,45,0,0
BRDA:359,45,1,0
BRDA:362,46,0,0
BRDA:362,46,1,0
BRDA:376,47,0,0
BRDA:376,47,1,0
BRDA:376,48,0,0
BRDA:376,48,1,0
BRDA:376,48,2,0
BRDA:376,48,3,0
BRDA:376,48,4,0
BRF:101
BRH:1
end_of_record
TN:
SF:source/CaffeineMc/CaffeineMc.js
FN:3,(anonymous_0)
FNF:1
FNH:1
FNDA:7,(anonymous_0)
DA:2,7
DA:3,7
DA:4,7
LF:3
LH:3
BRF:0
BRH:0
end_of_record
TN:
SF:source/CaffeineMc/CaffeineMcParser.js
FN:3,(anonymous_0)
FN:11,(anonymous_1)
FN:15,(anonymous_2)
FN:21,(anonymous_3)
FN:29,(anonymous_4)
FN:37,(anonymous_5)
FNF:6
FNH:6
FNDA:7,(anonymous_0)
FNDA:7,(anonymous_1)
FNDA:7,(anonymous_2)
FNDA:61,(anonymous_3)
FNDA:61,(anonymous_4)
FNDA:61,(anonymous_5)
DA:2,7
DA:3,7
DA:4,7
DA:13,7
DA:16,7
DA:23,61
DA:31,61
DA:39,61
DA:45,7
LF:9
LH:9
BRDA:24,0,0,61
BRDA:24,0,1,32
BRDA:24,0,2,23
BRDA:32,1,0,61
BRDA:32,1,1,32
BRDA:32,1,2,22
BRDA:39,2,0,61
BRDA:39,2,1,61
BRDA:39,2,2,7
BRF:9
BRH:9
end_of_record
TN:
SF:source/CaffeineMc/CompileCache.js
FN:2,(anonymous_0)
FN:4,(anonymous_1)
FN:4,ctor
FN:40,(anonymous_3)
FN:43,CompileCache
FN:50,(anonymous_5)
FN:53,(anonymous_6)
FN:58,(anonymous_7)
FN:62,(anonymous_8)
FN:66,(anonymous_9)
FN:70,(anonymous_10)
FN:74,(anonymous_11)
FN:83,(anonymous_12)
FN:107,(anonymous_13)
FN:130,(anonymous_14)
FN:134,(anonymous_15)
FN:150,(anonymous_16)
FN:179,(anonymous_17)
FN:180,(anonymous_18)
FN:181,(anonymous_19)
FN:182,(anonymous_20)
FN:184,(anonymous_21)
FNF:22
FNH:18
FNDA:7,(anonymous_0)
FNDA:7,(anonymous_1)
FNDA:7,ctor
FNDA:7,(anonymous_3)
FNDA:0,CompileCache
FNDA:2,(anonymous_5)
FNDA:20,(anonymous_6)
FNDA:18,(anonymous_7)
FNDA:36,(anonymous_8)
FNDA:18,(anonymous_9)
FNDA:18,(anonymous_10)
FNDA:18,(anonymous_11)
FNDA:18,(anonymous_12)
FNDA:5,(anonymous_13)
FNDA:8,(anonymous_14)
FNDA:5,(anonymous_15)
FNDA:5,(anonymous_16)
FNDA:2,(anonymous_17)
FNDA:2,(anonymous_18)
FNDA:0,(anonymous_19)
FNDA:0,(anonymous_20)
FNDA:0,(anonymous_21)
DA:2,7
DA:4,469
DA:5,7
DA:7,7
DA:9,7
DA:11,7
DA:13,7
DA:15,7
DA:17,7
DA:19,7
DA:21,7
DA:23,7
DA:25,7
DA:40,7
DA:41,7
DA:44,0
DA:47,7
DA:49,7
DA:51,2
DA:54,20
DA:58,7
DA:59,18
DA:62,7
DA:63,36
DA:66,7
DA:67,18
DA:70,7
DA:71,18
DA:74,7
DA:75,18
DA:83,7
DA:85,18
DA:86,18
DA:87,0
DA:93,18
DA:94,0
DA:96,18
DA:97,18
DA:98,18
DA:99,18
DA:107,7
DA:109,5
DA:110,5
DA:111,5
DA:112,0
DA:116,5
DA:122,5
DA:130,7
DA:132,8
DA:133,8
DA:134,5
DA:135,5
DA:136,5
DA:139,4
DA:140,4
DA:141,0
DA:145,4
DA:150,7
DA:152,5
DA:153,2
DA:154,2
DA:155,2
DA:158,2
DA:159,1
DA:170,1
DA:173,1
DA:175,3
DA:179,7
DA:180,2
DA:181,2
DA:182,0
DA:183,0
DA:185,0
DA:186,0
DA:193,7
LF:75
LH:66
BRDA:4,0,0,455
BRDA:4,0,1,14
BRDA:54,1,0,20
BRDA:54,1,1,2
BRDA:59,2,0,18
BRDA:59,2,1,18
BRDA:63,3,0,36
BRDA:63,3,1,14
BRDA:63,4,0,22
BRDA:63,4,1,14
BRDA:86,5,0,0
BRDA:86,5,1,18
BRDA:86,6,0,18
BRDA:86,6,1,18
BRDA:86,6,2,18
BRDA:93,7,0,0
BRDA:93,7,1,18
BRDA:98,8,0,4
BRDA:98,8,1,14
BRDA:109,9,0,5
BRDA:109,9,1,0
BRDA:111,10,0,0
BRDA:111,10,1,5
BRDA:133,11,0,5
BRDA:133,11,1,3
BRDA:133,12,0,8
BRDA:133,12,1,8
BRDA:134,13,0,4
BRDA:134,13,1,1
BRDA:134,14,0,5
BRDA:134,14,1,5
BRDA:134,14,2,5
BRDA:140,15,0,0
BRDA:140,15,1,4
BRDA:152,16,0,2
BRDA:152,16,1,3
BRDA:152,17,0,2
BRDA:152,17,1,3
BRDA:158,18,0,1
BRDA:158,18,1,1
BRDA:185,19,0,0
BRDA:185,19,1,0
BRF:42
BRH:35
end_of_record
TN:
SF:source/CaffeineMc/DirReader.js
FN:3,(anonymous_0)
FN:7,(anonymous_1)
FN:9,(anonymous_2)
FNF:3
FNH:3
FNDA:7,(anonymous_0)
FNDA:7,(anonymous_1)
FNDA:158,(anonymous_2)
DA:2,7
DA:3,7
DA:4,7
DA:8,7
DA:10,158
LF:5
LH:5
BRF:0
BRH:0
end_of_record
TN:
SF:source/CaffeineMc/FileCompiler.js
FN:2,(anonymous_0)
FN:15,(anonymous_1)
FN:16,FileCompiler
FN:18,(anonymous_3)
FN:36,(anonymous_4)
FN:42,(anonymous_5)
FN:50,(anonymous_6)
FN:55,(anonymous_7)
FN:59,(anonymous_8)
FN:66,(anonymous_9)
FN:79,(anonymous_10)
FN:81,(anonymous_11)
FNF:12
FNH:9
FNDA:7,(anonymous_0)
FNDA:7,(anonymous_1)
FNDA:0,FileCompiler
FNDA:0,(anonymous_3)
FNDA:9,(anonymous_4)
FNDA:9,(anonymous_5)
FNDA:9,(anonymous_6)
FNDA:9,(anonymous_7)
FNDA:9,(anonymous_8)
FNDA:9,(anonymous_9)
FNDA:9,(anonymous_10)
FNDA:0,(anonymous_11)
DA:2,7
DA:5,7
DA:7,7
DA:9,7
DA:11,7
DA:13,7
DA:15,7
DA:18,7
DA:20,0
DA:21,0
DA:23,0
DA:24,0
DA:26,0
DA:27,0
DA:28,0
DA:29,0
DA:30,0
DA:36,7
DA:38,9
DA:39,2
DA:41,9
DA:42,9
DA:44,9
DA:50,9
DA:51,9
DA:52,0
DA:54,9
DA:57,9
DA:58,9
DA:59,9
DA:60,9
DA:61,9
DA:65,9
DA:66,9
DA:68,9
DA:69,9
DA:70,9
DA:71,0
DA:72,0
DA:73,0
DA:75,9
DA:80,9
DA:82,0
DA:83,0
DA:88,7
LF:45
LH:30
BRDA:20,0,0,0
BRDA:20,0,1,0
BRDA:23,1,0,0
BRDA:23,1,1,0
BRDA:27,2,0,0
BRDA:27,2,1,0
BRDA:29,3,0,0
BRDA:29,3,1,0
BRDA:38,4,0,2
BRDA:38,4,1,7
BRDA:51,5,0,0
BRDA:51,5,1,9
BRDA:58,6,0,0
BRDA:58,6,1,9
BRDA:70,7,0,0
BRDA:70,7,1,9
BRF:16
BRH:5
end_of_record
TN:
SF:source/CaffeineMc/Highlight.js
FN:3,(anonymous_0)
FN:5,(anonymous_1)
FN:16,(anonymous_2)
FN:16,(anonymous_3)
FN:20,(anonymous_4)
FN:27,(anonymous_5)
FNF:6
FNH:1
FNDA:7,(anonymous_0)
FNDA:0,(anonymous_1)
FNDA:0,(anonymous_2)
FNDA:0,(anonymous_3)
FNDA:0,(anonymous_4)
FNDA:0,(anonymous_5)
DA:2,7
DA:3,7
DA:4,7
DA:14,0
DA:15,0
DA:16,0
DA:17,0
DA:18,0
DA:19,0
DA:20,0
DA:21,0
DA:29,0
DA:30,0
DA:31,0
DA:52,0
LF:15
LH:3
BRDA:31,0,0,0
BRDA:31,0,1,0
BRDA:31,1,0,0
BRDA:31,1,1,0
BRDA:31,1,2,0
BRDA:31,1,3,0
BRDA:31,2,0,0
BRDA:31,2,1,0
BRDA:33,3,0,0
BRDA:33,3,1,0
BRDA:34,4,0,0
BRDA:34,4,1,0
BRDA:35,5,0,0
BRDA:35,5,1,0
BRDA:37,6,0,0
BRDA:37,6,1,0
BRDA:37,7,0,0
BRDA:37,7,1,0
BRF:18
BRH:0
end_of_record
TN:
SF:source/CaffeineMc/Metacompiler.js
FN:2,(anonymous_0)
FN:4,(anonymous_1)
FN:4,ctor
FN:23,(anonymous_3)
FN:26,(anonymous_4)
FN:34,(anonymous_5)
FN:40,(anonymous_6)
FN:66,(anonymous_7)
FN:67,(anonymous_8)
FN:86,Metacompiler
FN:94,(anonymous_10)
FN:145,(anonymous_11)
FN:158,(anonymous_12)
FN:162,(anonymous_13)
FN:170,(anonymous_14)
FN:189,(anonymous_15)
FN:213,(anonymous_16)
FN:225,(anonymous_17)
FN:231,(anonymous_18)
FNF:19
FNH:17
FNDA:7,(anonymous_0)
FNDA:7,(anonymous_1)
FNDA:7,ctor
FNDA:7,(anonymous_3)
FNDA:13,(anonymous_4)
FNDA:45,(anonymous_5)
FNDA:0,(anonymous_6)
FNDA:18,(anonymous_7)
FNDA:18,(anonymous_8)
FNDA:22,Metacompiler
FNDA:40,(anonymous_10)
FNDA:30,(anonymous_11)
FNDA:27,(anonymous_12)
FNDA:27,(anonymous_13)
FNDA:27,(anonymous_14)
FNDA:7,(anonymous_15)
FNDA:46,(anonymous_16)
FNDA:0,(anonymous_17)
FNDA:9,(anonymous_18)
DA:2,7
DA:4,469
DA:5,7
DA:7,7
DA:9,7
DA:11,7
DA:13,7
DA:15,7
DA:17,7
DA:19,7
DA:21,7
DA:23,7
DA:24,7
DA:26,7
DA:27,13
DA:28,10
DA:30,13
DA:33,7
DA:35,45
DA:39,7
DA:41,0
DA:45,7
DA:67,18
DA:68,18
DA:69,9
DA:70,9
DA:71,9
DA:72,0
DA:73,0
DA:77,0
DA:80,0
DA:87,22
DA:88,22
DA:89,22
DA:90,22
DA:91,22
DA:94,7
DA:96,40
DA:97,17
DA:102,23
DA:103,0
DA:108,23
DA:109,0
DA:112,23
DA:113,23
DA:115,0
DA:121,0
DA:145,7
DA:146,30
DA:147,30
DA:148,30
DA:149,0
DA:151,30
DA:152,7
DA:154,23
DA:158,7
DA:159,27
DA:162,7
DA:164,27
DA:165,0
DA:167,27
DA:170,7
DA:172,27
DA:173,1
DA:174,1
DA:175,1
DA:179,1
DA:181,0
DA:182,0
DA:183,0
DA:186,27
DA:189,7
DA:191,7
DA:192,7
DA:198,7
DA:199,7
DA:200,0
DA:206,7
DA:207,3
DA:209,4
DA:213,7
DA:215,46
DA:216,46
DA:217,19
DA:218,19
DA:220,27
DA:224,7
DA:227,0
DA:231,7
DA:233,9
DA:234,4
DA:236,9
DA:237,0
DA:239,9
DA:240,4
DA:242,5
DA:243,5
DA:244,5
DA:245,5
DA:246,5
DA:247,0
DA:250,0
DA:252,5
DA:255,7
LF:104
LH:85
BRDA:4,0,0,455
BRDA:4,0,1,14
BRDA:27,1,0,10
BRDA:27,1,1,3
BRDA:68,2,0,9
BRDA:68,2,1,9
BRDA:70,3,0,9
BRDA:70,3,1,0
BRDA:72,4,0,0
BRDA:72,4,1,0
BRDA:96,5,0,17
BRDA:96,5,1,23
BRDA:102,6,0,0
BRDA:102,6,1,23
BRDA:102,7,0,23
BRDA:102,7,1,0
BRDA:108,8,0,0
BRDA:108,8,1,23
BRDA:108,9,0,23
BRDA:108,9,1,0
BRDA:112,10,0,23
BRDA:112,10,1,0
BRDA:112,11,0,23
BRDA:112,11,1,0
BRDA:112,12,0,23
BRDA:112,12,1,0
BRDA:148,13,0,0
BRDA:148,13,1,30
BRDA:148,14,0,30
BRDA:148,14,1,1
BRDA:148,14,2,1
BRDA:151,15,0,7
BRDA:151,15,1,23
BRDA:151,16,0,30
BRDA:151,16,1,7
BRDA:164,17,0,0
BRDA:164,17,1,27
BRDA:172,18,0,1
BRDA:172,18,1,26
BRDA:174,19,0,1
BRDA:174,19,1,0
BRDA:199,20,0,0
BRDA:199,20,1,7
BRDA:199,21,0,7
BRDA:199,21,1,0
BRDA:199,22,0,7
BRDA:199,22,1,0
BRDA:206,23,0,3
BRDA:206,23,1,4
BRDA:216,24,0,19
BRDA:216,24,1,27
BRDA:216,25,0,46
BRDA:216,25,1,33
BRDA:217,26,0,13
BRDA:217,26,1,6
BRDA:227,27,0,0
BRDA:227,27,1,0
BRDA:227,27,2,0
BRDA:227,27,3,0
BRDA:227,28,0,0
BRDA:227,28,1,0
BRDA:227,29,0,0
BRDA:227,29,1,0
BRDA:233,30,0,4
BRDA:233,30,1,5
BRDA:236,31,0,0
BRDA:236,31,1,9
BRDA:239,32,0,4
BRDA:239,32,1,5
BRDA:245,33,0,5
BRDA:245,33,1,5
BRDA:246,34,0,0
BRDA:246,34,1,5
BRF:73
BRH:47
end_of_record
TN:
SF:source/CaffeineMc/ModuleResolver.js
FN:2,(anonymous_0)
FN:44,(anonymous_1)
FN:47,ModuleResolver
FN:59,(anonymous_3)
FN:91,(anonymous_4)
FN:94,(anonymous_5)
FN:132,(anonymous_6)
FN:133,(anonymous_7)
FN:140,(anonymous_8)
FN:239,(anonymous_9)
FN:261,(anonymous_10)
FNF:11
FNH:10
FNDA:7,(anonymous_0)
FNDA:7,(anonymous_1)
FNDA:0,ModuleResolver
FNDA:15,(anonymous_3)
FNDA:32,(anonymous_4)
FNDA:6,(anonymous_5)
FNDA:19,(anonymous_6)
FNDA:19,(anonymous_7)
FNDA:32,(anonymous_8)
FNDA:191,(anonymous_9)
FNDA:54,(anonymous_10)
DA:2,7
DA:4,7
DA:6,7
DA:8,7
DA:10,7
DA:12,7
DA:14,7
DA:16,7
DA:18,7
DA:20,7
DA:44,7
DA:59,7
DA:61,15
DA:62,15
DA:63,15
DA:65,15
DA:66,15
DA:67,8
DA:70,15
DA:71,15
DA:72,8
DA:75,8
DA:79,7
DA:80,4
DA:81,4
DA:83,3
DA:85,7
DA:91,7
DA:93,32
DA:94,6
DA:96,6
DA:97,6
DA:98,6
DA:99,15
DA:100,15
DA:101,15
DA:103,6
DA:106,26
DA:108,32
DA:109,24
DA:110,6
DA:111,9
DA:112,9
DA:113,9
DA:114,9
DA:116,0
DA:126,24
DA:132,7
DA:133,19
DA:134,19
DA:138,7
DA:140,7
DA:142,32
DA:143,32
DA:144,31
DA:146,32
DA:147,32
DA:148,28
DA:149,28
DA:150,28
DA:151,28
DA:153,32
DA:154,32
DA:155,32
DA:156,45
DA:157,16
DA:159,29
DA:160,29
DA:161,12
DA:162,2
DA:164,12
DA:166,17
DA:170,32
DA:171,18
DA:172,18
DA:175,2
DA:177,18
DA:178,9
DA:180,18
DA:185,14
DA:186,14
DA:188,8
DA:189,8
DA:190,8
DA:195,8
DA:239,7
DA:241,191
DA:242,10
DA:243,181
DA:244,142
DA:245,20
DA:246,20
DA:247,20
DA:248,20
DA:249,24
DA:250,24
DA:251,24
DA:252,24
DA:253,17
DA:257,125
DA:261,7
DA:263,54
DA:264,54
DA:265,54
DA:266,191
DA:267,191
DA:268,27
DA:269,0
DA:276,27
DA:279,54
DA:282,7
LF:111
LH:109
BRDA:66,0,0,8
BRDA:66,0,1,7
BRDA:71,1,0,8
BRDA:71,1,1,7
BRDA:79,2,0,4
BRDA:79,2,1,3
BRDA:79,3,0,4
BRDA:79,3,1,3
BRDA:93,4,0,6
BRDA:93,4,1,26
BRDA:104,5,0,6
BRDA:104,5,1,0
BRDA:109,6,0,6
BRDA:109,6,1,18
BRDA:112,7,0,9
BRDA:112,7,1,0
BRDA:143,8,0,31
BRDA:143,8,1,1
BRDA:146,9,0,32
BRDA:146,9,1,11
BRDA:146,10,0,0
BRDA:146,10,1,11
BRDA:147,11,0,28
BRDA:147,11,1,4
BRDA:147,12,0,32
BRDA:147,12,1,11
BRDA:148,13,0,28
BRDA:148,13,1,20
BRDA:149,14,0,28
BRDA:149,14,1,20
BRDA:150,15,0,28
BRDA:150,15,1,28
BRDA:151,16,0,28
BRDA:151,16,1,21
BRDA:156,17,0,16
BRDA:156,17,1,29
BRDA:156,18,0,45
BRDA:156,18,1,18
BRDA:160,19,0,12
BRDA:160,19,1,17
BRDA:161,20,0,2
BRDA:161,20,1,10
BRDA:170,21,0,18
BRDA:170,21,1,14
BRDA:172,22,0,2
BRDA:172,22,1,2
BRDA:177,23,0,9
BRDA:177,23,1,9
BRDA:189,24,0,8
BRDA:189,24,1,0
BRDA:241,25,0,10
BRDA:241,25,1,181
BRDA:243,26,0,142
BRDA:243,26,1,39
BRDA:244,27,0,20
BRDA:244,27,1,122
BRDA:252,28,0,17
BRDA:252,28,1,7
BRDA:267,29,0,27
BRDA:267,29,1,164
BRDA:268,30,0,0
BRDA:268,30,1,27
BRDA:268,31,0,27
BRDA:268,31,1,0
BRF:64
BRH:58
end_of_record
TN:
SF:source/CaffeineMc/Register.js
FN:2,(anonymous_0)
FN:11,(anonymous_1)
FN:12,Register
FN:16,(anonymous_3)
FN:24,(anonymous_4)
FNF:5
FNH:2
FNDA:7,(anonymous_0)
FNDA:7,(anonymous_1)
FNDA:0,Register
FNDA:0,(anonymous_3)
FNDA:0,(anonymous_4)
DA:2,7
DA:5,7
DA:7,7
DA:9,7
DA:11,7
DA:14,7
DA:16,7
DA:18,0
DA:19,0
DA:21,0
DA:22,0
DA:23,0
DA:24,0
DA:26,0
DA:27,0
DA:28,0
DA:32,0
DA:38,0
DA:39,0
DA:40,0
DA:41,0
DA:44,0
DA:45,0
DA:46,0
DA:48,0
DA:49,0
DA:50,0
DA:51,0
DA:57,0
DA:63,0
DA:66,7
LF:31
LH:8
BRDA:18,0,0,0
BRDA:18,0,1,0
BRDA:24,1,0,0
BRDA:24,1,1,0
BRDA:27,2,0,0
BRDA:27,2,1,0
BRDA:40,3,0,0
BRDA:40,3,1,0
BRDA:44,4,0,0
BRDA:44,4,1,0
BRDA:50,5,0,0
BRDA:50,5,1,0
BRF:12
BRH:0
end_of_record
TN:
SF:source/CaffeineMc/Run.js
FN:3,(anonymous_0)
FN:18,(anonymous_1)
FN:31,(anonymous_2)
FN:34,(anonymous_3)
FN:40,(anonymous_4)
FN:46,(anonymous_5)
FN:59,(anonymous_6)
FN:64,(anonymous_7)
FN:68,(anonymous_8)
FN:71,(anonymous_9)
FN:85,(anonymous_10)
FN:91,(anonymous_11)
FNF:12
FNH:3
FNDA:7,(anonymous_0)
FNDA:7,(anonymous_1)
FNDA:0,(anonymous_2)
FNDA:7,(anonymous_3)
FNDA:0,(anonymous_4)
FNDA:0,(anonymous_5)
FNDA:0,(anonymous_6)
FNDA:0,(anonymous_7)
FNDA:0,(anonymous_8)
FNDA:0,(anonymous_9)
FNDA:0,(anonymous_10)
FNDA:0,(anonymous_11)
DA:2,7
DA:3,7
DA:4,7
DA:31,7
DA:32,0
DA:34,7
DA:40,7
DA:42,0
DA:43,0
DA:47,0
DA:60,0
DA:64,7
DA:65,0
DA:66,0
DA:68,7
DA:70,0
DA:71,0
DA:72,0
DA:73,0
DA:74,0
DA:79,0
DA:81,0
DA:85,7
DA:87,0
DA:88,0
DA:89,0
DA:91,7
DA:93,0
DA:94,0
DA:95,0
DA:98,0
DA:99,0
DA:100,0
LF:33
LH:10
BRDA:32,0,0,0
BRDA:32,0,1,0
BRDA:44,1,0,0
BRDA:44,1,1,0
BRDA:46,2,0,0
BRDA:46,2,1,0
BRDA:58,3,0,0
BRDA:58,3,1,0
BRDA:85,4,0,0
BRDA:95,5,0,0
BRDA:95,5,1,0
BRDA:99,6,0,0
BRDA:99,6,1,0
BRDA:101,7,0,0
BRDA:101,7,1,0
BRF:15
BRH:0
end_of_record
TN:
SF:source/CaffeineMc/SourceRootFinder.js
FN:3,(anonymous_0)
FN:17,(anonymous_1)
FN:31,(anonymous_2)
FN:42,(anonymous_3)
FN:45,(anonymous_4)
FN:49,(anonymous_5)
FN:55,(anonymous_6)
FN:60,(anonymous_7)
FN:65,(anonymous_8)
FN:77,(anonymous_9)
FN:80,(anonymous_10)
FN:88,(anonymous_11)
FN:99,(anonymous_12)
FN:100,(anonymous_13)
FN:107,(anonymous_14)
FN:114,(anonymous_15)
FN:133,(anonymous_16)
FN:139,(anonymous_17)
FN:140,(anonymous_18)
FN:143,(anonymous_19)
FNF:20
FNH:17
FNDA:7,(anonymous_0)
FNDA:7,(anonymous_1)
FNDA:9,(anonymous_2)
FNDA:7,(anonymous_3)
FNDA:0,(anonymous_4)
FNDA:41,(anonymous_5)
FNDA:31,(anonymous_6)
FNDA:31,(anonymous_7)
FNDA:70,(anonymous_8)
FNDA:37,(anonymous_9)
FNDA:96,(anonymous_10)
FNDA:96,(anonymous_11)
FNDA:96,(anonymous_12)
FNDA:186,(anonymous_13)
FNDA:137,(anonymous_14)
FNDA:137,(anonymous_15)
FNDA:9,(anonymous_16)
FNDA:0,(anonymous_17)
FNDA:24,(anonymous_18)
FNDA:0,(anonymous_19)
DA:2,7
DA:3,7
DA:4,7
DA:29,7
DA:33,9
DA:34,9
DA:38,9
DA:39,9
DA:43,7
DA:44,7
DA:46,0
DA:49,7
DA:51,41
DA:56,31
DA:57,15
DA:59,31
DA:61,31
DA:65,7
DA:67,70
DA:77,7
DA:78,37
DA:80,7
DA:82,96
DA:89,96
DA:91,200
DA:92,200
DA:93,200
DA:95,96
DA:100,186
DA:107,7
DA:109,137
DA:115,137
DA:117,281
DA:118,281
DA:119,37
DA:120,37
DA:122,244
DA:124,137
DA:133,7
DA:134,9
DA:139,0
DA:140,24
DA:144,0
LF:43
LH:40
BRDA:31,0,0,1
BRDA:35,1,0,8
BRDA:35,1,1,1
BRDA:51,2,0,10
BRDA:51,2,1,31
BRDA:56,3,0,15
BRDA:56,3,1,16
BRDA:61,4,0,31
BRDA:61,4,1,6
BRDA:67,5,0,27
BRDA:67,5,1,43
BRDA:71,6,0,20
BRDA:71,6,1,23
BRDA:75,7,0,43
BRDA:75,7,1,6
BRDA:85,8,0,96
BRDA:85,8,1,0
BRDA:100,9,0,25
BRDA:100,9,1,71
BRDA:102,10,0,65
BRDA:102,10,1,6
BRDA:102,11,0,71
BRDA:102,11,1,65
BRDA:109,12,0,37
BRDA:109,12,1,100
BRDA:111,13,0,137
BRDA:111,13,1,0
BRDA:118,14,0,37
BRDA:118,14,1,244
BRDA:129,15,0,94
BRDA:129,15,1,6
BRDA:129,16,0,100
BRDA:129,16,1,94
BRDA:134,17,0,0
BRDA:134,17,1,9
BRDA:135,18,0,9
BRDA:135,18,1,9
BRDA:135,18,2,9
BRDA:140,19,0,24
BRDA:140,19,1,24
BRF:40
BRH:37
end_of_record
TN:
SF:source/CaffeineMc/SourceRoots.js
FN:3,(anonymous_0)
FN:7,(anonymous_1)
FN:15,(anonymous_2)
FN:18,(anonymous_3)
FN:21,(anonymous_4)
FN:26,(anonymous_5)
FN:31,(anonymous_6)
FN:51,(anonymous_7)
FN:62,(anonymous_8)
FN:67,(anonymous_9)
FN:69,(anonymous_10)
FN:86,(anonymous_11)
FN:111,(anonymous_12)
FN:114,(anonymous_13)
FN:120,(anonymous_14)
FNF:15
FNH:13
FNDA:7,(anonymous_0)
FNDA:7,(anonymous_1)
FNDA:7,(anonymous_2)
FNDA:0,(anonymous_3)
FNDA:16,(anonymous_4)
FNDA:9,(anonymous_5)
FNDA:8,(anonymous_6)
FNDA:11,(anonymous_7)
FNDA:9,(anonymous_8)
FNDA:8,(anonymous_9)
FNDA:9,(anonymous_10)
FNDA:0,(anonymous_11)
FNDA:13,(anonymous_12)
FNDA:42,(anonymous_13)
FNDA:24,(anonymous_14)
DA:2,7
DA:3,7
DA:4,7
DA:9,7
DA:10,7
DA:13,7
DA:17,7
DA:19,0
DA:22,16
DA:25,7
DA:26,7
DA:27,9
DA:31,7
DA:33,8
DA:34,8
DA:35,8
DA:41,0
DA:42,0
DA:45,0
DA:47,8
DA:48,8
DA:49,8
DA:51,7
DA:53,11
DA:64,9
DA:67,8
DA:69,9
DA:71,9
DA:72,9
DA:86,7
DA:88,0
DA:89,0
DA:91,0
DA:111,7
DA:112,13
DA:114,7
DA:115,42
DA:119,7
DA:120,24
LF:39
LH:32
BRDA:27,0,0,6
BRDA:27,0,1,3
BRDA:47,1,0,8
BRDA:47,1,1,0
BRDA:51,2,0,0
BRDA:53,3,0,2
BRDA:53,3,1,9
BRDA:64,4,0,8
BRDA:64,4,1,1
BRDA:74,5,0,8
BRDA:74,5,1,1
BRDA:75,6,0,9
BRDA:75,6,1,8
BRDA:88,7,0,0
BRDA:88,7,1,0
BRDA:91,8,0,0
BRDA:91,8,1,0
BRDA:93,9,0,0
BRDA:93,9,1,0
BRF:19
BRH:11
end_of_record
TN:
SF:source/CaffeineMc/StandardImport.js
FN:3,(anonymous_0)
FNF:1
FNH:1
FNDA:7,(anonymous_0)
DA:2,7
DA:3,7
DA:4,7
LF:3
LH:3
BRF:0
BRH:0
end_of_record
TN:
SF:source/CaffeineMc/Tools.js
FN:3,(anonymous_0)
FN:11,(anonymous_1)
FN:13,(anonymous_2)
FN:19,(anonymous_3)
FN:22,(anonymous_4)
FN:25,(anonymous_5)
FN:30,(anonymous_6)
FN:32,(anonymous_7)
FN:34,(anonymous_8)
FN:42,(anonymous_9)
FN:48,(anonymous_10)
FNF:11
FNH:7
FNDA:7,(anonymous_0)
FNDA:7,(anonymous_1)
FNDA:7,(anonymous_2)
FNDA:0,(anonymous_3)
FNDA:22,(anonymous_4)
FNDA:0,(anonymous_5)
FNDA:13,(anonymous_6)
FNDA:13,(anonymous_7)
FNDA:13,(anonymous_8)
FNDA:0,(anonymous_9)
FNDA:0,(anonymous_10)
DA:2,7
DA:3,7
DA:4,7
DA:13,7
DA:18,7
DA:19,7
DA:20,0
DA:22,7
DA:23,22
DA:25,7
DA:26,0
DA:30,7
DA:32,13
DA:33,13
DA:34,13
DA:35,13
DA:38,0
DA:39,0
DA:40,0
DA:41,0
DA:42,0
DA:43,0
DA:48,7
DA:49,0
DA:50,0
DA:52,0
DA:53,0
LF:27
LH:15
BRDA:26,0,0,0
BRDA:26,0,1,0
BRDA:48,1,0,0
BRDA:49,2,0,0
BRDA:49,2,1,0
BRDA:53,3,0,0
BRDA:53,3,1,0
BRDA:55,4,0,0
BRDA:55,4,1,0
BRDA:55,5,0,0
BRDA:55,5,1,0
BRDA:56,6,0,0
BRDA:56,6,1,0
BRF:13
BRH:0
end_of_record
TN:
SF:source/CaffeineMc/WorkingCache.js
FN:3,(anonymous_0)
FN:7,(anonymous_1)
FN:18,(anonymous_2)
FN:23,(anonymous_3)
FN:26,(anonymous_4)
FN:30,(anonymous_5)
FN:36,(anonymous_6)
FN:37,(anonymous_7)
FNF:8
FNH:8
FNDA:7,(anonymous_0)
FNDA:7,(anonymous_1)
FNDA:30,(anonymous_2)
FNDA:60,(anonymous_3)
FNDA:543,(anonymous_4)
FNDA:435,(anonymous_5)
FNDA:28,(anonymous_6)
FNDA:543,(anonymous_7)
DA:2,7
DA:3,7
DA:4,7
DA:14,7
DA:15,7
DA:16,7
DA:17,7
DA:19,30
DA:24,60
DA:28,543
DA:32,435
DA:37,28
DA:39,543
LF:13
LH:13
BRDA:19,0,0,30
BRDA:19,0,1,0
BRDA:28,1,0,543
BRDA:28,1,1,448
BRDA:32,2,0,340
BRDA:32,2,1,95
BRDA:39,3,0,108
BRDA:39,3,1,435
BRF:8
BRH:7
end_of_record
TN:
SF:source/CaffeineMc/index.js
FNF:0
FNH:0
DA:4,7
DA:23,7
LF:2
LH:2
BRF:0
BRH:0
end_of_record
TN:
SF:source/CaffeineMc/namespace.js
FNF:0
FNH:0
DA:4,7
DA:9,7
LF:2
LH:2
BRF:0
BRH:0
end_of_record
TN:
SF:source/CaffeineMc/Compilers/JavaScript.js
FN:2,(anonymous_0)
FN:4,(anonymous_1)
FN:4,ctor
FN:7,(anonymous_3)
FN:10,JavaScript
FN:14,(anonymous_5)
FNF:6
FNH:5
FNDA:7,(anonymous_0)
FNDA:7,(anonymous_1)
FNDA:7,ctor
FNDA:7,(anonymous_3)
FNDA:0,JavaScript
FNDA:4,(anonymous_5)
DA:2,7
DA:4,469
DA:5,7
DA:7,7
DA:8,7
DA:11,0
DA:14,7
DA:15,4
DA:22,7
LF:9
LH:8
BRDA:4,0,0,455
BRDA:4,0,1,14
BRF:2
BRH:2
end_of_record
TN:
SF:source/CaffeineMc/Compilers/index.js
FNF:0
FNH:0
DA:4,7
LF:1
LH:1
BRF:0
BRH:0
end_of_record
TN:
SF:source/CaffeineMc/Compilers/namespace.js
FNF:0
FNH:0
DA:4,7
LF:1
LH:1
BRF:0
BRH:0
end_of_record
TN:
SF:source/test/CaffeineMcTestHelper.js
FN:3,(anonymous_0)
FN:20,(anonymous_1)
FN:33,(anonymous_2)
FN:35,(anonymous_3)
FN:36,(anonymous_4)
FN:60,(anonymous_5)
FN:65,(anonymous_6)
FNF:7
FNH:7
FNDA:3,(anonymous_0)
FNDA:3,(anonymous_1)
FNDA:3,(anonymous_2)
FNDA:28,(anonymous_3)
FNDA:24,(anonymous_4)
FNDA:22,(anonymous_5)
FNDA:22,(anonymous_6)
DA:2,3
DA:3,3
DA:4,3
DA:31,3
DA:34,3
DA:35,28
DA:36,3
DA:37,24
DA:38,24
DA:39,24
DA:41,3
DA:60,3
DA:61,22
DA:62,22
DA:63,22
DA:65,22
DA:66,3
LF:17
LH:17
BRF:0
BRH:0
end_of_record
TN:
SF:source/test/StandardImport.js
FN:3,(anonymous_0)
FNF:1
FNH:1
FNDA:5,(anonymous_0)
DA:2,5
DA:3,5
DA:4,5
LF:3
LH:3
BRF:0
BRH:0
end_of_record
TN:
SF:source/test/TestCompiler.js
FN:2,(anonymous_0)
FNF:1
FNH:1
FNDA:2,(anonymous_0)
DA:1,1
DA:2,2
LF:2
LH:2
BRF:0
BRH:0
end_of_record
TN:
SF:source/test/index.js
FNF:0
FNH:0
DA:4,0
LF:1
LH:0
BRF:0
BRH:0
end_of_record
TN:
SF:source/test/namespace.js
FNF:0
FNH:0
DA:4,0
LF:1
LH:0
BRF:0
BRH:0
end_of_record
